<?xml version="1.0" encoding="UTF-8"?>
<coverage generated="1580929795776" clover="3.2.0">
  <project timestamp="1580929795777" name="All files">
    <metrics statements="2223" coveredstatements="1313" conditionals="1089" coveredconditionals="512" methods="261" coveredmethods="153" elements="3573" coveredelements="1978" complexity="0" loc="2223" ncloc="2223" packages="12" files="15" classes="15"/>
    <package name="src">
      <metrics statements="84" coveredstatements="29" conditionals="48" coveredconditionals="4" methods="13" coveredmethods="2"/>
      <file name="index.ts" path="/Users/maggiebrewster/WebstormProjects/untitled2/druid-query-toolkit/src/index.ts">
        <metrics statements="3" coveredstatements="3" conditionals="0" coveredconditionals="0" methods="0" coveredmethods="0"/>
        <line num="15" count="5" type="stmt"/>
        <line num="16" count="5" type="stmt"/>
        <line num="17" count="5" type="stmt"/>
      </file>
      <file name="test-utils.ts" path="/Users/maggiebrewster/WebstormProjects/untitled2/druid-query-toolkit/src/test-utils.ts">
        <metrics statements="1" coveredstatements="1" conditionals="0" coveredconditionals="0" methods="0" coveredmethods="0"/>
        <line num="15" count="7" type="stmt"/>
      </file>
      <file name="utils.ts" path="/Users/maggiebrewster/WebstormProjects/untitled2/druid-query-toolkit/src/utils.ts">
        <metrics statements="80" coveredstatements="25" conditionals="48" coveredconditionals="4" methods="13" coveredmethods="2"/>
        <line num="14" count="7" type="stmt"/>
        <line num="15" count="0" type="cond" truecount="0" falsecount="2"/>
        <line num="18" count="7" type="stmt"/>
        <line num="19" count="0" type="cond" truecount="0" falsecount="2"/>
        <line num="23" count="0" type="cond" truecount="0" falsecount="2"/>
        <line num="26" count="7" type="stmt"/>
        <line num="27" count="1044" type="stmt"/>
        <line num="28" count="1044" type="stmt"/>
        <line num="29" count="1044" type="stmt"/>
        <line num="30" count="1566" type="stmt"/>
        <line num="31" count="1566" type="cond" truecount="1" falsecount="1"/>
        <line num="32" count="0" type="stmt"/>
        <line num="33" count="0" type="stmt"/>
        <line num="34" count="0" type="stmt"/>
        <line num="37" count="1566" type="stmt"/>
        <line num="38" count="1566" type="cond" truecount="1" falsecount="1"/>
        <line num="39" count="1566" type="stmt"/>
        <line num="40" count="1566" type="stmt"/>
        <line num="41" count="1566" type="stmt"/>
        <line num="44" count="0" type="stmt"/>
        <line num="47" count="1044" type="stmt"/>
        <line num="50" count="7" type="stmt"/>
        <line num="51" count="0" type="cond" truecount="0" falsecount="2"/>
        <line num="55" count="0" type="cond" truecount="0" falsecount="2"/>
        <line num="58" count="7" type="stmt"/>
        <line num="59" count="1044" type="stmt"/>
        <line num="60" count="2088" type="stmt"/>
        <line num="61" count="1566" type="cond" truecount="2" falsecount="0"/>
        <line num="63" count="1044" type="stmt"/>
        <line num="66" count="7" type="stmt"/>
        <line num="67" count="0" type="stmt"/>
        <line num="68" count="0" type="stmt"/>
        <line num="69" count="0" type="stmt"/>
        <line num="70" count="0" type="cond" truecount="0" falsecount="4"/>
        <line num="71" count="0" type="cond" truecount="0" falsecount="2"/>
        <line num="72" count="0" type="stmt"/>
        <line num="73" count="0" type="stmt"/>
        <line num="74" count="0" type="cond" truecount="0" falsecount="4"/>
        <line num="76" count="0" type="stmt"/>
        <line num="78" count="0" type="stmt"/>
        <line num="81" count="7" type="stmt"/>
        <line num="82" count="0" type="stmt"/>
        <line num="83" count="0" type="stmt"/>
        <line num="84" count="0" type="stmt"/>
        <line num="85" count="0" type="cond" truecount="0" falsecount="2"/>
        <line num="86" count="0" type="stmt"/>
        <line num="87" count="0" type="cond" truecount="0" falsecount="2"/>
        <line num="88" count="0" type="stmt"/>
        <line num="89" count="0" type="stmt"/>
        <line num="91" count="0" type="cond" truecount="0" falsecount="2"/>
        <line num="92" count="0" type="stmt"/>
        <line num="94" count="0" type="stmt"/>
        <line num="97" count="0" type="stmt"/>
        <line num="100" count="0" type="cond" truecount="0" falsecount="4"/>
        <line num="101" count="0" type="stmt"/>
        <line num="103" count="0" type="stmt"/>
        <line num="106" count="0" type="stmt"/>
        <line num="109" count="7" type="stmt"/>
        <line num="114" count="0" type="stmt"/>
        <line num="115" count="0" type="stmt"/>
        <line num="116" count="0" type="stmt"/>
        <line num="119" count="7" type="stmt"/>
        <line num="120" count="0" type="cond" truecount="0" falsecount="2"/>
        <line num="121" count="0" type="cond" truecount="0" falsecount="2"/>
        <line num="123" count="0" type="stmt"/>
        <line num="124" count="0" type="stmt"/>
        <line num="125" count="0" type="stmt"/>
        <line num="126" count="0" type="stmt"/>
        <line num="127" count="0" type="cond" truecount="0" falsecount="2"/>
        <line num="128" count="0" type="stmt"/>
        <line num="130" count="0" type="cond" truecount="0" falsecount="4"/>
        <line num="131" count="0" type="stmt"/>
        <line num="133" count="0" type="stmt"/>
        <line num="138" count="0" type="stmt"/>
        <line num="141" count="7" type="stmt"/>
        <line num="142" count="0" type="stmt"/>
        <line num="143" count="0" type="stmt"/>
        <line num="144" count="0" type="cond" truecount="0" falsecount="2"/>
        <line num="145" count="0" type="stmt"/>
        <line num="148" count="0" type="stmt"/>
      </file>
    </package>
    <package name="src.parser">
      <metrics statements="1850" coveredstatements="1023" conditionals="885" coveredconditionals="395" methods="167" coveredmethods="81"/>
      <file name="druidsql.js" path="/Users/maggiebrewster/WebstormProjects/untitled2/druid-query-toolkit/src/parser/druidsql.js">
        <metrics statements="1850" coveredstatements="1023" conditionals="885" coveredconditionals="395" methods="167" coveredmethods="81"/>
        <line num="2" count="7" type="stmt"/>
        <line num="3" count="7" type="stmt"/>
        <line num="4" count="7" type="stmt"/>
        <line num="13" count="7" type="stmt"/>
        <line num="17" count="7" type="stmt"/>
        <line num="18" count="7" type="stmt"/>
        <line num="19" count="7" type="stmt"/>
        <line num="23" count="0" type="stmt"/>
        <line num="24" count="0" type="stmt"/>
        <line num="25" count="0" type="stmt"/>
        <line num="26" count="0" type="stmt"/>
        <line num="27" count="0" type="stmt"/>
        <line num="29" count="0" type="cond" truecount="0" falsecount="2"/>
        <line num="30" count="0" type="stmt"/>
        <line num="34" count="7" type="stmt"/>
        <line num="36" count="7" type="stmt"/>
        <line num="37" count="0" type="stmt"/>
        <line num="39" count="0" type="stmt"/>
        <line num="43" count="0" type="stmt"/>
        <line num="46" count="0" type="stmt"/>
        <line num="47" count="0" type="cond" truecount="0" falsecount="2"/>
        <line num="52" count="0" type="cond" truecount="0" falsecount="2"/>
        <line num="56" count="0" type="stmt"/>
        <line num="60" count="0" type="stmt"/>
        <line num="64" count="0" type="stmt"/>
        <line num="69" count="0" type="stmt"/>
        <line num="73" count="0" type="stmt"/>
        <line num="80" count="0" type="stmt"/>
        <line num="81" count="0" type="stmt"/>
        <line num="85" count="0" type="stmt"/>
        <line num="94" count="0" type="stmt"/>
        <line num="95" count="0" type="stmt"/>
        <line num="99" count="0" type="stmt"/>
        <line num="103" count="0" type="stmt"/>
        <line num="106" count="0" type="stmt"/>
        <line num="107" count="0" type="stmt"/>
        <line num="110" count="0" type="stmt"/>
        <line num="112" count="0" type="cond" truecount="0" falsecount="2"/>
        <line num="113" count="0" type="stmt"/>
        <line num="114" count="0" type="cond" truecount="0" falsecount="2"/>
        <line num="115" count="0" type="stmt"/>
        <line num="116" count="0" type="stmt"/>
        <line num="119" count="0" type="stmt"/>
        <line num="122" count="0" type="cond" truecount="0" falsecount="3"/>
        <line num="124" count="0" type="stmt"/>
        <line num="127" count="0" type="stmt"/>
        <line num="130" count="0" type="stmt"/>
        <line num="137" count="0" type="cond" truecount="0" falsecount="2"/>
        <line num="140" count="0" type="stmt"/>
        <line num="144" count="126" type="cond" truecount="1" falsecount="1"/>
        <line num="146" count="126" type="stmt"/>
        <line num="148" count="126" type="stmt"/>
        <line num="149" count="126" type="stmt"/>
        <line num="151" count="126" type="stmt"/>
        <line num="152" count="0" type="stmt"/>
        <line num="156" count="126" type="stmt"/>
        <line num="157" count="126" type="stmt"/>
        <line num="158" count="126" type="stmt"/>
        <line num="159" count="0" type="stmt"/>
        <line num="165" count="126" type="stmt"/>
        <line num="166" count="0" type="stmt"/>
        <line num="171" count="126" type="stmt"/>
        <line num="172" count="0" type="stmt"/>
        <line num="177" count="126" type="stmt"/>
        <line num="178" count="0" type="stmt"/>
        <line num="183" count="126" type="stmt"/>
        <line num="184" count="0" type="stmt"/>
        <line num="189" count="126" type="stmt"/>
        <line num="190" count="126" type="stmt"/>
        <line num="191" count="126" type="stmt"/>
        <line num="192" count="0" type="stmt"/>
        <line num="197" count="126" type="stmt"/>
        <line num="198" count="126" type="stmt"/>
        <line num="199" count="126" type="stmt"/>
        <line num="200" count="126" type="stmt"/>
        <line num="201" count="126" type="stmt"/>
        <line num="202" count="0" type="stmt"/>
        <line num="208" count="126" type="stmt"/>
        <line num="209" count="0" type="stmt"/>
        <line num="214" count="126" type="stmt"/>
        <line num="215" count="0" type="stmt"/>
        <line num="220" count="126" type="stmt"/>
        <line num="221" count="238" type="cond" truecount="2" falsecount="0"/>
        <line num="222" count="33" type="stmt"/>
        <line num="225" count="37" type="stmt"/>
        <line num="229" count="126" type="stmt"/>
        <line num="230" count="283" type="cond" truecount="2" falsecount="0"/>
        <line num="231" count="42" type="stmt"/>
        <line num="234" count="44" type="stmt"/>
        <line num="238" count="126" type="stmt"/>
        <line num="239" count="22" type="stmt"/>
        <line num="246" count="126" type="stmt"/>
        <line num="247" count="351" type="cond" truecount="2" falsecount="0"/>
        <line num="248" count="32" type="stmt"/>
        <line num="251" count="32" type="stmt"/>
        <line num="255" count="126" type="stmt"/>
        <line num="256" count="126" type="stmt"/>
        <line num="257" count="126" type="stmt"/>
        <line num="258" count="728" type="cond" truecount="2" falsecount="0"/>
        <line num="259" count="28" type="stmt"/>
        <line num="262" count="28" type="stmt"/>
        <line num="266" count="126" type="stmt"/>
        <line num="267" count="126" type="stmt"/>
        <line num="268" count="126" type="stmt"/>
        <line num="269" count="768" type="cond" truecount="2" falsecount="0"/>
        <line num="270" count="6" type="stmt"/>
        <line num="273" count="6" type="stmt"/>
        <line num="277" count="126" type="stmt"/>
        <line num="278" count="126" type="stmt"/>
        <line num="279" count="126" type="stmt"/>
        <line num="280" count="8" type="stmt"/>
        <line num="294" count="126" type="stmt"/>
        <line num="295" count="24" type="stmt"/>
        <line num="311" count="126" type="stmt"/>
        <line num="312" count="32" type="stmt"/>
        <line num="322" count="126" type="stmt"/>
        <line num="323" count="126" type="stmt"/>
        <line num="324" count="126" type="stmt"/>
        <line num="325" count="14" type="stmt"/>
        <line num="328" count="0" type="stmt"/>
        <line num="336" count="126" type="stmt"/>
        <line num="337" count="257" type="cond" truecount="2" falsecount="0"/>
        <line num="338" count="14" type="stmt"/>
        <line num="341" count="126" type="stmt"/>
        <line num="342" count="14" type="stmt"/>
        <line num="344" count="126" type="stmt"/>
        <line num="345" count="34" type="stmt"/>
        <line num="347" count="126" type="stmt"/>
        <line num="348" count="76" type="stmt"/>
        <line num="350" count="126" type="stmt"/>
        <line num="351" count="126" type="stmt"/>
        <line num="352" count="126" type="stmt"/>
        <line num="353" count="59" type="stmt"/>
        <line num="358" count="126" type="stmt"/>
        <line num="359" count="126" type="stmt"/>
        <line num="360" count="126" type="stmt"/>
        <line num="361" count="126" type="stmt"/>
        <line num="362" count="126" type="stmt"/>
        <line num="363" count="17" type="stmt"/>
        <line num="368" count="126" type="stmt"/>
        <line num="369" count="126" type="stmt"/>
        <line num="370" count="126" type="stmt"/>
        <line num="371" count="261" type="stmt"/>
        <line num="382" count="126" type="stmt"/>
        <line num="383" count="126" type="stmt"/>
        <line num="384" count="126" type="stmt"/>
        <line num="385" count="126" type="stmt"/>
        <line num="386" count="126" type="stmt"/>
        <line num="387" count="33" type="stmt"/>
        <line num="392" count="126" type="stmt"/>
        <line num="393" count="126" type="stmt"/>
        <line num="394" count="126" type="stmt"/>
        <line num="395" count="126" type="stmt"/>
        <line num="396" count="746" type="stmt"/>
        <line num="397" count="126" type="stmt"/>
        <line num="398" count="746" type="stmt"/>
        <line num="403" count="126" type="stmt"/>
        <line num="404" count="126" type="stmt"/>
        <line num="405" count="126" type="stmt"/>
        <line num="406" count="126" type="stmt"/>
        <line num="407" count="126" type="stmt"/>
        <line num="408" count="126" type="stmt"/>
        <line num="409" count="126" type="stmt"/>
        <line num="410" count="126" type="stmt"/>
        <line num="411" count="126" type="stmt"/>
        <line num="412" count="126" type="stmt"/>
        <line num="413" count="126" type="stmt"/>
        <line num="414" count="126" type="stmt"/>
        <line num="415" count="126" type="stmt"/>
        <line num="416" count="126" type="stmt"/>
        <line num="417" count="126" type="stmt"/>
        <line num="418" count="126" type="stmt"/>
        <line num="419" count="126" type="stmt"/>
        <line num="420" count="126" type="stmt"/>
        <line num="421" count="126" type="stmt"/>
        <line num="422" count="126" type="stmt"/>
        <line num="423" count="126" type="stmt"/>
        <line num="424" count="126" type="stmt"/>
        <line num="425" count="126" type="stmt"/>
        <line num="426" count="126" type="stmt"/>
        <line num="427" count="126" type="stmt"/>
        <line num="428" count="126" type="stmt"/>
        <line num="429" count="126" type="stmt"/>
        <line num="430" count="126" type="stmt"/>
        <line num="431" count="126" type="stmt"/>
        <line num="432" count="126" type="stmt"/>
        <line num="433" count="126" type="stmt"/>
        <line num="434" count="126" type="stmt"/>
        <line num="435" count="126" type="stmt"/>
        <line num="436" count="126" type="stmt"/>
        <line num="437" count="126" type="stmt"/>
        <line num="438" count="126" type="stmt"/>
        <line num="439" count="126" type="stmt"/>
        <line num="440" count="126" type="stmt"/>
        <line num="441" count="126" type="stmt"/>
        <line num="442" count="126" type="stmt"/>
        <line num="443" count="126" type="stmt"/>
        <line num="444" count="126" type="stmt"/>
        <line num="445" count="126" type="stmt"/>
        <line num="446" count="126" type="stmt"/>
        <line num="447" count="126" type="stmt"/>
        <line num="448" count="126" type="stmt"/>
        <line num="449" count="126" type="stmt"/>
        <line num="450" count="126" type="stmt"/>
        <line num="451" count="126" type="stmt"/>
        <line num="452" count="126" type="stmt"/>
        <line num="453" count="126" type="stmt"/>
        <line num="454" count="126" type="stmt"/>
        <line num="455" count="126" type="stmt"/>
        <line num="456" count="126" type="stmt"/>
        <line num="457" count="126" type="stmt"/>
        <line num="458" count="126" type="stmt"/>
        <line num="459" count="126" type="stmt"/>
        <line num="460" count="126" type="stmt"/>
        <line num="461" count="126" type="stmt"/>
        <line num="462" count="126" type="stmt"/>
        <line num="463" count="126" type="stmt"/>
        <line num="465" count="126" type="stmt"/>
        <line num="466" count="126" type="stmt"/>
        <line num="467" count="126" type="stmt"/>
        <line num="468" count="126" type="stmt"/>
        <line num="469" count="126" type="stmt"/>
        <line num="470" count="126" type="stmt"/>
        <line num="474" count="126" type="cond" truecount="1" falsecount="1"/>
        <line num="475" count="0" type="cond" truecount="0" falsecount="2"/>
        <line num="476" count="0" type="stmt"/>
        <line num="479" count="0" type="stmt"/>
        <line num="483" count="0" type="stmt"/>
        <line num="487" count="0" type="stmt"/>
        <line num="491" count="0" type="cond" truecount="0" falsecount="2"/>
        <line num="493" count="0" type="stmt"/>
        <line num="501" count="0" type="cond" truecount="0" falsecount="2"/>
        <line num="503" count="0" type="stmt"/>
        <line num="507" count="4536" type="stmt"/>
        <line num="511" count="1134" type="stmt"/>
        <line num="515" count="0" type="stmt"/>
        <line num="519" count="0" type="stmt"/>
        <line num="523" count="378" type="stmt"/>
        <line num="527" count="0" type="stmt"/>
        <line num="529" count="0" type="cond" truecount="0" falsecount="2"/>
        <line num="530" count="0" type="stmt"/>
        <line num="532" count="0" type="stmt"/>
        <line num="533" count="0" type="stmt"/>
        <line num="534" count="0" type="stmt"/>
        <line num="537" count="0" type="stmt"/>
        <line num="538" count="0" type="stmt"/>
        <line num="543" count="0" type="stmt"/>
        <line num="544" count="0" type="cond" truecount="0" falsecount="2"/>
        <line num="545" count="0" type="stmt"/>
        <line num="546" count="0" type="stmt"/>
        <line num="548" count="0" type="stmt"/>
        <line num="551" count="0" type="stmt"/>
        <line num="554" count="0" type="stmt"/>
        <line num="555" count="0" type="stmt"/>
        <line num="560" count="0" type="stmt"/>
        <line num="561" count="0" type="stmt"/>
        <line num="563" count="0" type="stmt"/>
        <line num="578" count="7437" type="cond" truecount="2" falsecount="0"/>
        <line num="580" count="6229" type="cond" truecount="2" falsecount="0"/>
        <line num="581" count="936" type="stmt"/>
        <line num="582" count="936" type="stmt"/>
        <line num="585" count="6229" type="stmt"/>
        <line num="589" count="0" type="stmt"/>
        <line num="593" count="0" type="stmt"/>
        <line num="604" count="126" type="stmt"/>
        <line num="606" count="126" type="stmt"/>
        <line num="612" count="160" type="stmt"/>
        <line num="613" count="160" type="cond" truecount="1" falsecount="1"/>
        <line num="614" count="160" type="stmt"/>
        <line num="615" count="160" type="cond" truecount="1" falsecount="1"/>
        <line num="616" count="0" type="stmt"/>
        <line num="617" count="0" type="cond" truecount="0" falsecount="2"/>
        <line num="618" count="0" type="stmt"/>
        <line num="619" count="0" type="cond" truecount="0" falsecount="2"/>
        <line num="620" count="0" type="stmt"/>
        <line num="626" count="160" type="stmt"/>
        <line num="632" count="160" type="stmt"/>
        <line num="633" count="160" type="stmt"/>
        <line num="634" count="160" type="cond" truecount="1" falsecount="1"/>
        <line num="635" count="0" type="stmt"/>
        <line num="636" count="0" type="stmt"/>
        <line num="638" count="160" type="stmt"/>
        <line num="640" count="160" type="stmt"/>
        <line num="646" count="160" type="stmt"/>
        <line num="647" count="160" type="stmt"/>
        <line num="648" count="160" type="stmt"/>
        <line num="649" count="160" type="stmt"/>
        <line num="650" count="160" type="cond" truecount="1" falsecount="1"/>
        <line num="651" count="0" type="stmt"/>
        <line num="652" count="0" type="cond" truecount="0" falsecount="2"/>
        <line num="653" count="0" type="stmt"/>
        <line num="654" count="0" type="stmt"/>
        <line num="656" count="0" type="stmt"/>
        <line num="657" count="0" type="stmt"/>
        <line num="660" count="160" type="stmt"/>
        <line num="661" count="160" type="stmt"/>
        <line num="663" count="160" type="cond" truecount="1" falsecount="1"/>
        <line num="664" count="0" type="stmt"/>
        <line num="666" count="160" type="stmt"/>
        <line num="668" count="160" type="cond" truecount="1" falsecount="1"/>
        <line num="669" count="0" type="stmt"/>
        <line num="670" count="0" type="stmt"/>
        <line num="671" count="0" type="stmt"/>
        <line num="672" count="0" type="cond" truecount="0" falsecount="2"/>
        <line num="673" count="0" type="stmt"/>
        <line num="675" count="0" type="cond" truecount="0" falsecount="2"/>
        <line num="676" count="0" type="stmt"/>
        <line num="677" count="0" type="cond" truecount="0" falsecount="2"/>
        <line num="678" count="0" type="stmt"/>
        <line num="679" count="0" type="stmt"/>
        <line num="681" count="0" type="stmt"/>
        <line num="682" count="0" type="stmt"/>
        <line num="685" count="0" type="stmt"/>
        <line num="686" count="0" type="stmt"/>
        <line num="688" count="0" type="cond" truecount="0" falsecount="2"/>
        <line num="689" count="0" type="stmt"/>
        <line num="691" count="0" type="cond" truecount="0" falsecount="2"/>
        <line num="692" count="0" type="stmt"/>
        <line num="694" count="0" type="stmt"/>
        <line num="696" count="0" type="cond" truecount="0" falsecount="2"/>
        <line num="697" count="0" type="cond" truecount="0" falsecount="2"/>
        <line num="698" count="0" type="stmt"/>
        <line num="699" count="0" type="stmt"/>
        <line num="701" count="0" type="stmt"/>
        <line num="702" count="0" type="cond" truecount="0" falsecount="2"/>
        <line num="704" count="0" type="cond" truecount="0" falsecount="2"/>
        <line num="705" count="0" type="stmt"/>
        <line num="707" count="0" type="cond" truecount="0" falsecount="2"/>
        <line num="708" count="0" type="stmt"/>
        <line num="709" count="0" type="stmt"/>
        <line num="710" count="0" type="stmt"/>
        <line num="712" count="0" type="stmt"/>
        <line num="713" count="0" type="stmt"/>
        <line num="716" count="0" type="stmt"/>
        <line num="717" count="0" type="stmt"/>
        <line num="720" count="160" type="stmt"/>
        <line num="721" count="160" type="stmt"/>
        <line num="724" count="160" type="stmt"/>
        <line num="730" count="0" type="stmt"/>
        <line num="731" count="0" type="stmt"/>
        <line num="732" count="0" type="stmt"/>
        <line num="733" count="0" type="stmt"/>
        <line num="734" count="0" type="cond" truecount="0" falsecount="2"/>
        <line num="735" count="0" type="stmt"/>
        <line num="736" count="0" type="cond" truecount="0" falsecount="2"/>
        <line num="737" count="0" type="stmt"/>
        <line num="738" count="0" type="stmt"/>
        <line num="740" count="0" type="stmt"/>
        <line num="741" count="0" type="stmt"/>
        <line num="744" count="0" type="stmt"/>
        <line num="745" count="0" type="stmt"/>
        <line num="747" count="0" type="cond" truecount="0" falsecount="2"/>
        <line num="748" count="0" type="stmt"/>
        <line num="750" count="0" type="stmt"/>
        <line num="752" count="0" type="cond" truecount="0" falsecount="2"/>
        <line num="753" count="0" type="stmt"/>
        <line num="754" count="0" type="cond" truecount="0" falsecount="2"/>
        <line num="755" count="0" type="stmt"/>
        <line num="756" count="0" type="stmt"/>
        <line num="757" count="0" type="stmt"/>
        <line num="759" count="0" type="stmt"/>
        <line num="760" count="0" type="stmt"/>
        <line num="763" count="0" type="stmt"/>
        <line num="764" count="0" type="stmt"/>
        <line num="767" count="0" type="stmt"/>
        <line num="773" count="0" type="stmt"/>
        <line num="774" count="0" type="stmt"/>
        <line num="775" count="0" type="stmt"/>
        <line num="776" count="0" type="stmt"/>
        <line num="777" count="0" type="cond" truecount="0" falsecount="2"/>
        <line num="778" count="0" type="stmt"/>
        <line num="779" count="0" type="cond" truecount="0" falsecount="2"/>
        <line num="780" count="0" type="stmt"/>
        <line num="781" count="0" type="stmt"/>
        <line num="783" count="0" type="stmt"/>
        <line num="784" count="0" type="stmt"/>
        <line num="787" count="0" type="stmt"/>
        <line num="788" count="0" type="stmt"/>
        <line num="790" count="0" type="cond" truecount="0" falsecount="2"/>
        <line num="791" count="0" type="stmt"/>
        <line num="793" count="0" type="stmt"/>
        <line num="795" count="0" type="cond" truecount="0" falsecount="2"/>
        <line num="796" count="0" type="stmt"/>
        <line num="797" count="0" type="cond" truecount="0" falsecount="2"/>
        <line num="798" count="0" type="stmt"/>
        <line num="799" count="0" type="stmt"/>
        <line num="800" count="0" type="stmt"/>
        <line num="802" count="0" type="stmt"/>
        <line num="803" count="0" type="stmt"/>
        <line num="806" count="0" type="stmt"/>
        <line num="807" count="0" type="stmt"/>
        <line num="810" count="0" type="stmt"/>
        <line num="816" count="0" type="stmt"/>
        <line num="817" count="0" type="stmt"/>
        <line num="818" count="0" type="stmt"/>
        <line num="819" count="0" type="stmt"/>
        <line num="820" count="0" type="cond" truecount="0" falsecount="2"/>
        <line num="821" count="0" type="stmt"/>
        <line num="822" count="0" type="cond" truecount="0" falsecount="2"/>
        <line num="823" count="0" type="stmt"/>
        <line num="824" count="0" type="cond" truecount="0" falsecount="2"/>
        <line num="825" count="0" type="stmt"/>
        <line num="826" count="0" type="cond" truecount="0" falsecount="2"/>
        <line num="827" count="0" type="stmt"/>
        <line num="828" count="0" type="stmt"/>
        <line num="830" count="0" type="stmt"/>
        <line num="831" count="0" type="stmt"/>
        <line num="834" count="0" type="stmt"/>
        <line num="835" count="0" type="stmt"/>
        <line num="838" count="0" type="stmt"/>
        <line num="839" count="0" type="stmt"/>
        <line num="842" count="0" type="stmt"/>
        <line num="843" count="0" type="stmt"/>
        <line num="845" count="0" type="cond" truecount="0" falsecount="2"/>
        <line num="846" count="0" type="stmt"/>
        <line num="848" count="0" type="stmt"/>
        <line num="850" count="0" type="cond" truecount="0" falsecount="2"/>
        <line num="851" count="0" type="stmt"/>
        <line num="852" count="0" type="cond" truecount="0" falsecount="2"/>
        <line num="853" count="0" type="stmt"/>
        <line num="854" count="0" type="stmt"/>
        <line num="855" count="0" type="stmt"/>
        <line num="857" count="0" type="stmt"/>
        <line num="858" count="0" type="stmt"/>
        <line num="861" count="0" type="stmt"/>
        <line num="862" count="0" type="stmt"/>
        <line num="865" count="0" type="stmt"/>
        <line num="871" count="0" type="stmt"/>
        <line num="872" count="0" type="stmt"/>
        <line num="873" count="0" type="stmt"/>
        <line num="874" count="0" type="stmt"/>
        <line num="875" count="0" type="cond" truecount="0" falsecount="2"/>
        <line num="876" count="0" type="stmt"/>
        <line num="877" count="0" type="cond" truecount="0" falsecount="2"/>
        <line num="878" count="0" type="stmt"/>
        <line num="879" count="0" type="stmt"/>
        <line num="881" count="0" type="stmt"/>
        <line num="882" count="0" type="stmt"/>
        <line num="885" count="0" type="stmt"/>
        <line num="886" count="0" type="stmt"/>
        <line num="888" count="0" type="cond" truecount="0" falsecount="2"/>
        <line num="889" count="0" type="stmt"/>
        <line num="891" count="0" type="stmt"/>
        <line num="893" count="0" type="cond" truecount="0" falsecount="2"/>
        <line num="894" count="0" type="stmt"/>
        <line num="895" count="0" type="cond" truecount="0" falsecount="2"/>
        <line num="896" count="0" type="stmt"/>
        <line num="897" count="0" type="stmt"/>
        <line num="898" count="0" type="stmt"/>
        <line num="900" count="0" type="stmt"/>
        <line num="901" count="0" type="stmt"/>
        <line num="904" count="0" type="stmt"/>
        <line num="905" count="0" type="stmt"/>
        <line num="908" count="0" type="stmt"/>
        <line num="914" count="0" type="stmt"/>
        <line num="915" count="0" type="stmt"/>
        <line num="916" count="0" type="stmt"/>
        <line num="917" count="0" type="stmt"/>
        <line num="918" count="0" type="cond" truecount="0" falsecount="2"/>
        <line num="919" count="0" type="stmt"/>
        <line num="920" count="0" type="cond" truecount="0" falsecount="2"/>
        <line num="921" count="0" type="stmt"/>
        <line num="922" count="0" type="cond" truecount="0" falsecount="2"/>
        <line num="923" count="0" type="stmt"/>
        <line num="924" count="0" type="cond" truecount="0" falsecount="2"/>
        <line num="925" count="0" type="stmt"/>
        <line num="926" count="0" type="stmt"/>
        <line num="928" count="0" type="stmt"/>
        <line num="929" count="0" type="stmt"/>
        <line num="932" count="0" type="stmt"/>
        <line num="933" count="0" type="stmt"/>
        <line num="936" count="0" type="stmt"/>
        <line num="937" count="0" type="stmt"/>
        <line num="940" count="0" type="stmt"/>
        <line num="941" count="0" type="stmt"/>
        <line num="943" count="0" type="cond" truecount="0" falsecount="2"/>
        <line num="944" count="0" type="stmt"/>
        <line num="946" count="0" type="stmt"/>
        <line num="948" count="0" type="cond" truecount="0" falsecount="2"/>
        <line num="949" count="0" type="stmt"/>
        <line num="950" count="0" type="cond" truecount="0" falsecount="2"/>
        <line num="951" count="0" type="stmt"/>
        <line num="952" count="0" type="stmt"/>
        <line num="954" count="0" type="stmt"/>
        <line num="955" count="0" type="cond" truecount="0" falsecount="2"/>
        <line num="957" count="0" type="stmt"/>
        <line num="958" count="0" type="stmt"/>
        <line num="959" count="0" type="cond" truecount="0" falsecount="2"/>
        <line num="960" count="0" type="stmt"/>
        <line num="961" count="0" type="stmt"/>
        <line num="963" count="0" type="stmt"/>
        <line num="964" count="0" type="cond" truecount="0" falsecount="2"/>
        <line num="967" count="0" type="cond" truecount="0" falsecount="2"/>
        <line num="968" count="0" type="stmt"/>
        <line num="969" count="0" type="stmt"/>
        <line num="970" count="0" type="stmt"/>
        <line num="972" count="0" type="stmt"/>
        <line num="973" count="0" type="stmt"/>
        <line num="976" count="0" type="stmt"/>
        <line num="977" count="0" type="stmt"/>
        <line num="980" count="0" type="stmt"/>
        <line num="986" count="0" type="stmt"/>
        <line num="987" count="0" type="stmt"/>
        <line num="988" count="0" type="cond" truecount="0" falsecount="2"/>
        <line num="989" count="0" type="stmt"/>
        <line num="990" count="0" type="cond" truecount="0" falsecount="2"/>
        <line num="991" count="0" type="cond" truecount="0" falsecount="2"/>
        <line num="992" count="0" type="stmt"/>
        <line num="993" count="0" type="stmt"/>
        <line num="995" count="0" type="stmt"/>
        <line num="996" count="0" type="cond" truecount="0" falsecount="2"/>
        <line num="998" count="0" type="cond" truecount="0" falsecount="2"/>
        <line num="999" count="0" type="cond" truecount="0" falsecount="2"/>
        <line num="1000" count="0" type="stmt"/>
        <line num="1001" count="0" type="stmt"/>
        <line num="1003" count="0" type="stmt"/>
        <line num="1004" count="0" type="cond" truecount="0" falsecount="2"/>
        <line num="1007" count="0" type="cond" truecount="0" falsecount="2"/>
        <line num="1008" count="0" type="stmt"/>
        <line num="1009" count="0" type="stmt"/>
        <line num="1010" count="0" type="stmt"/>
        <line num="1012" count="0" type="stmt"/>
        <line num="1013" count="0" type="stmt"/>
        <line num="1016" count="0" type="stmt"/>
        <line num="1017" count="0" type="stmt"/>
        <line num="1020" count="0" type="stmt"/>
        <line num="1021" count="0" type="stmt"/>
        <line num="1024" count="0" type="stmt"/>
        <line num="1030" count="0" type="stmt"/>
        <line num="1031" count="0" type="stmt"/>
        <line num="1032" count="0" type="stmt"/>
        <line num="1033" count="0" type="stmt"/>
        <line num="1034" count="0" type="cond" truecount="0" falsecount="2"/>
        <line num="1035" count="0" type="stmt"/>
        <line num="1036" count="0" type="cond" truecount="0" falsecount="2"/>
        <line num="1037" count="0" type="stmt"/>
        <line num="1038" count="0" type="stmt"/>
        <line num="1040" count="0" type="stmt"/>
        <line num="1041" count="0" type="stmt"/>
        <line num="1044" count="0" type="stmt"/>
        <line num="1045" count="0" type="stmt"/>
        <line num="1047" count="0" type="cond" truecount="0" falsecount="2"/>
        <line num="1048" count="0" type="stmt"/>
        <line num="1050" count="0" type="stmt"/>
        <line num="1052" count="0" type="cond" truecount="0" falsecount="2"/>
        <line num="1053" count="0" type="stmt"/>
        <line num="1054" count="0" type="cond" truecount="0" falsecount="2"/>
        <line num="1055" count="0" type="stmt"/>
        <line num="1056" count="0" type="stmt"/>
        <line num="1057" count="0" type="stmt"/>
        <line num="1059" count="0" type="stmt"/>
        <line num="1060" count="0" type="stmt"/>
        <line num="1063" count="0" type="stmt"/>
        <line num="1064" count="0" type="stmt"/>
        <line num="1067" count="0" type="stmt"/>
        <line num="1073" count="0" type="stmt"/>
        <line num="1074" count="0" type="stmt"/>
        <line num="1075" count="0" type="stmt"/>
        <line num="1076" count="0" type="stmt"/>
        <line num="1077" count="0" type="cond" truecount="0" falsecount="2"/>
        <line num="1078" count="0" type="stmt"/>
        <line num="1079" count="0" type="cond" truecount="0" falsecount="2"/>
        <line num="1080" count="0" type="stmt"/>
        <line num="1081" count="0" type="cond" truecount="0" falsecount="2"/>
        <line num="1082" count="0" type="stmt"/>
        <line num="1083" count="0" type="cond" truecount="0" falsecount="2"/>
        <line num="1084" count="0" type="stmt"/>
        <line num="1085" count="0" type="stmt"/>
        <line num="1087" count="0" type="stmt"/>
        <line num="1088" count="0" type="stmt"/>
        <line num="1091" count="0" type="stmt"/>
        <line num="1092" count="0" type="stmt"/>
        <line num="1095" count="0" type="stmt"/>
        <line num="1096" count="0" type="stmt"/>
        <line num="1099" count="0" type="stmt"/>
        <line num="1100" count="0" type="stmt"/>
        <line num="1102" count="0" type="cond" truecount="0" falsecount="2"/>
        <line num="1103" count="0" type="stmt"/>
        <line num="1105" count="0" type="stmt"/>
        <line num="1107" count="0" type="cond" truecount="0" falsecount="2"/>
        <line num="1108" count="0" type="stmt"/>
        <line num="1109" count="0" type="cond" truecount="0" falsecount="2"/>
        <line num="1110" count="0" type="stmt"/>
        <line num="1111" count="0" type="stmt"/>
        <line num="1112" count="0" type="stmt"/>
        <line num="1114" count="0" type="stmt"/>
        <line num="1115" count="0" type="stmt"/>
        <line num="1118" count="0" type="stmt"/>
        <line num="1119" count="0" type="stmt"/>
        <line num="1122" count="0" type="stmt"/>
        <line num="1128" count="238" type="stmt"/>
        <line num="1129" count="238" type="cond" truecount="2" falsecount="0"/>
        <line num="1130" count="206" type="stmt"/>
        <line num="1133" count="238" type="stmt"/>
        <line num="1139" count="238" type="stmt"/>
        <line num="1140" count="238" type="stmt"/>
        <line num="1141" count="238" type="cond" truecount="1" falsecount="1"/>
        <line num="1142" count="238" type="stmt"/>
        <line num="1143" count="238" type="stmt"/>
        <line num="1144" count="238" type="stmt"/>
        <line num="1145" count="238" type="cond" truecount="2" falsecount="0"/>
        <line num="1146" count="129" type="stmt"/>
        <line num="1147" count="129" type="cond" truecount="2" falsecount="0"/>
        <line num="1148" count="33" type="stmt"/>
        <line num="1149" count="33" type="cond" truecount="1" falsecount="1"/>
        <line num="1150" count="33" type="stmt"/>
        <line num="1151" count="33" type="cond" truecount="1" falsecount="1"/>
        <line num="1152" count="33" type="stmt"/>
        <line num="1153" count="33" type="stmt"/>
        <line num="1155" count="0" type="stmt"/>
        <line num="1156" count="0" type="stmt"/>
        <line num="1159" count="0" type="stmt"/>
        <line num="1160" count="0" type="stmt"/>
        <line num="1163" count="96" type="stmt"/>
        <line num="1164" count="96" type="stmt"/>
        <line num="1167" count="109" type="stmt"/>
        <line num="1168" count="109" type="stmt"/>
        <line num="1170" count="238" type="stmt"/>
        <line num="1171" count="37" type="stmt"/>
        <line num="1172" count="37" type="stmt"/>
        <line num="1173" count="37" type="stmt"/>
        <line num="1174" count="37" type="cond" truecount="2" falsecount="0"/>
        <line num="1175" count="9" type="stmt"/>
        <line num="1176" count="9" type="cond" truecount="2" falsecount="0"/>
        <line num="1177" count="4" type="stmt"/>
        <line num="1178" count="4" type="cond" truecount="1" falsecount="1"/>
        <line num="1179" count="4" type="stmt"/>
        <line num="1180" count="4" type="cond" truecount="1" falsecount="1"/>
        <line num="1181" count="4" type="stmt"/>
        <line num="1182" count="4" type="stmt"/>
        <line num="1184" count="0" type="stmt"/>
        <line num="1185" count="0" type="stmt"/>
        <line num="1188" count="0" type="stmt"/>
        <line num="1189" count="0" type="stmt"/>
        <line num="1192" count="5" type="stmt"/>
        <line num="1193" count="5" type="stmt"/>
        <line num="1196" count="28" type="stmt"/>
        <line num="1197" count="28" type="stmt"/>
        <line num="1200" count="238" type="cond" truecount="1" falsecount="1"/>
        <line num="1201" count="238" type="stmt"/>
        <line num="1202" count="238" type="stmt"/>
        <line num="1203" count="238" type="stmt"/>
        <line num="1205" count="0" type="stmt"/>
        <line num="1206" count="0" type="stmt"/>
        <line num="1209" count="0" type="stmt"/>
        <line num="1210" count="0" type="stmt"/>
        <line num="1213" count="238" type="stmt"/>
        <line num="1219" count="283" type="stmt"/>
        <line num="1220" count="283" type="stmt"/>
        <line num="1221" count="283" type="cond" truecount="1" falsecount="1"/>
        <line num="1222" count="283" type="stmt"/>
        <line num="1223" count="283" type="stmt"/>
        <line num="1224" count="283" type="stmt"/>
        <line num="1225" count="283" type="cond" truecount="2" falsecount="0"/>
        <line num="1226" count="168" type="stmt"/>
        <line num="1227" count="168" type="cond" truecount="2" falsecount="0"/>
        <line num="1228" count="42" type="stmt"/>
        <line num="1229" count="42" type="cond" truecount="1" falsecount="1"/>
        <line num="1230" count="42" type="stmt"/>
        <line num="1231" count="42" type="cond" truecount="1" falsecount="1"/>
        <line num="1232" count="42" type="stmt"/>
        <line num="1233" count="42" type="stmt"/>
        <line num="1235" count="0" type="stmt"/>
        <line num="1236" count="0" type="stmt"/>
        <line num="1239" count="0" type="stmt"/>
        <line num="1240" count="0" type="stmt"/>
        <line num="1243" count="126" type="stmt"/>
        <line num="1244" count="126" type="stmt"/>
        <line num="1247" count="115" type="stmt"/>
        <line num="1248" count="115" type="stmt"/>
        <line num="1250" count="283" type="stmt"/>
        <line num="1251" count="44" type="stmt"/>
        <line num="1252" count="44" type="stmt"/>
        <line num="1253" count="44" type="stmt"/>
        <line num="1254" count="44" type="cond" truecount="2" falsecount="0"/>
        <line num="1255" count="14" type="stmt"/>
        <line num="1256" count="14" type="cond" truecount="2" falsecount="0"/>
        <line num="1257" count="2" type="stmt"/>
        <line num="1258" count="2" type="cond" truecount="1" falsecount="1"/>
        <line num="1259" count="2" type="stmt"/>
        <line num="1260" count="2" type="cond" truecount="1" falsecount="1"/>
        <line num="1261" count="2" type="stmt"/>
        <line num="1262" count="2" type="stmt"/>
        <line num="1264" count="0" type="stmt"/>
        <line num="1265" count="0" type="stmt"/>
        <line num="1268" count="0" type="stmt"/>
        <line num="1269" count="0" type="stmt"/>
        <line num="1272" count="12" type="stmt"/>
        <line num="1273" count="12" type="stmt"/>
        <line num="1276" count="30" type="stmt"/>
        <line num="1277" count="30" type="stmt"/>
        <line num="1280" count="283" type="cond" truecount="1" falsecount="1"/>
        <line num="1281" count="283" type="stmt"/>
        <line num="1282" count="283" type="stmt"/>
        <line num="1283" count="283" type="stmt"/>
        <line num="1285" count="0" type="stmt"/>
        <line num="1286" count="0" type="stmt"/>
        <line num="1289" count="0" type="stmt"/>
        <line num="1290" count="0" type="stmt"/>
        <line num="1293" count="283" type="stmt"/>
        <line num="1299" count="349" type="stmt"/>
        <line num="1300" count="349" type="stmt"/>
        <line num="1301" count="349" type="cond" truecount="2" falsecount="0"/>
        <line num="1302" count="22" type="stmt"/>
        <line num="1303" count="22" type="cond" truecount="1" falsecount="1"/>
        <line num="1304" count="22" type="stmt"/>
        <line num="1305" count="22" type="cond" truecount="1" falsecount="1"/>
        <line num="1306" count="0" type="stmt"/>
        <line num="1308" count="22" type="cond" truecount="1" falsecount="1"/>
        <line num="1309" count="22" type="stmt"/>
        <line num="1310" count="22" type="stmt"/>
        <line num="1311" count="22" type="stmt"/>
        <line num="1313" count="0" type="stmt"/>
        <line num="1314" count="0" type="stmt"/>
        <line num="1317" count="0" type="stmt"/>
        <line num="1318" count="0" type="stmt"/>
        <line num="1321" count="327" type="stmt"/>
        <line num="1322" count="327" type="stmt"/>
        <line num="1324" count="349" type="cond" truecount="2" falsecount="0"/>
        <line num="1325" count="327" type="stmt"/>
        <line num="1328" count="349" type="stmt"/>
        <line num="1334" count="351" type="stmt"/>
        <line num="1335" count="351" type="stmt"/>
        <line num="1336" count="351" type="cond" truecount="1" falsecount="1"/>
        <line num="1337" count="351" type="stmt"/>
        <line num="1338" count="351" type="stmt"/>
        <line num="1339" count="351" type="stmt"/>
        <line num="1340" count="351" type="cond" truecount="2" falsecount="0"/>
        <line num="1341" count="214" type="stmt"/>
        <line num="1342" count="214" type="cond" truecount="2" falsecount="0"/>
        <line num="1343" count="24" type="stmt"/>
        <line num="1344" count="24" type="cond" truecount="1" falsecount="1"/>
        <line num="1345" count="24" type="stmt"/>
        <line num="1346" count="24" type="cond" truecount="1" falsecount="1"/>
        <line num="1347" count="0" type="stmt"/>
        <line num="1349" count="24" type="cond" truecount="1" falsecount="1"/>
        <line num="1350" count="24" type="stmt"/>
        <line num="1351" count="24" type="stmt"/>
        <line num="1353" count="0" type="stmt"/>
        <line num="1354" count="0" type="stmt"/>
        <line num="1357" count="0" type="stmt"/>
        <line num="1358" count="0" type="stmt"/>
        <line num="1361" count="190" type="stmt"/>
        <line num="1362" count="190" type="stmt"/>
        <line num="1365" count="137" type="stmt"/>
        <line num="1366" count="137" type="stmt"/>
        <line num="1368" count="351" type="cond" truecount="2" falsecount="0"/>
        <line num="1369" count="327" type="stmt"/>
        <line num="1370" count="327" type="stmt"/>
        <line num="1371" count="327" type="cond" truecount="2" falsecount="0"/>
        <line num="1372" count="190" type="stmt"/>
        <line num="1373" count="190" type="cond" truecount="2" falsecount="0"/>
        <line num="1374" count="8" type="stmt"/>
        <line num="1375" count="8" type="cond" truecount="1" falsecount="1"/>
        <line num="1376" count="8" type="stmt"/>
        <line num="1377" count="8" type="cond" truecount="1" falsecount="1"/>
        <line num="1378" count="0" type="stmt"/>
        <line num="1380" count="8" type="cond" truecount="1" falsecount="1"/>
        <line num="1381" count="8" type="stmt"/>
        <line num="1382" count="8" type="stmt"/>
        <line num="1384" count="0" type="stmt"/>
        <line num="1385" count="0" type="stmt"/>
        <line num="1388" count="0" type="stmt"/>
        <line num="1389" count="0" type="stmt"/>
        <line num="1392" count="182" type="stmt"/>
        <line num="1393" count="182" type="stmt"/>
        <line num="1396" count="137" type="stmt"/>
        <line num="1397" count="137" type="stmt"/>
        <line num="1400" count="351" type="stmt"/>
        <line num="1401" count="32" type="stmt"/>
        <line num="1402" count="32" type="stmt"/>
        <line num="1403" count="32" type="stmt"/>
        <line num="1404" count="32" type="cond" truecount="2" falsecount="0"/>
        <line num="1405" count="6" type="stmt"/>
        <line num="1406" count="6" type="cond" truecount="1" falsecount="1"/>
        <line num="1407" count="0" type="stmt"/>
        <line num="1408" count="0" type="cond" truecount="0" falsecount="2"/>
        <line num="1409" count="0" type="stmt"/>
        <line num="1410" count="0" type="cond" truecount="0" falsecount="2"/>
        <line num="1411" count="0" type="stmt"/>
        <line num="1413" count="0" type="cond" truecount="0" falsecount="2"/>
        <line num="1414" count="0" type="stmt"/>
        <line num="1415" count="0" type="stmt"/>
        <line num="1417" count="0" type="stmt"/>
        <line num="1418" count="0" type="stmt"/>
        <line num="1421" count="0" type="stmt"/>
        <line num="1422" count="0" type="stmt"/>
        <line num="1425" count="6" type="stmt"/>
        <line num="1426" count="6" type="stmt"/>
        <line num="1429" count="26" type="stmt"/>
        <line num="1430" count="26" type="stmt"/>
        <line num="1432" count="32" type="cond" truecount="1" falsecount="1"/>
        <line num="1433" count="32" type="stmt"/>
        <line num="1434" count="32" type="stmt"/>
        <line num="1435" count="32" type="cond" truecount="2" falsecount="0"/>
        <line num="1436" count="6" type="stmt"/>
        <line num="1437" count="6" type="cond" truecount="1" falsecount="1"/>
        <line num="1438" count="0" type="stmt"/>
        <line num="1439" count="0" type="cond" truecount="0" falsecount="2"/>
        <line num="1440" count="0" type="stmt"/>
        <line num="1441" count="0" type="cond" truecount="0" falsecount="2"/>
        <line num="1442" count="0" type="stmt"/>
        <line num="1444" count="0" type="cond" truecount="0" falsecount="2"/>
        <line num="1445" count="0" type="stmt"/>
        <line num="1446" count="0" type="stmt"/>
        <line num="1448" count="0" type="stmt"/>
        <line num="1449" count="0" type="stmt"/>
        <line num="1452" count="0" type="stmt"/>
        <line num="1453" count="0" type="stmt"/>
        <line num="1456" count="6" type="stmt"/>
        <line num="1457" count="6" type="stmt"/>
        <line num="1460" count="26" type="stmt"/>
        <line num="1461" count="26" type="stmt"/>
        <line num="1465" count="351" type="cond" truecount="1" falsecount="1"/>
        <line num="1466" count="351" type="stmt"/>
        <line num="1467" count="351" type="stmt"/>
        <line num="1468" count="351" type="stmt"/>
        <line num="1470" count="0" type="stmt"/>
        <line num="1471" count="0" type="stmt"/>
        <line num="1474" count="0" type="stmt"/>
        <line num="1475" count="0" type="stmt"/>
        <line num="1478" count="351" type="stmt"/>
        <line num="1484" count="351" type="stmt"/>
        <line num="1485" count="351" type="stmt"/>
        <line num="1486" count="351" type="cond" truecount="1" falsecount="1"/>
        <line num="1487" count="351" type="stmt"/>
        <line num="1488" count="351" type="stmt"/>
        <line num="1489" count="351" type="stmt"/>
        <line num="1490" count="351" type="cond" truecount="2" falsecount="0"/>
        <line num="1491" count="234" type="cond" truecount="2" falsecount="0"/>
        <line num="1492" count="26" type="stmt"/>
        <line num="1493" count="26" type="stmt"/>
        <line num="1495" count="208" type="stmt"/>
        <line num="1496" count="208" type="cond" truecount="1" falsecount="1"/>
        <line num="1498" count="234" type="cond" truecount="2" falsecount="0"/>
        <line num="1499" count="26" type="stmt"/>
        <line num="1500" count="26" type="cond" truecount="1" falsecount="1"/>
        <line num="1501" count="26" type="stmt"/>
        <line num="1502" count="26" type="cond" truecount="1" falsecount="1"/>
        <line num="1503" count="26" type="stmt"/>
        <line num="1504" count="26" type="stmt"/>
        <line num="1506" count="0" type="stmt"/>
        <line num="1507" count="0" type="stmt"/>
        <line num="1510" count="0" type="stmt"/>
        <line num="1511" count="0" type="stmt"/>
        <line num="1514" count="208" type="stmt"/>
        <line num="1515" count="208" type="stmt"/>
        <line num="1518" count="117" type="stmt"/>
        <line num="1519" count="117" type="stmt"/>
        <line num="1521" count="351" type="stmt"/>
        <line num="1522" count="26" type="stmt"/>
        <line num="1523" count="26" type="stmt"/>
        <line num="1524" count="26" type="stmt"/>
        <line num="1525" count="26" type="cond" truecount="2" falsecount="0"/>
        <line num="1526" count="6" type="cond" truecount="1" falsecount="1"/>
        <line num="1527" count="0" type="stmt"/>
        <line num="1528" count="0" type="stmt"/>
        <line num="1530" count="6" type="stmt"/>
        <line num="1531" count="6" type="cond" truecount="1" falsecount="1"/>
        <line num="1533" count="6" type="cond" truecount="1" falsecount="1"/>
        <line num="1534" count="0" type="stmt"/>
        <line num="1535" count="0" type="cond" truecount="0" falsecount="2"/>
        <line num="1536" count="0" type="stmt"/>
        <line num="1537" count="0" type="cond" truecount="0" falsecount="2"/>
        <line num="1538" count="0" type="stmt"/>
        <line num="1539" count="0" type="stmt"/>
        <line num="1541" count="0" type="stmt"/>
        <line num="1542" count="0" type="stmt"/>
        <line num="1545" count="0" type="stmt"/>
        <line num="1546" count="0" type="stmt"/>
        <line num="1549" count="6" type="stmt"/>
        <line num="1550" count="6" type="stmt"/>
        <line num="1553" count="20" type="stmt"/>
        <line num="1554" count="20" type="stmt"/>
        <line num="1557" count="351" type="cond" truecount="1" falsecount="1"/>
        <line num="1558" count="351" type="stmt"/>
        <line num="1559" count="351" type="stmt"/>
        <line num="1560" count="351" type="stmt"/>
        <line num="1562" count="0" type="stmt"/>
        <line num="1563" count="0" type="stmt"/>
        <line num="1566" count="0" type="stmt"/>
        <line num="1567" count="0" type="stmt"/>
        <line num="1570" count="351" type="stmt"/>
        <line num="1576" count="377" type="stmt"/>
        <line num="1577" count="377" type="stmt"/>
        <line num="1578" count="377" type="cond" truecount="1" falsecount="1"/>
        <line num="1579" count="377" type="stmt"/>
        <line num="1580" count="377" type="stmt"/>
        <line num="1581" count="377" type="stmt"/>
        <line num="1582" count="377" type="cond" truecount="2" falsecount="0"/>
        <line num="1583" count="242" type="cond" truecount="2" falsecount="0"/>
        <line num="1584" count="2" type="stmt"/>
        <line num="1585" count="2" type="stmt"/>
        <line num="1587" count="240" type="stmt"/>
        <line num="1588" count="240" type="cond" truecount="1" falsecount="1"/>
        <line num="1590" count="242" type="cond" truecount="2" falsecount="0"/>
        <line num="1591" count="2" type="stmt"/>
        <line num="1592" count="2" type="cond" truecount="1" falsecount="1"/>
        <line num="1593" count="2" type="stmt"/>
        <line num="1594" count="2" type="cond" truecount="1" falsecount="1"/>
        <line num="1595" count="2" type="stmt"/>
        <line num="1596" count="2" type="stmt"/>
        <line num="1598" count="0" type="stmt"/>
        <line num="1599" count="0" type="stmt"/>
        <line num="1602" count="0" type="stmt"/>
        <line num="1603" count="0" type="stmt"/>
        <line num="1606" count="240" type="stmt"/>
        <line num="1607" count="240" type="stmt"/>
        <line num="1610" count="135" type="stmt"/>
        <line num="1611" count="135" type="stmt"/>
        <line num="1613" count="377" type="stmt"/>
        <line num="1614" count="2" type="stmt"/>
        <line num="1615" count="2" type="stmt"/>
        <line num="1616" count="2" type="stmt"/>
        <line num="1617" count="2" type="cond" truecount="1" falsecount="1"/>
        <line num="1618" count="0" type="cond" truecount="0" falsecount="2"/>
        <line num="1619" count="0" type="stmt"/>
        <line num="1620" count="0" type="stmt"/>
        <line num="1622" count="0" type="stmt"/>
        <line num="1623" count="0" type="cond" truecount="0" falsecount="2"/>
        <line num="1625" count="0" type="cond" truecount="0" falsecount="2"/>
        <line num="1626" count="0" type="stmt"/>
        <line num="1627" count="0" type="cond" truecount="0" falsecount="2"/>
        <line num="1628" count="0" type="stmt"/>
        <line num="1629" count="0" type="cond" truecount="0" falsecount="2"/>
        <line num="1630" count="0" type="stmt"/>
        <line num="1631" count="0" type="stmt"/>
        <line num="1633" count="0" type="stmt"/>
        <line num="1634" count="0" type="stmt"/>
        <line num="1637" count="0" type="stmt"/>
        <line num="1638" count="0" type="stmt"/>
        <line num="1641" count="0" type="stmt"/>
        <line num="1642" count="0" type="stmt"/>
        <line num="1645" count="2" type="stmt"/>
        <line num="1646" count="2" type="stmt"/>
        <line num="1649" count="377" type="cond" truecount="1" falsecount="1"/>
        <line num="1650" count="377" type="stmt"/>
        <line num="1651" count="377" type="stmt"/>
        <line num="1652" count="377" type="stmt"/>
        <line num="1654" count="0" type="stmt"/>
        <line num="1655" count="0" type="stmt"/>
        <line num="1658" count="0" type="stmt"/>
        <line num="1659" count="0" type="stmt"/>
        <line num="1662" count="377" type="stmt"/>
        <line num="1668" count="383" type="stmt"/>
        <line num="1669" count="383" type="stmt"/>
        <line num="1670" count="383" type="cond" truecount="1" falsecount="1"/>
        <line num="1671" count="383" type="stmt"/>
        <line num="1672" count="383" type="stmt"/>
        <line num="1673" count="383" type="stmt"/>
        <line num="1674" count="383" type="cond" truecount="2" falsecount="0"/>
        <line num="1675" count="246" type="cond" truecount="2" falsecount="0"/>
        <line num="1676" count="4" type="stmt"/>
        <line num="1677" count="4" type="stmt"/>
        <line num="1679" count="242" type="stmt"/>
        <line num="1680" count="242" type="cond" truecount="1" falsecount="1"/>
        <line num="1682" count="246" type="cond" truecount="2" falsecount="0"/>
        <line num="1683" count="4" type="stmt"/>
        <line num="1684" count="4" type="cond" truecount="1" falsecount="1"/>
        <line num="1685" count="4" type="stmt"/>
        <line num="1686" count="4" type="cond" truecount="1" falsecount="1"/>
        <line num="1687" count="0" type="stmt"/>
        <line num="1689" count="4" type="cond" truecount="1" falsecount="1"/>
        <line num="1690" count="4" type="stmt"/>
        <line num="1691" count="4" type="stmt"/>
        <line num="1693" count="0" type="stmt"/>
        <line num="1694" count="0" type="stmt"/>
        <line num="1697" count="0" type="stmt"/>
        <line num="1698" count="0" type="stmt"/>
        <line num="1701" count="242" type="stmt"/>
        <line num="1702" count="242" type="stmt"/>
        <line num="1705" count="137" type="stmt"/>
        <line num="1706" count="137" type="stmt"/>
        <line num="1708" count="383" type="stmt"/>
        <line num="1709" count="4" type="stmt"/>
        <line num="1710" count="4" type="stmt"/>
        <line num="1711" count="4" type="stmt"/>
        <line num="1712" count="4" type="cond" truecount="1" falsecount="1"/>
        <line num="1713" count="0" type="cond" truecount="0" falsecount="2"/>
        <line num="1714" count="0" type="stmt"/>
        <line num="1715" count="0" type="stmt"/>
        <line num="1717" count="0" type="stmt"/>
        <line num="1718" count="0" type="cond" truecount="0" falsecount="2"/>
        <line num="1720" count="0" type="cond" truecount="0" falsecount="2"/>
        <line num="1721" count="0" type="stmt"/>
        <line num="1722" count="0" type="cond" truecount="0" falsecount="2"/>
        <line num="1723" count="0" type="stmt"/>
        <line num="1724" count="0" type="cond" truecount="0" falsecount="2"/>
        <line num="1725" count="0" type="stmt"/>
        <line num="1727" count="0" type="cond" truecount="0" falsecount="2"/>
        <line num="1728" count="0" type="stmt"/>
        <line num="1729" count="0" type="stmt"/>
        <line num="1731" count="0" type="stmt"/>
        <line num="1732" count="0" type="stmt"/>
        <line num="1735" count="0" type="stmt"/>
        <line num="1736" count="0" type="stmt"/>
        <line num="1739" count="0" type="stmt"/>
        <line num="1740" count="0" type="stmt"/>
        <line num="1743" count="4" type="stmt"/>
        <line num="1744" count="4" type="stmt"/>
        <line num="1747" count="383" type="cond" truecount="1" falsecount="1"/>
        <line num="1748" count="383" type="stmt"/>
        <line num="1749" count="383" type="stmt"/>
        <line num="1750" count="383" type="stmt"/>
        <line num="1752" count="0" type="stmt"/>
        <line num="1753" count="0" type="stmt"/>
        <line num="1756" count="0" type="stmt"/>
        <line num="1757" count="0" type="stmt"/>
        <line num="1760" count="383" type="stmt"/>
        <line num="1766" count="385" type="stmt"/>
        <line num="1767" count="385" type="stmt"/>
        <line num="1768" count="385" type="cond" truecount="1" falsecount="1"/>
        <line num="1769" count="385" type="stmt"/>
        <line num="1770" count="385" type="stmt"/>
        <line num="1771" count="385" type="stmt"/>
        <line num="1772" count="385" type="cond" truecount="2" falsecount="0"/>
        <line num="1773" count="248" type="cond" truecount="2" falsecount="0"/>
        <line num="1774" count="2" type="stmt"/>
        <line num="1775" count="2" type="stmt"/>
        <line num="1777" count="246" type="stmt"/>
        <line num="1778" count="246" type="cond" truecount="1" falsecount="1"/>
        <line num="1780" count="248" type="cond" truecount="2" falsecount="0"/>
        <line num="1781" count="2" type="stmt"/>
        <line num="1782" count="2" type="cond" truecount="1" falsecount="1"/>
        <line num="1783" count="2" type="stmt"/>
        <line num="1784" count="2" type="cond" truecount="1" falsecount="1"/>
        <line num="1785" count="0" type="stmt"/>
        <line num="1787" count="2" type="cond" truecount="1" falsecount="1"/>
        <line num="1788" count="2" type="stmt"/>
        <line num="1789" count="2" type="stmt"/>
        <line num="1791" count="0" type="stmt"/>
        <line num="1792" count="0" type="stmt"/>
        <line num="1795" count="0" type="stmt"/>
        <line num="1796" count="0" type="stmt"/>
        <line num="1799" count="246" type="stmt"/>
        <line num="1800" count="246" type="stmt"/>
        <line num="1803" count="137" type="stmt"/>
        <line num="1804" count="137" type="stmt"/>
        <line num="1806" count="385" type="stmt"/>
        <line num="1807" count="2" type="stmt"/>
        <line num="1808" count="2" type="stmt"/>
        <line num="1809" count="2" type="stmt"/>
        <line num="1810" count="2" type="cond" truecount="1" falsecount="1"/>
        <line num="1811" count="0" type="cond" truecount="0" falsecount="2"/>
        <line num="1812" count="0" type="stmt"/>
        <line num="1813" count="0" type="stmt"/>
        <line num="1815" count="0" type="stmt"/>
        <line num="1816" count="0" type="cond" truecount="0" falsecount="2"/>
        <line num="1818" count="0" type="cond" truecount="0" falsecount="2"/>
        <line num="1819" count="0" type="stmt"/>
        <line num="1820" count="0" type="cond" truecount="0" falsecount="2"/>
        <line num="1821" count="0" type="stmt"/>
        <line num="1822" count="0" type="cond" truecount="0" falsecount="2"/>
        <line num="1823" count="0" type="stmt"/>
        <line num="1825" count="0" type="cond" truecount="0" falsecount="2"/>
        <line num="1826" count="0" type="stmt"/>
        <line num="1827" count="0" type="stmt"/>
        <line num="1829" count="0" type="stmt"/>
        <line num="1830" count="0" type="stmt"/>
        <line num="1833" count="0" type="stmt"/>
        <line num="1834" count="0" type="stmt"/>
        <line num="1837" count="0" type="stmt"/>
        <line num="1838" count="0" type="stmt"/>
        <line num="1841" count="2" type="stmt"/>
        <line num="1842" count="2" type="stmt"/>
        <line num="1845" count="385" type="cond" truecount="1" falsecount="1"/>
        <line num="1846" count="385" type="stmt"/>
        <line num="1847" count="385" type="stmt"/>
        <line num="1848" count="385" type="stmt"/>
        <line num="1850" count="0" type="stmt"/>
        <line num="1851" count="0" type="stmt"/>
        <line num="1854" count="0" type="stmt"/>
        <line num="1855" count="0" type="stmt"/>
        <line num="1858" count="385" type="stmt"/>
        <line num="1864" count="385" type="stmt"/>
        <line num="1865" count="385" type="cond" truecount="2" falsecount="0"/>
        <line num="1866" count="371" type="stmt"/>
        <line num="1867" count="371" type="cond" truecount="2" falsecount="0"/>
        <line num="1868" count="295" type="stmt"/>
        <line num="1869" count="295" type="cond" truecount="2" falsecount="0"/>
        <line num="1870" count="34" type="stmt"/>
        <line num="1875" count="385" type="stmt"/>
        <line num="1881" count="238" type="stmt"/>
        <line num="1882" count="238" type="cond" truecount="2" falsecount="0"/>
        <line num="1883" count="230" type="stmt"/>
        <line num="1886" count="238" type="stmt"/>
        <line num="1892" count="238" type="stmt"/>
        <line num="1893" count="238" type="stmt"/>
        <line num="1894" count="238" type="cond" truecount="2" falsecount="0"/>
        <line num="1895" count="32" type="stmt"/>
        <line num="1896" count="32" type="cond" truecount="1" falsecount="1"/>
        <line num="1897" count="32" type="stmt"/>
        <line num="1898" count="32" type="stmt"/>
        <line num="1899" count="32" type="cond" truecount="2" falsecount="0"/>
        <line num="1900" count="8" type="stmt"/>
        <line num="1901" count="8" type="stmt"/>
        <line num="1902" count="8" type="stmt"/>
        <line num="1905" count="24" type="stmt"/>
        <line num="1907" count="32" type="cond" truecount="2" falsecount="0"/>
        <line num="1908" count="8" type="stmt"/>
        <line num="1909" count="8" type="stmt"/>
        <line num="1910" count="8" type="cond" truecount="1" falsecount="1"/>
        <line num="1911" count="8" type="stmt"/>
        <line num="1912" count="8" type="cond" truecount="2" falsecount="0"/>
        <line num="1913" count="4" type="stmt"/>
        <line num="1914" count="4" type="cond" truecount="1" falsecount="1"/>
        <line num="1915" count="4" type="stmt"/>
        <line num="1916" count="4" type="cond" truecount="1" falsecount="1"/>
        <line num="1917" count="4" type="stmt"/>
        <line num="1918" count="4" type="stmt"/>
        <line num="1920" count="0" type="stmt"/>
        <line num="1921" count="0" type="stmt"/>
        <line num="1924" count="0" type="stmt"/>
        <line num="1925" count="0" type="stmt"/>
        <line num="1928" count="4" type="stmt"/>
        <line num="1929" count="4" type="stmt"/>
        <line num="1932" count="0" type="stmt"/>
        <line num="1933" count="0" type="stmt"/>
        <line num="1935" count="8" type="cond" truecount="2" falsecount="0"/>
        <line num="1936" count="4" type="stmt"/>
        <line num="1938" count="8" type="cond" truecount="1" falsecount="1"/>
        <line num="1939" count="8" type="stmt"/>
        <line num="1940" count="8" type="cond" truecount="1" falsecount="1"/>
        <line num="1941" count="8" type="stmt"/>
        <line num="1942" count="8" type="cond" truecount="1" falsecount="1"/>
        <line num="1943" count="8" type="stmt"/>
        <line num="1944" count="8" type="stmt"/>
        <line num="1945" count="8" type="stmt"/>
        <line num="1947" count="0" type="stmt"/>
        <line num="1948" count="0" type="stmt"/>
        <line num="1951" count="0" type="stmt"/>
        <line num="1952" count="0" type="stmt"/>
        <line num="1955" count="0" type="stmt"/>
        <line num="1956" count="0" type="stmt"/>
        <line num="1959" count="24" type="stmt"/>
        <line num="1960" count="24" type="stmt"/>
        <line num="1963" count="0" type="stmt"/>
        <line num="1964" count="0" type="stmt"/>
        <line num="1967" count="206" type="stmt"/>
        <line num="1968" count="206" type="stmt"/>
        <line num="1971" count="238" type="stmt"/>
        <line num="1977" count="230" type="stmt"/>
        <line num="1978" count="230" type="stmt"/>
        <line num="1979" count="230" type="cond" truecount="2" falsecount="0"/>
        <line num="1980" count="24" type="stmt"/>
        <line num="1981" count="24" type="cond" truecount="1" falsecount="1"/>
        <line num="1982" count="24" type="stmt"/>
        <line num="1983" count="24" type="cond" truecount="1" falsecount="1"/>
        <line num="1984" count="24" type="stmt"/>
        <line num="1985" count="24" type="cond" truecount="1" falsecount="1"/>
        <line num="1986" count="24" type="stmt"/>
        <line num="1987" count="24" type="stmt"/>
        <line num="1988" count="24" type="cond" truecount="1" falsecount="1"/>
        <line num="1989" count="24" type="stmt"/>
        <line num="1990" count="24" type="stmt"/>
        <line num="1991" count="24" type="stmt"/>
        <line num="1994" count="0" type="stmt"/>
        <line num="1996" count="24" type="cond" truecount="1" falsecount="1"/>
        <line num="1997" count="24" type="stmt"/>
        <line num="1998" count="24" type="stmt"/>
        <line num="1999" count="24" type="cond" truecount="1" falsecount="1"/>
        <line num="2000" count="24" type="stmt"/>
        <line num="2001" count="24" type="cond" truecount="2" falsecount="0"/>
        <line num="2002" count="4" type="stmt"/>
        <line num="2003" count="4" type="cond" truecount="1" falsecount="1"/>
        <line num="2004" count="4" type="stmt"/>
        <line num="2005" count="4" type="cond" truecount="1" falsecount="1"/>
        <line num="2006" count="4" type="stmt"/>
        <line num="2007" count="4" type="stmt"/>
        <line num="2009" count="0" type="stmt"/>
        <line num="2010" count="0" type="stmt"/>
        <line num="2013" count="0" type="stmt"/>
        <line num="2014" count="0" type="stmt"/>
        <line num="2017" count="20" type="stmt"/>
        <line num="2018" count="20" type="stmt"/>
        <line num="2021" count="0" type="stmt"/>
        <line num="2022" count="0" type="stmt"/>
        <line num="2024" count="24" type="cond" truecount="2" falsecount="0"/>
        <line num="2025" count="20" type="stmt"/>
        <line num="2027" count="24" type="cond" truecount="1" falsecount="1"/>
        <line num="2028" count="24" type="stmt"/>
        <line num="2029" count="24" type="cond" truecount="1" falsecount="1"/>
        <line num="2030" count="24" type="stmt"/>
        <line num="2031" count="24" type="cond" truecount="1" falsecount="1"/>
        <line num="2032" count="24" type="stmt"/>
        <line num="2033" count="24" type="stmt"/>
        <line num="2034" count="24" type="stmt"/>
        <line num="2036" count="0" type="stmt"/>
        <line num="2037" count="0" type="stmt"/>
        <line num="2040" count="0" type="stmt"/>
        <line num="2041" count="0" type="stmt"/>
        <line num="2044" count="0" type="stmt"/>
        <line num="2045" count="0" type="stmt"/>
        <line num="2048" count="0" type="stmt"/>
        <line num="2049" count="0" type="stmt"/>
        <line num="2052" count="0" type="stmt"/>
        <line num="2053" count="0" type="stmt"/>
        <line num="2056" count="0" type="stmt"/>
        <line num="2057" count="0" type="stmt"/>
        <line num="2060" count="0" type="stmt"/>
        <line num="2061" count="0" type="stmt"/>
        <line num="2064" count="206" type="stmt"/>
        <line num="2065" count="206" type="stmt"/>
        <line num="2068" count="230" type="stmt"/>
        <line num="2074" count="88" type="stmt"/>
        <line num="2075" count="88" type="stmt"/>
        <line num="2076" count="88" type="cond" truecount="2" falsecount="0"/>
        <line num="2077" count="32" type="stmt"/>
        <line num="2078" count="32" type="cond" truecount="1" falsecount="1"/>
        <line num="2079" count="32" type="stmt"/>
        <line num="2080" count="32" type="cond" truecount="1" falsecount="1"/>
        <line num="2081" count="32" type="stmt"/>
        <line num="2082" count="32" type="cond" truecount="1" falsecount="1"/>
        <line num="2083" count="32" type="stmt"/>
        <line num="2084" count="32" type="cond" truecount="1" falsecount="1"/>
        <line num="2085" count="32" type="stmt"/>
        <line num="2086" count="32" type="cond" truecount="1" falsecount="1"/>
        <line num="2087" count="32" type="stmt"/>
        <line num="2088" count="32" type="cond" truecount="1" falsecount="1"/>
        <line num="2089" count="32" type="stmt"/>
        <line num="2090" count="32" type="stmt"/>
        <line num="2091" count="32" type="stmt"/>
        <line num="2093" count="0" type="stmt"/>
        <line num="2094" count="0" type="stmt"/>
        <line num="2097" count="0" type="stmt"/>
        <line num="2098" count="0" type="stmt"/>
        <line num="2101" count="0" type="stmt"/>
        <line num="2102" count="0" type="stmt"/>
        <line num="2105" count="0" type="stmt"/>
        <line num="2106" count="0" type="stmt"/>
        <line num="2109" count="0" type="stmt"/>
        <line num="2110" count="0" type="stmt"/>
        <line num="2113" count="0" type="stmt"/>
        <line num="2114" count="0" type="stmt"/>
        <line num="2117" count="56" type="stmt"/>
        <line num="2118" count="56" type="stmt"/>
        <line num="2121" count="88" type="stmt"/>
        <line num="2127" count="385" type="stmt"/>
        <line num="2128" count="385" type="stmt"/>
        <line num="2129" count="385" type="cond" truecount="2" falsecount="0"/>
        <line num="2130" count="14" type="stmt"/>
        <line num="2131" count="14" type="cond" truecount="1" falsecount="1"/>
        <line num="2132" count="14" type="stmt"/>
        <line num="2134" count="14" type="cond" truecount="1" falsecount="1"/>
        <line num="2135" count="14" type="stmt"/>
        <line num="2136" count="14" type="cond" truecount="1" falsecount="1"/>
        <line num="2137" count="14" type="stmt"/>
        <line num="2138" count="14" type="cond" truecount="2" falsecount="0"/>
        <line num="2139" count="10" type="stmt"/>
        <line num="2141" count="14" type="cond" truecount="1" falsecount="1"/>
        <line num="2142" count="14" type="stmt"/>
        <line num="2143" count="14" type="cond" truecount="1" falsecount="1"/>
        <line num="2144" count="14" type="stmt"/>
        <line num="2145" count="14" type="stmt"/>
        <line num="2146" count="14" type="stmt"/>
        <line num="2147" count="14" type="cond" truecount="2" falsecount="0"/>
        <line num="2148" count="12" type="stmt"/>
        <line num="2150" count="14" type="cond" truecount="1" falsecount="1"/>
        <line num="2151" count="14" type="cond" truecount="1" falsecount="1"/>
        <line num="2152" count="0" type="stmt"/>
        <line num="2153" count="0" type="stmt"/>
        <line num="2155" count="14" type="stmt"/>
        <line num="2156" count="14" type="cond" truecount="1" falsecount="1"/>
        <line num="2158" count="14" type="cond" truecount="1" falsecount="1"/>
        <line num="2159" count="0" type="stmt"/>
        <line num="2160" count="0" type="cond" truecount="0" falsecount="2"/>
        <line num="2161" count="0" type="stmt"/>
        <line num="2162" count="0" type="cond" truecount="0" falsecount="2"/>
        <line num="2163" count="0" type="stmt"/>
        <line num="2164" count="0" type="stmt"/>
        <line num="2166" count="0" type="stmt"/>
        <line num="2167" count="0" type="stmt"/>
        <line num="2170" count="0" type="stmt"/>
        <line num="2171" count="0" type="stmt"/>
        <line num="2174" count="14" type="stmt"/>
        <line num="2175" count="14" type="stmt"/>
        <line num="2178" count="0" type="stmt"/>
        <line num="2179" count="0" type="stmt"/>
        <line num="2181" count="14" type="stmt"/>
        <line num="2182" count="0" type="stmt"/>
        <line num="2183" count="0" type="stmt"/>
        <line num="2184" count="0" type="stmt"/>
        <line num="2185" count="0" type="cond" truecount="0" falsecount="2"/>
        <line num="2186" count="0" type="stmt"/>
        <line num="2188" count="0" type="cond" truecount="0" falsecount="2"/>
        <line num="2189" count="0" type="cond" truecount="0" falsecount="2"/>
        <line num="2190" count="0" type="stmt"/>
        <line num="2191" count="0" type="stmt"/>
        <line num="2193" count="0" type="stmt"/>
        <line num="2194" count="0" type="cond" truecount="0" falsecount="2"/>
        <line num="2196" count="0" type="cond" truecount="0" falsecount="2"/>
        <line num="2197" count="0" type="stmt"/>
        <line num="2198" count="0" type="cond" truecount="0" falsecount="2"/>
        <line num="2199" count="0" type="stmt"/>
        <line num="2200" count="0" type="cond" truecount="0" falsecount="2"/>
        <line num="2201" count="0" type="stmt"/>
        <line num="2202" count="0" type="stmt"/>
        <line num="2204" count="0" type="stmt"/>
        <line num="2205" count="0" type="stmt"/>
        <line num="2208" count="0" type="stmt"/>
        <line num="2209" count="0" type="stmt"/>
        <line num="2212" count="0" type="stmt"/>
        <line num="2213" count="0" type="stmt"/>
        <line num="2216" count="0" type="stmt"/>
        <line num="2217" count="0" type="stmt"/>
        <line num="2220" count="14" type="cond" truecount="1" falsecount="1"/>
        <line num="2221" count="14" type="stmt"/>
        <line num="2222" count="14" type="cond" truecount="2" falsecount="0"/>
        <line num="2223" count="12" type="stmt"/>
        <line num="2225" count="14" type="cond" truecount="1" falsecount="1"/>
        <line num="2226" count="14" type="stmt"/>
        <line num="2227" count="14" type="cond" truecount="1" falsecount="1"/>
        <line num="2228" count="14" type="stmt"/>
        <line num="2229" count="14" type="stmt"/>
        <line num="2230" count="14" type="stmt"/>
        <line num="2232" count="0" type="stmt"/>
        <line num="2233" count="0" type="stmt"/>
        <line num="2236" count="0" type="stmt"/>
        <line num="2237" count="0" type="stmt"/>
        <line num="2240" count="0" type="stmt"/>
        <line num="2241" count="0" type="stmt"/>
        <line num="2244" count="0" type="stmt"/>
        <line num="2245" count="0" type="stmt"/>
        <line num="2248" count="0" type="stmt"/>
        <line num="2249" count="0" type="stmt"/>
        <line num="2252" count="0" type="stmt"/>
        <line num="2253" count="0" type="stmt"/>
        <line num="2256" count="0" type="stmt"/>
        <line num="2257" count="0" type="stmt"/>
        <line num="2260" count="371" type="stmt"/>
        <line num="2261" count="371" type="stmt"/>
        <line num="2264" count="385" type="stmt"/>
        <line num="2270" count="385" type="stmt"/>
        <line num="2271" count="385" type="stmt"/>
        <line num="2272" count="385" type="cond" truecount="2" falsecount="0"/>
        <line num="2273" count="257" type="stmt"/>
[...]
        <line num="28" count="0" type="cond" truecount="0" falsecount="4"/>
        <line num="29" count="0" type="stmt"/>
        <line num="31" count="0" type="stmt"/>
        <line num="34" count="6" type="stmt"/>
        <line num="35" count="0" type="cond" truecount="0" falsecount="2"/>
        <line num="38" count="6" type="stmt"/>
        <line num="39" count="0" type="cond" truecount="0" falsecount="2"/>
        <line num="43" count="1" type="stmt"/>
        <line num="44" count="1" type="cond" truecount="1" falsecount="1"/>
        <line num="45" count="1" type="stmt"/>
        <line num="46" count="1" type="stmt"/>
        <line num="48" count="18" type="cond" truecount="1" falsecount="1"/>
        <line num="52" count="6" type="stmt"/>
        <line num="57" count="19" type="cond" truecount="1" falsecount="1"/>
        <line num="58" count="0" type="stmt"/>
        <line num="59" count="0" type="stmt"/>
        <line num="62" count="0" type="stmt"/>
        <line num="64" count="0" type="stmt"/>
        <line num="68" count="19" type="cond" truecount="1" falsecount="1"/>
        <line num="69" count="19" type="stmt"/>
        <line num="70" count="19" type="cond" truecount="1" falsecount="1"/>
        <line num="72" count="19" type="cond" truecount="2" falsecount="0"/>
        <line num="73" count="1" type="cond" truecount="1" falsecount="1"/>
        <line num="74" count="1" type="stmt"/>
        <line num="79" count="0" type="stmt"/>
        <line num="80" count="0" type="stmt"/>
        <line num="86" count="18" type="cond" truecount="1" falsecount="1"/>
        <line num="87" count="0" type="stmt"/>
        <line num="90" count="18" type="cond" truecount="4" falsecount="0"/>
        <line num="91" count="12" type="stmt"/>
        <line num="93" count="12" type="cond" truecount="2" falsecount="0"/>
        <line num="95" count="7" type="cond" truecount="2" falsecount="0"/>
        <line num="96" count="2" type="stmt"/>
        <line num="97" count="4" type="stmt"/>
        <line num="104" count="5" type="cond" truecount="2" falsecount="0"/>
        <line num="110" count="1" type="stmt"/>
        <line num="114" count="1" type="stmt"/>
        <line num="117" count="1" type="stmt"/>
        <line num="118" count="9" type="stmt"/>
        <line num="125" count="4" type="stmt"/>
        <line num="126" count="4" type="stmt"/>
        <line num="129" count="5" type="stmt"/>
        <line num="130" count="9" type="stmt"/>
        <line num="131" count="5" type="cond" truecount="2" falsecount="0"/>
        <line num="137" count="5" type="cond" truecount="1" falsecount="1"/>
        <line num="138" count="6" type="stmt"/>
        <line num="139" count="5" type="cond" truecount="1" falsecount="1"/>
        <line num="140" count="5" type="stmt"/>
        <line num="141" count="5" type="stmt"/>
        <line num="144" count="13" type="stmt"/>
        <line num="145" count="13" type="stmt"/>
        <line num="146" count="48" type="stmt"/>
        <line num="147" count="21" type="cond" truecount="2" falsecount="0"/>
        <line num="155" count="6" type="cond" truecount="4" falsecount="0"/>
        <line num="156" count="3" type="stmt"/>
        <line num="157" count="3" type="stmt"/>
        <line num="160" count="6" type="stmt"/>
        <line num="161" count="16" type="stmt"/>
        <line num="162" count="6" type="cond" truecount="2" falsecount="0"/>
        <line num="168" count="3" type="cond" truecount="4" falsecount="0"/>
        <line num="169" count="2" type="stmt"/>
        <line num="170" count="2" type="stmt"/>
        <line num="171" count="2" type="cond" truecount="1" falsecount="1"/>
        <line num="172" count="2" type="stmt"/>
        <line num="175" count="2" type="cond" truecount="2" falsecount="0"/>
        <line num="176" count="1" type="stmt"/>
        <line num="178" count="1" type="stmt"/>
        <line num="183" count="1" type="cond" truecount="1" falsecount="1"/>
        <line num="184" count="1" type="stmt"/>
        <line num="186" count="9" type="stmt"/>
        <line num="190" count="0" type="stmt"/>
        <line num="194" count="1" type="cond" truecount="3" falsecount="1"/>
        <line num="195" count="1" type="stmt"/>
        <line num="196" count="3" type="stmt"/>
        <line num="198" count="1" type="stmt"/>
        <line num="202" count="0" type="stmt"/>
        <line num="205" count="0" type="stmt"/>
      </file>
    </package>
    <package name="src.sql">
      <metrics statements="56" coveredstatements="56" conditionals="30" coveredconditionals="22" methods="10" coveredmethods="10"/>
      <file name="index.ts" path="/Users/maggiebrewster/WebstormProjects/untitled2/druid-query-toolkit/src/sql/index.ts">
        <metrics statements="9" coveredstatements="9" conditionals="0" coveredconditionals="0" methods="0" coveredmethods="0"/>
        <line num="15" count="7" type="stmt"/>
        <line num="16" count="7" type="stmt"/>
        <line num="17" count="7" type="stmt"/>
        <line num="18" count="7" type="stmt"/>
        <line num="19" count="7" type="stmt"/>
        <line num="20" count="7" type="stmt"/>
        <line num="21" count="7" type="stmt"/>
        <line num="22" count="7" type="stmt"/>
        <line num="23" count="7" type="stmt"/>
      </file>
      <file name="sql-base.ts" path="/Users/maggiebrewster/WebstormProjects/untitled2/druid-query-toolkit/src/sql/sql-base.ts">
        <metrics statements="47" coveredstatements="47" conditionals="30" coveredconditionals="22" methods="10" coveredmethods="10"/>
        <line num="26" count="7" type="stmt"/>
        <line num="27" count="7" type="stmt"/>
        <line num="28" count="347" type="cond" truecount="1" falsecount="1"/>
        <line num="29" count="347" type="stmt"/>
        <line num="30" count="347" type="stmt"/>
        <line num="31" count="812" type="stmt"/>
        <line num="32" count="812" type="cond" truecount="2" falsecount="0"/>
        <line num="34" count="347" type="stmt"/>
        <line num="37" count="7" type="stmt"/>
        <line num="38" count="7" type="stmt"/>
        <line num="39" count="49" type="stmt"/>
        <line num="42" count="7" type="stmt"/>
        <line num="43" count="34" type="stmt"/>
        <line num="44" count="34" type="cond" truecount="1" falsecount="1"/>
        <line num="45" count="34" type="stmt"/>
        <line num="48" count="7" type="stmt"/>
        <line num="49" count="34" type="stmt"/>
        <line num="50" count="34" type="stmt"/>
        <line num="51" count="34" type="stmt"/>
        <line num="59" count="580" type="cond" truecount="1" falsecount="1"/>
        <line num="60" count="580" type="cond" truecount="2" falsecount="0"/>
        <line num="61" count="347" type="stmt"/>
        <line num="63" count="580" type="cond" truecount="2" falsecount="0"/>
        <line num="64" count="34" type="stmt"/>
        <line num="68" count="7" type="stmt"/>
        <line num="69" count="15" type="stmt"/>
        <line num="70" count="15" type="cond" truecount="1" falsecount="1"/>
        <line num="71" count="15" type="cond" truecount="1" falsecount="1"/>
        <line num="72" count="15" type="stmt"/>
        <line num="75" count="7" type="stmt"/>
        <line num="76" count="34" type="stmt"/>
        <line num="77" count="34" type="cond" truecount="2" falsecount="0"/>
        <line num="81" count="34" type="stmt"/>
        <line num="84" count="7" type="cond" truecount="1" falsecount="1"/>
        <line num="85" count="2" type="stmt"/>
        <line num="86" count="2" type="cond" truecount="1" falsecount="1"/>
        <line num="87" count="2" type="stmt"/>
        <line num="88" count="2" type="cond" truecount="1" falsecount="1"/>
        <line num="89" count="2" type="stmt"/>
        <line num="94" count="7" type="stmt"/>
        <line num="95" count="259" type="stmt"/>
        <line num="96" count="259" type="stmt"/>
        <line num="97" count="259" type="cond" truecount="2" falsecount="0"/>
        <line num="98" count="28" type="stmt"/>
        <line num="99" count="14" type="stmt"/>
        <line num="102" count="259" type="stmt"/>
        <line num="104" count="7" type="stmt"/>
      </file>
    </package>
    <package name="src.sql.separator">
      <metrics statements="15" coveredstatements="13" conditionals="6" coveredconditionals="3" methods="5" coveredmethods="5"/>
      <file name="separator.ts" path="/Users/maggiebrewster/WebstormProjects/untitled2/druid-query-toolkit/src/sql/separator/separator.ts">
        <metrics statements="15" coveredstatements="13" conditionals="6" coveredconditionals="3" methods="5" coveredmethods="5"/>
        <line num="23" count="7" type="stmt"/>
        <line num="28" count="7" type="stmt"/>
        <line num="29" count="67" type="cond" truecount="1" falsecount="1"/>
        <line num="30" count="0" type="stmt"/>
        <line num="31" count="0" type="stmt"/>
        <line num="34" count="67" type="stmt"/>
        <line num="36" count="70" type="stmt"/>
        <line num="40" count="67" type="stmt"/>
        <line num="41" count="67" type="stmt"/>
        <line num="45" count="147" type="cond" truecount="1" falsecount="1"/>
        <line num="46" count="147" type="cond" truecount="1" falsecount="1"/>
        <line num="47" count="147" type="stmt"/>
        <line num="50" count="7" type="stmt"/>
        <line num="51" count="70" type="stmt"/>
        <line num="53" count="7" type="stmt"/>
      </file>
    </package>
    <package name="src.sql.sql-case-searched">
      <metrics statements="25" coveredstatements="21" conditionals="8" coveredconditionals="6" methods="7" coveredmethods="5"/>
      <file name="sql-case-searched.ts" path="/Users/maggiebrewster/WebstormProjects/untitled2/druid-query-toolkit/src/sql/sql-case-searched/sql-case-searched.ts">
        <metrics statements="25" coveredstatements="21" conditionals="8" coveredconditionals="6" methods="7" coveredmethods="5"/>
        <line num="15" count="7" type="stmt"/>
        <line num="41" count="7" type="stmt"/>
        <line num="42" count="7" type="stmt"/>
        <line num="43" count="0" type="stmt"/>
        <line num="59" count="8" type="cond" truecount="2" falsecount="0"/>
        <line num="60" count="8" type="stmt"/>
        <line num="61" count="8" type="stmt"/>
        <line num="62" count="8" type="stmt"/>
        <line num="63" count="8" type="stmt"/>
        <line num="64" count="8" type="stmt"/>
        <line num="65" count="8" type="stmt"/>
        <line num="68" count="7" type="stmt"/>
        <line num="69" count="0" type="stmt"/>
        <line num="78" count="0" type="cond" truecount="0" falsecount="2"/>
        <line num="79" count="0" type="stmt"/>
        <line num="82" count="7" type="stmt"/>
        <line num="84" count="4" type="stmt"/>
        <line num="88" count="4" type="cond" truecount="4" falsecount="0"/>
        <line num="89" count="2" type="stmt"/>
        <line num="92" count="4" type="stmt"/>
        <line num="95" count="7" type="stmt"/>
        <line num="96" count="4" type="stmt"/>
        <line num="99" count="4" type="stmt"/>
        <line num="109" count="7" type="stmt"/>
        <line num="111" count="7" type="stmt"/>
      </file>
    </package>
    <package name="src.sql.sql-case-simple">
      <metrics statements="26" coveredstatements="25" conditionals="8" coveredconditionals="7" methods="7" coveredmethods="6"/>
      <file name="sql-case-simple.ts" path="/Users/maggiebrewster/WebstormProjects/untitled2/druid-query-toolkit/src/sql/sql-case-simple/sql-case-simple.ts">
        <metrics statements="26" coveredstatements="25" conditionals="8" coveredconditionals="7" methods="7" coveredmethods="6"/>
        <line num="16" count="7" type="stmt"/>
        <line num="34" count="7" type="stmt"/>
        <line num="35" count="7" type="stmt"/>
        <line num="36" count="0" type="stmt"/>
        <line num="54" count="36" type="cond" truecount="2" falsecount="0"/>
        <line num="55" count="36" type="stmt"/>
        <line num="56" count="36" type="stmt"/>
        <line num="57" count="36" type="stmt"/>
        <line num="58" count="36" type="stmt"/>
        <line num="59" count="36" type="stmt"/>
        <line num="60" count="36" type="stmt"/>
        <line num="61" count="36" type="stmt"/>
        <line num="64" count="7" type="stmt"/>
        <line num="65" count="12" type="stmt"/>
        <line num="75" count="12" type="cond" truecount="1" falsecount="1"/>
        <line num="76" count="12" type="stmt"/>
        <line num="79" count="7" type="stmt"/>
        <line num="81" count="12" type="stmt"/>
        <line num="87" count="12" type="cond" truecount="4" falsecount="0"/>
        <line num="88" count="2" type="stmt"/>
        <line num="91" count="12" type="stmt"/>
        <line num="94" count="7" type="stmt"/>
        <line num="95" count="12" type="stmt"/>
        <line num="98" count="12" type="stmt"/>
        <line num="108" count="7" type="stmt"/>
        <line num="110" count="7" type="stmt"/>
      </file>
    </package>
    <package name="src.sql.sql-function">
      <metrics statements="20" coveredstatements="19" conditionals="8" coveredconditionals="5" methods="4" coveredmethods="4"/>
      <file name="sql-function.ts" path="/Users/maggiebrewster/WebstormProjects/untitled2/druid-query-toolkit/src/sql/sql-function/sql-function.ts">
        <metrics statements="20" coveredstatements="19" conditionals="8" coveredconditionals="5" methods="4" coveredmethods="4"/>
        <line num="15" count="7" type="stmt"/>
        <line num="16" count="7" type="stmt"/>
        <line num="33" count="7" type="stmt"/>
        <line num="44" count="16" type="cond" truecount="2" falsecount="0"/>
        <line num="45" count="16" type="stmt"/>
        <line num="46" count="16" type="stmt"/>
        <line num="47" count="16" type="stmt"/>
        <line num="48" count="16" type="stmt"/>
        <line num="51" count="7" type="stmt"/>
        <line num="52" count="5" type="stmt"/>
        <line num="59" count="5" type="cond" truecount="1" falsecount="1"/>
        <line num="60" count="5" type="stmt"/>
        <line num="63" count="7" type="stmt"/>
        <line num="65" count="7" type="stmt"/>
        <line num="69" count="7" type="cond" truecount="2" falsecount="2"/>
        <line num="70" count="0" type="stmt"/>
        <line num="72" count="7" type="stmt"/>
        <line num="74" count="7" type="stmt"/>
        <line num="76" count="7" type="stmt"/>
        <line num="78" count="7" type="stmt"/>
      </file>
    </package>
    <package name="src.sql.sql-literal">
      <metrics statements="11" coveredstatements="10" conditionals="2" coveredconditionals="2" methods="4" coveredmethods="3"/>
      <file name="sql-literal.ts" path="/Users/maggiebrewster/WebstormProjects/untitled2/druid-query-toolkit/src/sql/sql-literal/sql-literal.ts">
        <metrics statements="11" coveredstatements="10" conditionals="2" coveredconditionals="2" methods="4" coveredmethods="3"/>
        <line num="15" count="7" type="stmt"/>
        <line num="22" count="7" type="stmt"/>
        <line num="23" count="7" type="stmt"/>
        <line num="24" count="0" type="stmt"/>
        <line num="31" count="76" type="cond" truecount="2" falsecount="0"/>
        <line num="32" count="76" type="stmt"/>
        <line num="33" count="76" type="stmt"/>
        <line num="36" count="7" type="stmt"/>
        <line num="37" count="32" type="stmt"/>
        <line num="39" count="7" type="stmt"/>
        <line num="40" count="7" type="stmt"/>
      </file>
    </package>
    <package name="src.sql.sql-multi">
      <metrics statements="18" coveredstatements="17" conditionals="6" coveredconditionals="5" methods="5" coveredmethods="4"/>
      <file name="sql-multi.ts" path="/Users/maggiebrewster/WebstormProjects/untitled2/druid-query-toolkit/src/sql/sql-multi/sql-multi.ts">
        <metrics statements="18" coveredstatements="17" conditionals="6" coveredconditionals="5" methods="5" coveredmethods="4"/>
        <line num="15" count="7" type="stmt"/>
        <line num="16" count="7" type="stmt"/>
        <line num="24" count="7" type="stmt"/>
        <line num="25" count="7" type="stmt"/>
        <line num="26" count="0" type="stmt"/>
        <line num="34" count="157" type="cond" truecount="2" falsecount="0"/>
        <line num="35" count="157" type="stmt"/>
        <line num="36" count="157" type="stmt"/>
        <line num="37" count="157" type="stmt"/>
        <line num="40" count="7" type="stmt"/>
        <line num="41" count="26" type="stmt"/>
        <line num="47" count="26" type="cond" truecount="1" falsecount="1"/>
        <line num="48" count="26" type="cond" truecount="2" falsecount="0"/>
        <line num="49" count="26" type="stmt"/>
        <line num="51" count="7" type="stmt"/>
        <line num="52" count="67" type="stmt"/>
        <line num="54" count="7" type="stmt"/>
        <line num="56" count="7" type="stmt"/>
      </file>
    </package>
    <package name="src.sql.sql-ref">
      <metrics statements="21" coveredstatements="21" conditionals="10" coveredconditionals="8" methods="5" coveredmethods="5"/>
      <file name="sql-ref.ts" path="/Users/maggiebrewster/WebstormProjects/untitled2/druid-query-toolkit/src/sql/sql-ref/sql-ref.ts">
        <metrics statements="21" coveredstatements="21" conditionals="10" coveredconditionals="8" methods="5" coveredmethods="5"/>
        <line num="15" count="7" type="stmt"/>
        <line num="24" count="7" type="stmt"/>
        <line num="25" count="7" type="stmt"/>
        <line num="26" count="128" type="stmt"/>
        <line num="35" count="265" type="cond" truecount="2" falsecount="0"/>
        <line num="36" count="265" type="stmt"/>
        <line num="37" count="265" type="stmt"/>
        <line num="38" count="265" type="stmt"/>
        <line num="39" count="265" type="stmt"/>
        <line num="42" count="7" type="stmt"/>
        <line num="43" count="72" type="stmt"/>
        <line num="50" count="72" type="cond" truecount="1" falsecount="1"/>
        <line num="51" count="72" type="cond" truecount="2" falsecount="0"/>
        <line num="52" count="72" type="stmt"/>
        <line num="54" count="7" type="stmt"/>
        <line num="55" count="127" type="stmt"/>
        <line num="56" count="127" type="cond" truecount="2" falsecount="0"/>
        <line num="57" count="1" type="stmt"/>
        <line num="65" count="127" type="stmt"/>
        <line num="67" count="7" type="stmt"/>
        <line num="68" count="7" type="stmt"/>
      </file>
    </package>
    <package name="src.sql.sql-unary">
      <metrics statements="17" coveredstatements="16" conditionals="4" coveredconditionals="3" methods="5" coveredmethods="4"/>
      <file name="sql-unary.ts" path="/Users/maggiebrewster/WebstormProjects/untitled2/druid-query-toolkit/src/sql/sql-unary/sql-unary.ts">
        <metrics statements="17" coveredstatements="16" conditionals="4" coveredconditionals="3" methods="5" coveredmethods="4"/>
        <line num="15" count="7" type="stmt"/>
        <line num="25" count="7" type="stmt"/>
        <line num="26" count="7" type="stmt"/>
        <line num="27" count="0" type="stmt"/>
        <line num="38" count="22" type="cond" truecount="2" falsecount="0"/>
        <line num="39" count="22" type="stmt"/>
        <line num="40" count="22" type="stmt"/>
        <line num="41" count="22" type="stmt"/>
        <line num="42" count="22" type="stmt"/>
        <line num="45" count="7" type="stmt"/>
        <line num="46" count="3" type="stmt"/>
        <line num="53" count="3" type="cond" truecount="1" falsecount="1"/>
        <line num="54" count="3" type="stmt"/>
        <line num="57" count="7" type="stmt"/>
        <line num="58" count="11" type="stmt"/>
        <line num="60" count="7" type="stmt"/>
        <line num="62" count="7" type="stmt"/>
      </file>
    </package>
  </project>
</coverage>
