{"/Users/maggiebrewster/WebstormProjects/untitled2/druid-query-toolkit/src/index.ts": {"path":"/Users/maggiebrewster/WebstormProjects/untitled2/druid-query-toolkit/src/index.ts","statementMap":{"0":{"start":{"line":15,"column":0},"end":{"line":15,"column":34}},"1":{"start":{"line":16,"column":0},"end":{"line":16,"column":22}},"2":{"start":{"line":17,"column":0},"end":{"line":17,"column":60}}},"fnMap":{},"branchMap":{},"s":{"0":5,"1":5,"2":5},"f":{},"b":{}}
,"/Users/maggiebrewster/WebstormProjects/untitled2/druid-query-toolkit/src/test-utils.ts": {"path":"/Users/maggiebrewster/WebstormProjects/untitled2/druid-query-toolkit/src/test-utils.ts","statementMap":{"0":{"start":{"line":15,"column":13},"end":{"line":97,"column":2}}},"fnMap":{},"branchMap":{},"s":{"0":7},"f":{},"b":{}}
,"/Users/maggiebrewster/WebstormProjects/untitled2/druid-query-toolkit/src/utils.ts": {"path":"/Users/maggiebrewster/WebstormProjects/untitled2/druid-query-toolkit/src/utils.ts","statementMap":{"0":{"start":{"line":15,"column":2},"end":{"line":15,"column":61}},"1":{"start":{"line":14,"column":0},"end":{"line":14,"column":16}},"2":{"start":{"line":19,"column":2},"end":{"line":19,"column":64}},"3":{"start":{"line":18,"column":0},"end":{"line":18,"column":16}},"4":{"start":{"line":23,"column":2},"end":{"line":23,"column":45}},"5":{"start":{"line":27,"column":26},"end":{"line":27,"column":28}},"6":{"start":{"line":28,"column":13},"end":{"line":28,"column":17}},"7":{"start":{"line":29,"column":2},"end":{"line":45,"column":null}},"8":{"start":{"line":30,"column":25},"end":{"line":30,"column":64}},"9":{"start":{"line":31,"column":4},"end":{"line":35,"column":null}},"10":{"start":{"line":32,"column":6},"end":{"line":32,"column":34}},"11":{"start":{"line":33,"column":6},"end":{"line":33,"column":29}},"12":{"start":{"line":34,"column":6},"end":{"line":34,"column":15}},"13":{"start":{"line":37,"column":24},"end":{"line":37,"column":58}},"14":{"start":{"line":38,"column":4},"end":{"line":42,"column":null}},"15":{"start":{"line":39,"column":6},"end":{"line":39,"column":33}},"16":{"start":{"line":40,"column":6},"end":{"line":40,"column":28}},"17":{"start":{"line":41,"column":6},"end":{"line":41,"column":15}},"18":{"start":{"line":44,"column":4},"end":{"line":44,"column":52}},"19":{"start":{"line":47,"column":2},"end":{"line":47,"column":15}},"20":{"start":{"line":26,"column":0},"end":{"line":26,"column":16}},"21":{"start":{"line":51,"column":2},"end":{"line":51,"column":68}},"22":{"start":{"line":51,"column":24},"end":{"line":51,"column":57}},"23":{"start":{"line":50,"column":0},"end":{"line":50,"column":16}},"24":{"start":{"line":55,"column":2},"end":{"line":55,"column":44}},"25":{"start":{"line":59,"column":16},"end":{"line":59,"column":31}},"26":{"start":{"line":60,"column":2},"end":{"line":62,"column":null}},"27":{"start":{"line":60,"column":21},"end":{"line":60,"column":26}},"28":{"start":{"line":60,"column":17},"end":{"line":60,"column":21}},"29":{"start":{"line":61,"column":4},"end":{"line":61,"column":32}},"30":{"start":{"line":63,"column":2},"end":{"line":63,"column":15}},"31":{"start":{"line":58,"column":0},"end":{"line":58,"column":16}},"32":{"start":{"line":67,"column":16},"end":{"line":67,"column":31}},"33":{"start":{"line":68,"column":14},"end":{"line":68,"column":37}},"34":{"start":{"line":69,"column":20},"end":{"line":69,"column":38}},"35":{"start":{"line":70,"column":2},"end":{"line":70,"column":84}},"36":{"start":{"line":70,"column":51},"end":{"line":70,"column":84}},"37":{"start":{"line":71,"column":2},"end":{"line":77,"column":null}},"38":{"start":{"line":72,"column":20},"end":{"line":72,"column":28}},"39":{"start":{"line":73,"column":17},"end":{"line":73,"column":32}},"40":{"start":{"line":74,"column":4},"end":{"line":74,"column":87}},"41":{"start":{"line":76,"column":4},"end":{"line":76,"column":25}},"42":{"start":{"line":78,"column":2},"end":{"line":78,"column":19}},"43":{"start":{"line":66,"column":0},"end":{"line":66,"column":16}},"44":{"start":{"line":82,"column":20},"end":{"line":82,"column":38}},"45":{"start":{"line":83,"column":16},"end":{"line":83,"column":31}},"46":{"start":{"line":84,"column":19},"end":{"line":84,"column":42}},"47":{"start":{"line":85,"column":2},"end":{"line":105,"column":null}},"48":{"start":{"line":86,"column":26},"end":{"line":86,"column":41}},"49":{"start":{"line":87,"column":4},"end":{"line":98,"column":null}},"50":{"start":{"line":88,"column":23},"end":{"line":88,"column":38}},"51":{"start":{"line":89,"column":34},"end":{"line":89,"column":71}},"52":{"start":{"line":91,"column":6},"end":{"line":95,"column":null}},"53":{"start":{"line":92,"column":8},"end":{"line":92,"column":35}},"54":{"start":{"line":94,"column":8},"end":{"line":94,"column":50}},"55":{"start":{"line":97,"column":6},"end":{"line":97,"column":33}},"56":{"start":{"line":100,"column":4},"end":{"line":104,"column":null}},"57":{"start":{"line":101,"column":6},"end":{"line":101,"column":44}},"58":{"start":{"line":103,"column":6},"end":{"line":103,"column":33}},"59":{"start":{"line":106,"column":2},"end":{"line":106,"column":19}},"60":{"start":{"line":81,"column":0},"end":{"line":81,"column":16}},"61":{"start":{"line":114,"column":2},"end":{"line":114,"column":59}},"62":{"start":{"line":115,"column":2},"end":{"line":115,"column":38}},"63":{"start":{"line":116,"column":2},"end":{"line":116,"column":15}},"64":{"start":{"line":109,"column":0},"end":{"line":109,"column":16}},"65":{"start":{"line":120,"column":2},"end":{"line":120,"column":72}},"66":{"start":{"line":120,"column":34},"end":{"line":120,"column":72}},"67":{"start":{"line":121,"column":2},"end":{"line":121,"column":68}},"68":{"start":{"line":121,"column":32},"end":{"line":121,"column":68}},"69":{"start":{"line":123,"column":19},"end":{"line":123,"column":38}},"70":{"start":{"line":124,"column":2},"end":{"line":136,"column":null}},"71":{"start":{"line":125,"column":24},"end":{"line":125,"column":35}},"72":{"start":{"line":126,"column":22},"end":{"line":126,"column":31}},"73":{"start":{"line":127,"column":4},"end":{"line":135,"column":null}},"74":{"start":{"line":128,"column":6},"end":{"line":128,"column":27}},"75":{"start":{"line":130,"column":6},"end":{"line":134,"column":null}},"76":{"start":{"line":131,"column":8},"end":{"line":131,"column":59}},"77":{"start":{"line":133,"column":8},"end":{"line":133,"column":34}},"78":{"start":{"line":138,"column":2},"end":{"line":138,"column":18}},"79":{"start":{"line":119,"column":0},"end":{"line":119,"column":16}},"80":{"start":{"line":142,"column":38},"end":{"line":142,"column":40}},"81":{"start":{"line":143,"column":2},"end":{"line":147,"column":null}},"82":{"start":{"line":143,"column":18},"end":{"line":143,"column":27}},"83":{"start":{"line":143,"column":14},"end":{"line":143,"column":18}},"84":{"start":{"line":144,"column":4},"end":{"line":146,"column":null}},"85":{"start":{"line":145,"column":6},"end":{"line":145,"column":25}},"86":{"start":{"line":148,"column":2},"end":{"line":148,"column":16}},"87":{"start":{"line":141,"column":0},"end":{"line":141,"column":16}}},"fnMap":{"0":{"name":"shallowCopy","decl":{"start":{"line":14,"column":16},"end":{"line":14,"column":27}},"loc":{"start":{"line":14,"column":34},"end":{"line":16,"column":1}}},"1":{"name":"isEmpty","decl":{"start":{"line":18,"column":16},"end":{"line":18,"column":23}},"loc":{"start":{"line":18,"column":30},"end":{"line":20,"column":1}}},"2":{"name":"isObjectOrArray","decl":{"start":{"line":22,"column":9},"end":{"line":22,"column":24}},"loc":{"start":{"line":22,"column":31},"end":{"line":24,"column":1}}},"3":{"name":"parsePath","decl":{"start":{"line":26,"column":16},"end":{"line":26,"column":25}},"loc":{"start":{"line":26,"column":38},"end":{"line":48,"column":1}}},"4":{"name":"makePath","decl":{"start":{"line":50,"column":16},"end":{"line":50,"column":24}},"loc":{"start":{"line":50,"column":40},"end":{"line":52,"column":1}}},"5":{"name":"(anonymous_5)","decl":{"start":{"line":51,"column":19},"end":{"line":51,"column":20}},"loc":{"start":{"line":51,"column":20},"end":{"line":51,"column":25}}},"6":{"name":"isAppend","decl":{"start":{"line":54,"column":9},"end":{"line":54,"column":17}},"loc":{"start":{"line":54,"column":29},"end":{"line":56,"column":1}}},"7":{"name":"deepGet","decl":{"start":{"line":58,"column":16},"end":{"line":58,"column":23}},"loc":{"start":{"line":58,"column":77},"end":{"line":64,"column":1}}},"8":{"name":"deepSet","decl":{"start":{"line":66,"column":16},"end":{"line":66,"column":23}},"loc":{"start":{"line":66,"column":85},"end":{"line":79,"column":1}}},"9":{"name":"deepDelete","decl":{"start":{"line":81,"column":16},"end":{"line":81,"column":26}},"loc":{"start":{"line":81,"column":80},"end":{"line":107,"column":1}}},"10":{"name":"deepMove","decl":{"start":{"line":109,"column":16},"end":{"line":109,"column":24}},"loc":{"start":{"line":112,"column":16},"end":{"line":117,"column":1}}},"11":{"name":"deepExtend","decl":{"start":{"line":119,"column":16},"end":{"line":119,"column":26}},"loc":{"start":{"line":119,"column":94},"end":{"line":139,"column":1}}},"12":{"name":"whitelistKeys","decl":{"start":{"line":141,"column":16},"end":{"line":141,"column":29}},"loc":{"start":{"line":141,"column":75},"end":{"line":149,"column":1}}}},"branchMap":{"0":{"loc":{"start":{"line":15,"column":28},"end":{"line":15,"column":37}},"type":"cond-expr","locations":[{"start":{"line":15,"column":28},"end":{"line":15,"column":37}},{"start":{"line":15,"column":40},"end":{"line":15,"column":60}}]},"1":{"loc":{"start":{"line":19,"column":30},"end":{"line":19,"column":38}},"type":"cond-expr","locations":[{"start":{"line":19,"column":30},"end":{"line":19,"column":38}},{"start":{"line":19,"column":41},"end":{"line":19,"column":62}}]},"2":{"loc":{"start":{"line":23,"column":17},"end":{"line":23,"column":18}},"type":"binary-expr","locations":[{"start":{"line":23,"column":17},"end":{"line":23,"column":18}},{"start":{"line":23,"column":22},"end":{"line":23,"column":43}}]},"3":{"loc":{"start":{"line":31,"column":4},"end":{"line":35,"column":null}},"type":"if","locations":[{"start":{"line":31,"column":4},"end":{"line":35,"column":null}},{"start":{"line":31,"column":4},"end":{"line":35,"column":null}}]},"4":{"loc":{"start":{"line":38,"column":4},"end":{"line":42,"column":null}},"type":"if","locations":[{"start":{"line":38,"column":4},"end":{"line":42,"column":null}},{"start":{"line":38,"column":4},"end":{"line":42,"column":null}}]},"5":{"loc":{"start":{"line":51,"column":43},"end":{"line":51,"column":51}},"type":"cond-expr","locations":[{"start":{"line":51,"column":43},"end":{"line":51,"column":51}},{"start":{"line":51,"column":54},"end":{"line":51,"column":55}}]},"6":{"loc":{"start":{"line":55,"column":9},"end":{"line":55,"column":27}},"type":"binary-expr","locations":[{"start":{"line":55,"column":9},"end":{"line":55,"column":27}},{"start":{"line":55,"column":31},"end":{"line":55,"column":43}}]},"7":{"loc":{"start":{"line":61,"column":13},"end":{"line":61,"column":18}},"type":"binary-expr","locations":[{"start":{"line":61,"column":13},"end":{"line":61,"column":18}},{"start":{"line":61,"column":22},"end":{"line":61,"column":24}}]},"8":{"loc":{"start":{"line":70,"column":2},"end":{"line":70,"column":84}},"type":"if","locations":[{"start":{"line":70,"column":2},"end":{"line":70,"column":84}},{"start":{"line":70,"column":2},"end":{"line":70,"column":84}}]},"9":{"loc":{"start":{"line":70,"column":6},"end":{"line":70,"column":30}},"type":"binary-expr","locations":[{"start":{"line":70,"column":6},"end":{"line":70,"column":30}},{"start":{"line":70,"column":34},"end":{"line":70,"column":49}}]},"10":{"loc":{"start":{"line":71,"column":2},"end":{"line":77,"column":null}},"type":"if","locations":[{"start":{"line":71,"column":2},"end":{"line":77,"column":null}},{"start":{"line":71,"column":2},"end":{"line":77,"column":null}}]},"11":{"loc":{"start":{"line":74,"column":31},"end":{"line":74,"column":43}},"type":"binary-expr","locations":[{"start":{"line":74,"column":31},"end":{"line":74,"column":43}},{"start":{"line":74,"column":48},"end":{"line":74,"column":75}}]},"12":{"loc":{"start":{"line":74,"column":68},"end":{"line":74,"column":70}},"type":"cond-expr","locations":[{"start":{"line":74,"column":68},"end":{"line":74,"column":70}},{"start":{"line":74,"column":73},"end":{"line":74,"column":75}}]},"13":{"loc":{"start":{"line":85,"column":2},"end":{"line":105,"column":null}},"type":"if","locations":[{"start":{"line":85,"column":2},"end":{"line":105,"column":null}},{"start":{"line":85,"column":2},"end":{"line":105,"column":null}}]},"14":{"loc":{"start":{"line":87,"column":4},"end":{"line":98,"column":null}},"type":"if","locations":[{"start":{"line":87,"column":4},"end":{"line":98,"column":null}},{"start":{"line":87,"column":4},"end":{"line":98,"column":null}}]},"15":{"loc":{"start":{"line":91,"column":6},"end":{"line":95,"column":null}},"type":"if","locations":[{"start":{"line":91,"column":6},"end":{"line":95,"column":null}},{"start":{"line":91,"column":6},"end":{"line":95,"column":null}}]},"16":{"loc":{"start":{"line":100,"column":4},"end":{"line":104,"column":null}},"type":"if","locations":[{"start":{"line":100,"column":4},"end":{"line":104,"column":null}},{"start":{"line":100,"column":4},"end":{"line":104,"column":null}}]},"17":{"loc":{"start":{"line":100,"column":8},"end":{"line":100,"column":32}},"type":"binary-expr","locations":[{"start":{"line":100,"column":8},"end":{"line":100,"column":32}},{"start":{"line":100,"column":36},"end":{"line":100,"column":60}}]},"18":{"loc":{"start":{"line":120,"column":2},"end":{"line":120,"column":72}},"type":"if","locations":[{"start":{"line":120,"column":2},"end":{"line":120,"column":72}},{"start":{"line":120,"column":2},"end":{"line":120,"column":72}}]},"19":{"loc":{"start":{"line":121,"column":2},"end":{"line":121,"column":68}},"type":"if","locations":[{"start":{"line":121,"column":2},"end":{"line":121,"column":68}},{"start":{"line":121,"column":2},"end":{"line":121,"column":68}}]},"20":{"loc":{"start":{"line":127,"column":4},"end":{"line":135,"column":null}},"type":"if","locations":[{"start":{"line":127,"column":4},"end":{"line":135,"column":null}},{"start":{"line":127,"column":4},"end":{"line":135,"column":null}}]},"21":{"loc":{"start":{"line":130,"column":6},"end":{"line":134,"column":null}},"type":"if","locations":[{"start":{"line":130,"column":6},"end":{"line":134,"column":null}},{"start":{"line":130,"column":6},"end":{"line":134,"column":null}}]},"22":{"loc":{"start":{"line":130,"column":10},"end":{"line":130,"column":38}},"type":"binary-expr","locations":[{"start":{"line":130,"column":10},"end":{"line":130,"column":38}},{"start":{"line":130,"column":42},"end":{"line":130,"column":68}}]},"23":{"loc":{"start":{"line":144,"column":4},"end":{"line":146,"column":null}},"type":"if","locations":[{"start":{"line":144,"column":4},"end":{"line":146,"column":null}},{"start":{"line":144,"column":4},"end":{"line":146,"column":null}}]}},"s":{"0":0,"1":7,"2":0,"3":7,"4":0,"5":1044,"6":1044,"7":1044,"8":1566,"9":1566,"10":0,"11":0,"12":0,"13":1566,"14":1566,"15":1566,"16":1566,"17":1566,"18":0,"19":1044,"20":7,"21":0,"22":0,"23":7,"24":0,"25":1044,"26":1044,"27":2088,"28":1566,"29":1566,"30":1044,"31":7,"32":0,"33":0,"34":0,"35":0,"36":0,"37":0,"38":0,"39":0,"40":0,"41":0,"42":0,"43":7,"44":0,"45":0,"46":0,"47":0,"48":0,"49":0,"50":0,"51":0,"52":0,"53":0,"54":0,"55":0,"56":0,"57":0,"58":0,"59":0,"60":7,"61":0,"62":0,"63":0,"64":7,"65":0,"66":0,"67":0,"68":0,"69":0,"70":0,"71":0,"72":0,"73":0,"74":0,"75":0,"76":0,"77":0,"78":0,"79":7,"80":0,"81":0,"82":0,"83":0,"84":0,"85":0,"86":0,"87":7},"f":{"0":0,"1":0,"2":0,"3":1044,"4":0,"5":0,"6":0,"7":1044,"8":0,"9":0,"10":0,"11":0,"12":0},"b":{"0":[0,0],"1":[0,0],"2":[0,0],"3":[0,1566],"4":[1566,0],"5":[0,0],"6":[0,0],"7":[1566,1548],"8":[0,0],"9":[0,0],"10":[0,0],"11":[0,0],"12":[0,0],"13":[0,0],"14":[0,0],"15":[0,0],"16":[0,0],"17":[0,0],"18":[0,0],"19":[0,0],"20":[0,0],"21":[0,0],"22":[0,0],"23":[0,0]}}
,"/Users/maggiebrewster/WebstormProjects/untitled2/druid-query-toolkit/src/parser/druidsql.js": {"path":"/Users/maggiebrewster/WebstormProjects/untitled2/druid-query-toolkit/src/parser/druidsql.js","statementMap":{"0":{"start":{"line":2,"column":10},"end":{"line":2,"column":27}},"1":{"start":{"line":3,"column":12},"end":{"line":3,"column":31}},"2":{"start":{"line":4,"column":14},"end":{"line":4,"column":27}},"3":{"start":{"line":13,"column":0},"end":{"line":3257,"column":4}},"4":{"start":{"line":17,"column":22},"end":{"line":17,"column":47}},"5":{"start":{"line":18,"column":4},"end":{"line":18,"column":38}},"6":{"start":{"line":19,"column":4},"end":{"line":19,"column":33}},"7":{"start":{"line":23,"column":4},"end":{"line":23,"column":28}},"8":{"start":{"line":24,"column":4},"end":{"line":24,"column":29}},"9":{"start":{"line":25,"column":4},"end":{"line":25,"column":26}},"10":{"start":{"line":26,"column":4},"end":{"line":26,"column":29}},"11":{"start":{"line":27,"column":4},"end":{"line":27,"column":34}},"12":{"start":{"line":29,"column":4},"end":{"line":31,"column":5}},"13":{"start":{"line":30,"column":6},"end":{"line":30,"column":53}},"14":{"start":{"line":34,"column":2},"end":{"line":34,"column":39}},"15":{"start":{"line":36,"column":2},"end":{"line":141,"column":4}},"16":{"start":{"line":37,"column":35},"end":{"line":66,"column":9}},"17":{"start":{"line":39,"column":12},"end":{"line":39,"column":65}},"18":{"start":{"line":43,"column":31},"end":{"line":43,"column":33}},"19":{"start":{"line":46,"column":12},"end":{"line":50,"column":13}},"20":{"start":{"line":47,"column":14},"end":{"line":49,"column":52}},"21":{"start":{"line":52,"column":12},"end":{"line":52,"column":80}},"22":{"start":{"line":56,"column":12},"end":{"line":56,"column":35}},"23":{"start":{"line":60,"column":12},"end":{"line":60,"column":34}},"24":{"start":{"line":64,"column":12},"end":{"line":64,"column":43}},"25":{"start":{"line":69,"column":6},"end":{"line":69,"column":57}},"26":{"start":{"line":73,"column":6},"end":{"line":81,"column":85}},"27":{"start":{"line":80,"column":57},"end":{"line":80,"column":81}},"28":{"start":{"line":81,"column":57},"end":{"line":81,"column":81}},"29":{"start":{"line":85,"column":6},"end":{"line":95,"column":85}},"30":{"start":{"line":94,"column":57},"end":{"line":94,"column":81}},"31":{"start":{"line":95,"column":57},"end":{"line":95,"column":81}},"32":{"start":{"line":99,"column":6},"end":{"line":99,"column":69}},"33":{"start":{"line":103,"column":25},"end":{"line":103,"column":51}},"34":{"start":{"line":106,"column":6},"end":{"line":108,"column":7}},"35":{"start":{"line":107,"column":8},"end":{"line":107,"column":59}},"36":{"start":{"line":110,"column":6},"end":{"line":110,"column":26}},"37":{"start":{"line":112,"column":6},"end":{"line":120,"column":7}},"38":{"start":{"line":113,"column":8},"end":{"line":118,"column":9}},"39":{"start":{"line":114,"column":10},"end":{"line":117,"column":11}},"40":{"start":{"line":115,"column":12},"end":{"line":115,"column":46}},"41":{"start":{"line":116,"column":12},"end":{"line":116,"column":16}},"42":{"start":{"line":119,"column":8},"end":{"line":119,"column":32}},"43":{"start":{"line":122,"column":6},"end":{"line":133,"column":7}},"44":{"start":{"line":124,"column":10},"end":{"line":124,"column":33}},"45":{"start":{"line":127,"column":10},"end":{"line":127,"column":60}},"46":{"start":{"line":130,"column":10},"end":{"line":132,"column":52}},"47":{"start":{"line":137,"column":6},"end":{"line":137,"column":73}},"48":{"start":{"line":140,"column":4},"end":{"line":140,"column":97}},"49":{"start":{"line":144,"column":4},"end":{"line":144,"column":48}},"50":{"start":{"line":146,"column":21},"end":{"line":146,"column":23}},"51":{"start":{"line":148,"column":33},"end":{"line":148,"column":58}},"52":{"start":{"line":149,"column":33},"end":{"line":149,"column":47}},"53":{"start":{"line":151,"column":17},"end":{"line":155,"column":9}},"54":{"start":{"line":152,"column":10},"end":{"line":154,"column":13}},"55":{"start":{"line":156,"column":17},"end":{"line":156,"column":20}},"56":{"start":{"line":157,"column":17},"end":{"line":157,"column":51}},"57":{"start":{"line":158,"column":17},"end":{"line":164,"column":9}},"58":{"start":{"line":159,"column":10},"end":{"line":163,"column":11}},"59":{"start":{"line":165,"column":17},"end":{"line":170,"column":9}},"60":{"start":{"line":166,"column":10},"end":{"line":169,"column":11}},"61":{"start":{"line":171,"column":17},"end":{"line":176,"column":9}},"62":{"start":{"line":172,"column":10},"end":{"line":175,"column":11}},"63":{"start":{"line":177,"column":17},"end":{"line":182,"column":9}},"64":{"start":{"line":178,"column":10},"end":{"line":181,"column":11}},"65":{"start":{"line":183,"column":17},"end":{"line":188,"column":9}},"66":{"start":{"line":184,"column":10},"end":{"line":187,"column":11}},"67":{"start":{"line":189,"column":17},"end":{"line":189,"column":33}},"68":{"start":{"line":190,"column":17},"end":{"line":190,"column":108}},"69":{"start":{"line":191,"column":18},"end":{"line":196,"column":9}},"70":{"start":{"line":192,"column":10},"end":{"line":195,"column":11}},"71":{"start":{"line":197,"column":18},"end":{"line":197,"column":23}},"72":{"start":{"line":198,"column":18},"end":{"line":198,"column":54}},"73":{"start":{"line":199,"column":18},"end":{"line":199,"column":24}},"74":{"start":{"line":200,"column":18},"end":{"line":200,"column":54}},"75":{"start":{"line":201,"column":18},"end":{"line":207,"column":9}},"76":{"start":{"line":202,"column":10},"end":{"line":206,"column":11}},"77":{"start":{"line":208,"column":18},"end":{"line":213,"column":9}},"78":{"start":{"line":209,"column":10},"end":{"line":212,"column":11}},"79":{"start":{"line":214,"column":18},"end":{"line":219,"column":9}},"80":{"start":{"line":215,"column":10},"end":{"line":218,"column":11}},"81":{"start":{"line":220,"column":18},"end":{"line":228,"column":11}},"82":{"start":{"line":221,"column":11},"end":{"line":221,"column":40}},"83":{"start":{"line":221,"column":29},"end":{"line":221,"column":40}},"84":{"start":{"line":222,"column":12},"end":{"line":227,"column":13}},"85":{"start":{"line":225,"column":66},"end":{"line":225,"column":99}},"86":{"start":{"line":229,"column":18},"end":{"line":237,"column":11}},"87":{"start":{"line":230,"column":12},"end":{"line":230,"column":41}},"88":{"start":{"line":230,"column":30},"end":{"line":230,"column":41}},"89":{"start":{"line":231,"column":12},"end":{"line":236,"column":14}},"90":{"start":{"line":234,"column":66},"end":{"line":234,"column":99}},"91":{"start":{"line":238,"column":18},"end":{"line":245,"column":11}},"92":{"start":{"line":239,"column":11},"end":{"line":244,"column":16}},"93":{"start":{"line":246,"column":18},"end":{"line":254,"column":11}},"94":{"start":{"line":247,"column":11},"end":{"line":247,"column":40}},"95":{"start":{"line":247,"column":29},"end":{"line":247,"column":40}},"96":{"start":{"line":248,"column":12},"end":{"line":253,"column":14}},"97":{"start":{"line":251,"column":66},"end":{"line":251,"column":99}},"98":{"start":{"line":255,"column":18},"end":{"line":255,"column":21}},"99":{"start":{"line":256,"column":18},"end":{"line":256,"column":52}},"100":{"start":{"line":257,"column":18},"end":{"line":265,"column":11}},"101":{"start":{"line":258,"column":12},"end":{"line":258,"column":41}},"102":{"start":{"line":258,"column":30},"end":{"line":258,"column":41}},"103":{"start":{"line":259,"column":16},"end":{"line":264,"column":18}},"104":{"start":{"line":262,"column":70},"end":{"line":262,"column":103}},"105":{"start":{"line":266,"column":18},"end":{"line":266,"column":21}},"106":{"start":{"line":267,"column":18},"end":{"line":267,"column":52}},"107":{"start":{"line":268,"column":18},"end":{"line":276,"column":9}},"108":{"start":{"line":269,"column":11},"end":{"line":269,"column":40}},"109":{"start":{"line":269,"column":29},"end":{"line":269,"column":40}},"110":{"start":{"line":270,"column":14},"end":{"line":275,"column":16}},"111":{"start":{"line":273,"column":68},"end":{"line":273,"column":101}},"112":{"start":{"line":277,"column":18},"end":{"line":277,"column":21}},"113":{"start":{"line":278,"column":18},"end":{"line":278,"column":52}},"114":{"start":{"line":279,"column":18},"end":{"line":293,"column":9}},"115":{"start":{"line":280,"column":10},"end":{"line":292,"column":13}},"116":{"start":{"line":294,"column":18},"end":{"line":310,"column":9}},"117":{"start":{"line":295,"column":10},"end":{"line":309,"column":13}},"118":{"start":{"line":311,"column":18},"end":{"line":321,"column":9}},"119":{"start":{"line":312,"column":10},"end":{"line":320,"column":11}},"120":{"start":{"line":322,"column":18},"end":{"line":322,"column":21}},"121":{"start":{"line":323,"column":18},"end":{"line":323,"column":52}},"122":{"start":{"line":324,"column":18},"end":{"line":335,"column":9}},"123":{"start":{"line":325,"column":10},"end":{"line":334,"column":13}},"124":{"start":{"line":328,"column":72},"end":{"line":328,"column":105}},"125":{"start":{"line":336,"column":18},"end":{"line":340,"column":11}},"126":{"start":{"line":337,"column":12},"end":{"line":339,"column":13}},"127":{"start":{"line":338,"column":13},"end":{"line":338,"column":24}},"128":{"start":{"line":341,"column":18},"end":{"line":343,"column":11}},"129":{"start":{"line":342,"column":10},"end":{"line":342,"column":26}},"130":{"start":{"line":344,"column":18},"end":{"line":346,"column":11}},"131":{"start":{"line":345,"column":12},"end":{"line":345,"column":59}},"132":{"start":{"line":347,"column":18},"end":{"line":349,"column":11}},"133":{"start":{"line":348,"column":12},"end":{"line":348,"column":43}},"134":{"start":{"line":350,"column":18},"end":{"line":350,"column":26}},"135":{"start":{"line":351,"column":18},"end":{"line":351,"column":66}},"136":{"start":{"line":352,"column":18},"end":{"line":357,"column":11}},"137":{"start":{"line":353,"column":11},"end":{"line":356,"column":16}},"138":{"start":{"line":358,"column":18},"end":{"line":358,"column":24}},"139":{"start":{"line":359,"column":18},"end":{"line":359,"column":59}},"140":{"start":{"line":360,"column":18},"end":{"line":360,"column":25}},"141":{"start":{"line":361,"column":18},"end":{"line":361,"column":58}},"142":{"start":{"line":362,"column":18},"end":{"line":367,"column":11}},"143":{"start":{"line":363,"column":12},"end":{"line":366,"column":14}},"144":{"start":{"line":368,"column":18},"end":{"line":368,"column":21}},"145":{"start":{"line":369,"column":18},"end":{"line":369,"column":52}},"146":{"start":{"line":370,"column":18},"end":{"line":381,"column":11}},"147":{"start":{"line":371,"column":12},"end":{"line":380,"column":15}},"148":{"start":{"line":382,"column":18},"end":{"line":382,"column":24}},"149":{"start":{"line":383,"column":18},"end":{"line":383,"column":60}},"150":{"start":{"line":384,"column":18},"end":{"line":384,"column":25}},"151":{"start":{"line":385,"column":18},"end":{"line":385,"column":59}},"152":{"start":{"line":386,"column":18},"end":{"line":391,"column":11}},"153":{"start":{"line":387,"column":12},"end":{"line":390,"column":13}},"154":{"start":{"line":392,"column":18},"end":{"line":392,"column":34}},"155":{"start":{"line":393,"column":18},"end":{"line":393,"column":90}},"156":{"start":{"line":394,"column":18},"end":{"line":394,"column":37}},"157":{"start":{"line":395,"column":18},"end":{"line":395,"column":102}},"158":{"start":{"line":396,"column":18},"end":{"line":396,"column":71}},"159":{"start":{"line":396,"column":35},"end":{"line":396,"column":58}},"160":{"start":{"line":397,"column":18},"end":{"line":402,"column":11}},"161":{"start":{"line":398,"column":12},"end":{"line":401,"column":13}},"162":{"start":{"line":403,"column":18},"end":{"line":403,"column":52}},"163":{"start":{"line":404,"column":18},"end":{"line":404,"column":30}},"164":{"start":{"line":405,"column":18},"end":{"line":405,"column":77}},"165":{"start":{"line":406,"column":18},"end":{"line":406,"column":43}},"166":{"start":{"line":407,"column":18},"end":{"line":407,"column":21}},"167":{"start":{"line":408,"column":18},"end":{"line":408,"column":52}},"168":{"start":{"line":409,"column":18},"end":{"line":409,"column":43}},"169":{"start":{"line":410,"column":18},"end":{"line":410,"column":21}},"170":{"start":{"line":411,"column":18},"end":{"line":411,"column":52}},"171":{"start":{"line":412,"column":18},"end":{"line":412,"column":21}},"172":{"start":{"line":413,"column":18},"end":{"line":413,"column":52}},"173":{"start":{"line":414,"column":18},"end":{"line":414,"column":22}},"174":{"start":{"line":415,"column":18},"end":{"line":415,"column":53}},"175":{"start":{"line":416,"column":18},"end":{"line":416,"column":22}},"176":{"start":{"line":417,"column":18},"end":{"line":417,"column":53}},"177":{"start":{"line":418,"column":18},"end":{"line":418,"column":22}},"178":{"start":{"line":419,"column":18},"end":{"line":419,"column":53}},"179":{"start":{"line":420,"column":18},"end":{"line":420,"column":21}},"180":{"start":{"line":421,"column":18},"end":{"line":421,"column":52}},"181":{"start":{"line":422,"column":18},"end":{"line":422,"column":21}},"182":{"start":{"line":423,"column":18},"end":{"line":423,"column":52}},"183":{"start":{"line":424,"column":18},"end":{"line":424,"column":22}},"184":{"start":{"line":425,"column":18},"end":{"line":425,"column":52}},"185":{"start":{"line":426,"column":18},"end":{"line":426,"column":23}},"186":{"start":{"line":427,"column":18},"end":{"line":427,"column":53}},"187":{"start":{"line":428,"column":18},"end":{"line":428,"column":23}},"188":{"start":{"line":429,"column":18},"end":{"line":429,"column":53}},"189":{"start":{"line":430,"column":18},"end":{"line":430,"column":27}},"190":{"start":{"line":431,"column":18},"end":{"line":431,"column":57}},"191":{"start":{"line":432,"column":18},"end":{"line":432,"column":26}},"192":{"start":{"line":433,"column":18},"end":{"line":433,"column":56}},"193":{"start":{"line":434,"column":18},"end":{"line":434,"column":23}},"194":{"start":{"line":435,"column":18},"end":{"line":435,"column":53}},"195":{"start":{"line":436,"column":18},"end":{"line":436,"column":28}},"196":{"start":{"line":437,"column":18},"end":{"line":437,"column":58}},"197":{"start":{"line":438,"column":18},"end":{"line":438,"column":24}},"198":{"start":{"line":439,"column":18},"end":{"line":439,"column":54}},"199":{"start":{"line":440,"column":18},"end":{"line":440,"column":25}},"200":{"start":{"line":441,"column":19},"end":{"line":441,"column":56}},"201":{"start":{"line":442,"column":19},"end":{"line":442,"column":26}},"202":{"start":{"line":443,"column":19},"end":{"line":443,"column":56}},"203":{"start":{"line":444,"column":19},"end":{"line":444,"column":23}},"204":{"start":{"line":445,"column":19},"end":{"line":445,"column":53}},"205":{"start":{"line":446,"column":19},"end":{"line":446,"column":26}},"206":{"start":{"line":447,"column":19},"end":{"line":447,"column":56}},"207":{"start":{"line":448,"column":19},"end":{"line":448,"column":26}},"208":{"start":{"line":449,"column":19},"end":{"line":449,"column":56}},"209":{"start":{"line":450,"column":19},"end":{"line":450,"column":26}},"210":{"start":{"line":451,"column":19},"end":{"line":451,"column":56}},"211":{"start":{"line":452,"column":19},"end":{"line":452,"column":26}},"212":{"start":{"line":453,"column":19},"end":{"line":453,"column":56}},"213":{"start":{"line":454,"column":19},"end":{"line":454,"column":25}},"214":{"start":{"line":455,"column":19},"end":{"line":455,"column":55}},"215":{"start":{"line":456,"column":19},"end":{"line":456,"column":25}},"216":{"start":{"line":457,"column":19},"end":{"line":457,"column":55}},"217":{"start":{"line":458,"column":19},"end":{"line":458,"column":25}},"218":{"start":{"line":459,"column":19},"end":{"line":459,"column":55}},"219":{"start":{"line":460,"column":19},"end":{"line":460,"column":25}},"220":{"start":{"line":461,"column":19},"end":{"line":461,"column":55}},"221":{"start":{"line":462,"column":19},"end":{"line":462,"column":24}},"222":{"start":{"line":463,"column":19},"end":{"line":463,"column":54}},"223":{"start":{"line":465,"column":31},"end":{"line":465,"column":32}},"224":{"start":{"line":466,"column":31},"end":{"line":466,"column":32}},"225":{"start":{"line":467,"column":31},"end":{"line":467,"column":55}},"226":{"start":{"line":468,"column":31},"end":{"line":468,"column":32}},"227":{"start":{"line":469,"column":31},"end":{"line":469,"column":33}},"228":{"start":{"line":470,"column":31},"end":{"line":470,"column":32}},"229":{"start":{"line":474,"column":4},"end":{"line":480,"column":5}},"230":{"start":{"line":475,"column":6},"end":{"line":477,"column":7}},"231":{"start":{"line":476,"column":8},"end":{"line":476,"column":88}},"232":{"start":{"line":479,"column":6},"end":{"line":479,"column":72}},"233":{"start":{"line":483,"column":6},"end":{"line":483,"column":56}},"234":{"start":{"line":487,"column":6},"end":{"line":487,"column":60}},"235":{"start":{"line":491,"column":6},"end":{"line":491,"column":96}},"236":{"start":{"line":493,"column":6},"end":{"line":497,"column":8}},"237":{"start":{"line":501,"column":6},"end":{"line":501,"column":96}},"238":{"start":{"line":503,"column":6},"end":{"line":503,"column":52}},"239":{"start":{"line":507,"column":6},"end":{"line":507,"column":69}},"240":{"start":{"line":511,"column":6},"end":{"line":511,"column":89}},"241":{"start":{"line":515,"column":6},"end":{"line":515,"column":29}},"242":{"start":{"line":519,"column":6},"end":{"line":519,"column":29}},"243":{"start":{"line":523,"column":6},"end":{"line":523,"column":57}},"244":{"start":{"line":527,"column":20},"end":{"line":527,"column":44}},"245":{"start":{"line":529,"column":6},"end":{"line":556,"column":7}},"246":{"start":{"line":530,"column":8},"end":{"line":530,"column":23}},"247":{"start":{"line":532,"column":8},"end":{"line":532,"column":20}},"248":{"start":{"line":533,"column":8},"end":{"line":535,"column":9}},"249":{"start":{"line":534,"column":10},"end":{"line":534,"column":14}},"250":{"start":{"line":537,"column":8},"end":{"line":537,"column":41}},"251":{"start":{"line":538,"column":8},"end":{"line":541,"column":10}},"252":{"start":{"line":543,"column":8},"end":{"line":552,"column":9}},"253":{"start":{"line":544,"column":10},"end":{"line":549,"column":11}},"254":{"start":{"line":545,"column":12},"end":{"line":545,"column":27}},"255":{"start":{"line":546,"column":12},"end":{"line":546,"column":31}},"256":{"start":{"line":548,"column":12},"end":{"line":548,"column":29}},"257":{"start":{"line":551,"column":10},"end":{"line":551,"column":14}},"258":{"start":{"line":554,"column":8},"end":{"line":554,"column":43}},"259":{"start":{"line":555,"column":8},"end":{"line":555,"column":23}},"260":{"start":{"line":560,"column":28},"end":{"line":560,"column":59}},"261":{"start":{"line":561,"column":28},"end":{"line":561,"column":57}},"262":{"start":{"line":563,"column":6},"end":{"line":574,"column":8}},"263":{"start":{"line":578,"column":6},"end":{"line":578,"column":51}},"264":{"start":{"line":578,"column":42},"end":{"line":578,"column":49}},"265":{"start":{"line":580,"column":6},"end":{"line":583,"column":7}},"266":{"start":{"line":581,"column":8},"end":{"line":581,"column":37}},"267":{"start":{"line":582,"column":8},"end":{"line":582,"column":33}},"268":{"start":{"line":585,"column":6},"end":{"line":585,"column":41}},"269":{"start":{"line":589,"column":6},"end":{"line":589,"column":64}},"270":{"start":{"line":593,"column":6},"end":{"line":598,"column":8}},"271":{"start":{"line":604,"column":6},"end":{"line":604,"column":26}},"272":{"start":{"line":606,"column":6},"end":{"line":606,"column":16}},"273":{"start":{"line":612,"column":6},"end":{"line":612,"column":31}},"274":{"start":{"line":613,"column":6},"end":{"line":624,"column":7}},"275":{"start":{"line":614,"column":8},"end":{"line":614,"column":35}},"276":{"start":{"line":615,"column":8},"end":{"line":623,"column":9}},"277":{"start":{"line":616,"column":10},"end":{"line":616,"column":33}},"278":{"start":{"line":617,"column":10},"end":{"line":622,"column":11}},"279":{"start":{"line":618,"column":12},"end":{"line":618,"column":39}},"280":{"start":{"line":619,"column":12},"end":{"line":621,"column":13}},"281":{"start":{"line":620,"column":14},"end":{"line":620,"column":42}},"282":{"start":{"line":626,"column":6},"end":{"line":626,"column":16}},"283":{"start":{"line":632,"column":6},"end":{"line":632,"column":23}},"284":{"start":{"line":633,"column":6},"end":{"line":633,"column":35}},"285":{"start":{"line":634,"column":6},"end":{"line":637,"column":7}},"286":{"start":{"line":635,"column":8},"end":{"line":635,"column":26}},"287":{"start":{"line":636,"column":8},"end":{"line":636,"column":24}},"288":{"start":{"line":638,"column":6},"end":{"line":638,"column":14}},"289":{"start":{"line":640,"column":6},"end":{"line":640,"column":16}},"290":{"start":{"line":646,"column":6},"end":{"line":646,"column":23}},"291":{"start":{"line":647,"column":6},"end":{"line":647,"column":23}},"292":{"start":{"line":648,"column":6},"end":{"line":648,"column":23}},"293":{"start":{"line":649,"column":6},"end":{"line":649,"column":34}},"294":{"start":{"line":650,"column":6},"end":{"line":662,"column":7}},"295":{"start":{"line":651,"column":8},"end":{"line":651,"column":26}},"296":{"start":{"line":652,"column":8},"end":{"line":658,"column":9}},"297":{"start":{"line":653,"column":10},"end":{"line":653,"column":24}},"298":{"start":{"line":654,"column":10},"end":{"line":654,"column":18}},"299":{"start":{"line":656,"column":10},"end":{"line":656,"column":27}},"300":{"start":{"line":657,"column":10},"end":{"line":657,"column":26}},"301":{"start":{"line":660,"column":8},"end":{"line":660,"column":25}},"302":{"start":{"line":661,"column":8},"end":{"line":661,"column":24}},"303":{"start":{"line":663,"column":6},"end":{"line":667,"column":7}},"304":{"start":{"line":664,"column":8},"end":{"line":664,"column":46}},"305":{"start":{"line":666,"column":8},"end":{"line":666,"column":16}},"306":{"start":{"line":668,"column":6},"end":{"line":722,"column":7}},"307":{"start":{"line":669,"column":8},"end":{"line":669,"column":25}},"308":{"start":{"line":670,"column":8},"end":{"line":670,"column":25}},"309":{"start":{"line":671,"column":8},"end":{"line":671,"column":33}},"310":{"start":{"line":672,"column":8},"end":{"line":674,"column":9}},"311":{"start":{"line":673,"column":10},"end":{"line":673,"column":40}},"312":{"start":{"line":675,"column":8},"end":{"line":687,"column":9}},"313":{"start":{"line":676,"column":10},"end":{"line":676,"column":28}},"314":{"start":{"line":677,"column":10},"end":{"line":683,"column":11}},"315":{"start":{"line":678,"column":12},"end":{"line":678,"column":26}},"316":{"start":{"line":679,"column":12},"end":{"line":679,"column":20}},"317":{"start":{"line":681,"column":12},"end":{"line":681,"column":29}},"318":{"start":{"line":682,"column":12},"end":{"line":682,"column":28}},"319":{"start":{"line":685,"column":10},"end":{"line":685,"column":27}},"320":{"start":{"line":686,"column":10},"end":{"line":686,"column":26}},"321":{"start":{"line":688,"column":8},"end":{"line":690,"column":9}},"322":{"start":{"line":689,"column":10},"end":{"line":689,"column":20}},"323":{"start":{"line":691,"column":8},"end":{"line":695,"column":9}},"324":{"start":{"line":692,"column":10},"end":{"line":692,"column":48}},"325":{"start":{"line":694,"column":10},"end":{"line":694,"column":18}},"326":{"start":{"line":696,"column":8},"end":{"line":718,"column":9}},"327":{"start":{"line":697,"column":10},"end":{"line":703,"column":11}},"328":{"start":{"line":698,"column":12},"end":{"line":698,"column":24}},"329":{"start":{"line":699,"column":12},"end":{"line":699,"column":26}},"330":{"start":{"line":701,"column":12},"end":{"line":701,"column":28}},"331":{"start":{"line":702,"column":12},"end":{"line":702,"column":60}},"332":{"start":{"line":702,"column":41},"end":{"line":702,"column":58}},"333":{"start":{"line":704,"column":10},"end":{"line":706,"column":11}},"334":{"start":{"line":705,"column":12},"end":{"line":705,"column":39}},"335":{"start":{"line":707,"column":10},"end":{"line":714,"column":11}},"336":{"start":{"line":708,"column":12},"end":{"line":708,"column":30}},"337":{"start":{"line":709,"column":12},"end":{"line":709,"column":36}},"338":{"start":{"line":710,"column":12},"end":{"line":710,"column":20}},"339":{"start":{"line":712,"column":12},"end":{"line":712,"column":29}},"340":{"start":{"line":713,"column":12},"end":{"line":713,"column":28}},"341":{"start":{"line":716,"column":10},"end":{"line":716,"column":27}},"342":{"start":{"line":717,"column":10},"end":{"line":717,"column":26}},"343":{"start":{"line":720,"column":8},"end":{"line":720,"column":25}},"344":{"start":{"line":721,"column":8},"end":{"line":721,"column":24}},"345":{"start":{"line":724,"column":6},"end":{"line":724,"column":16}},"346":{"start":{"line":730,"column":6},"end":{"line":730,"column":23}},"347":{"start":{"line":731,"column":6},"end":{"line":731,"column":23}},"348":{"start":{"line":732,"column":6},"end":{"line":732,"column":23}},"349":{"start":{"line":733,"column":6},"end":{"line":733,"column":32}},"350":{"start":{"line":734,"column":6},"end":{"line":746,"column":7}},"351":{"start":{"line":735,"column":8},"end":{"line":735,"column":26}},"352":{"start":{"line":736,"column":8},"end":{"line":742,"column":9}},"353":{"start":{"line":737,"column":10},"end":{"line":737,"column":24}},"354":{"start":{"line":738,"column":10},"end":{"line":738,"column":18}},"355":{"start":{"line":740,"column":10},"end":{"line":740,"column":27}},"356":{"start":{"line":741,"column":10},"end":{"line":741,"column":26}},"357":{"start":{"line":744,"column":8},"end":{"line":744,"column":25}},"358":{"start":{"line":745,"column":8},"end":{"line":745,"column":24}},"359":{"start":{"line":747,"column":6},"end":{"line":751,"column":7}},"360":{"start":{"line":748,"column":8},"end":{"line":748,"column":46}},"361":{"start":{"line":750,"column":8},"end":{"line":750,"column":16}},"362":{"start":{"line":752,"column":6},"end":{"line":765,"column":7}},"363":{"start":{"line":753,"column":8},"end":{"line":753,"column":31}},"364":{"start":{"line":754,"column":8},"end":{"line":761,"column":9}},"365":{"start":{"line":755,"column":10},"end":{"line":755,"column":28}},"366":{"start":{"line":756,"column":10},"end":{"line":756,"column":30}},"367":{"start":{"line":757,"column":10},"end":{"line":757,"column":18}},"368":{"start":{"line":759,"column":10},"end":{"line":759,"column":27}},"369":{"start":{"line":760,"column":10},"end":{"line":760,"column":26}},"370":{"start":{"line":763,"column":8},"end":{"line":763,"column":25}},"371":{"start":{"line":764,"column":8},"end":{"line":764,"column":24}},"372":{"start":{"line":767,"column":6},"end":{"line":767,"column":16}},"373":{"start":{"line":773,"column":6},"end":{"line":773,"column":23}},"374":{"start":{"line":774,"column":6},"end":{"line":774,"column":23}},"375":{"start":{"line":775,"column":6},"end":{"line":775,"column":23}},"376":{"start":{"line":776,"column":6},"end":{"line":776,"column":33}},"377":{"start":{"line":777,"column":6},"end":{"line":789,"column":7}},"378":{"start":{"line":778,"column":8},"end":{"line":778,"column":26}},"379":{"start":{"line":779,"column":8},"end":{"line":785,"column":9}},"380":{"start":{"line":780,"column":10},"end":{"line":780,"column":24}},"381":{"start":{"line":781,"column":10},"end":{"line":781,"column":18}},"382":{"start":{"line":783,"column":10},"end":{"line":783,"column":27}},"383":{"start":{"line":784,"column":10},"end":{"line":784,"column":26}},"384":{"start":{"line":787,"column":8},"end":{"line":787,"column":25}},"385":{"start":{"line":788,"column":8},"end":{"line":788,"column":24}},"386":{"start":{"line":790,"column":6},"end":{"line":794,"column":7}},"387":{"start":{"line":791,"column":8},"end":{"line":791,"column":46}},"388":{"start":{"line":793,"column":8},"end":{"line":793,"column":16}},"389":{"start":{"line":795,"column":6},"end":{"line":808,"column":7}},"390":{"start":{"line":796,"column":8},"end":{"line":796,"column":35}},"391":{"start":{"line":797,"column":8},"end":{"line":804,"column":9}},"392":{"start":{"line":798,"column":10},"end":{"line":798,"column":28}},"393":{"start":{"line":799,"column":10},"end":{"line":799,"column":30}},"394":{"start":{"line":800,"column":10},"end":{"line":800,"column":18}},"395":{"start":{"line":802,"column":10},"end":{"line":802,"column":27}},"396":{"start":{"line":803,"column":10},"end":{"line":803,"column":26}},"397":{"start":{"line":806,"column":8},"end":{"line":806,"column":25}},"398":{"start":{"line":807,"column":8},"end":{"line":807,"column":24}},"399":{"start":{"line":810,"column":6},"end":{"line":810,"column":16}},"400":{"start":{"line":816,"column":6},"end":{"line":816,"column":23}},"401":{"start":{"line":817,"column":6},"end":{"line":817,"column":23}},"402":{"start":{"line":818,"column":6},"end":{"line":818,"column":23}},"403":{"start":{"line":819,"column":6},"end":{"line":819,"column":33}},"404":{"start":{"line":820,"column":6},"end":{"line":844,"column":7}},"405":{"start":{"line":821,"column":8},"end":{"line":821,"column":26}},"406":{"start":{"line":822,"column":8},"end":{"line":840,"column":9}},"407":{"start":{"line":823,"column":10},"end":{"line":823,"column":34}},"408":{"start":{"line":824,"column":10},"end":{"line":836,"column":11}},"409":{"start":{"line":825,"column":12},"end":{"line":825,"column":30}},"410":{"start":{"line":826,"column":12},"end":{"line":832,"column":13}},"411":{"start":{"line":827,"column":14},"end":{"line":827,"column":36}},"412":{"start":{"line":828,"column":14},"end":{"line":828,"column":22}},"413":{"start":{"line":830,"column":14},"end":{"line":830,"column":31}},"414":{"start":{"line":831,"column":14},"end":{"line":831,"column":30}},"415":{"start":{"line":834,"column":12},"end":{"line":834,"column":29}},"416":{"start":{"line":835,"column":12},"end":{"line":835,"column":28}},"417":{"start":{"line":838,"column":10},"end":{"line":838,"column":27}},"418":{"start":{"line":839,"column":10},"end":{"line":839,"column":26}},"419":{"start":{"line":842,"column":8},"end":{"line":842,"column":25}},"420":{"start":{"line":843,"column":8},"end":{"line":843,"column":24}},"421":{"start":{"line":845,"column":6},"end":{"line":849,"column":7}},"422":{"start":{"line":846,"column":8},"end":{"line":846,"column":46}},"423":{"start":{"line":848,"column":8},"end":{"line":848,"column":16}},"424":{"start":{"line":850,"column":6},"end":{"line":863,"column":7}},"425":{"start":{"line":851,"column":8},"end":{"line":851,"column":35}},"426":{"start":{"line":852,"column":8},"end":{"line":859,"column":9}},"427":{"start":{"line":853,"column":10},"end":{"line":853,"column":28}},"428":{"start":{"line":854,"column":10},"end":{"line":854,"column":30}},"429":{"start":{"line":855,"column":10},"end":{"line":855,"column":18}},"430":{"start":{"line":857,"column":10},"end":{"line":857,"column":27}},"431":{"start":{"line":858,"column":10},"end":{"line":858,"column":26}},"432":{"start":{"line":861,"column":8},"end":{"line":861,"column":25}},"433":{"start":{"line":862,"column":8},"end":{"line":862,"column":24}},"434":{"start":{"line":865,"column":6},"end":{"line":865,"column":16}},"435":{"start":{"line":871,"column":6},"end":{"line":871,"column":23}},"436":{"start":{"line":872,"column":6},"end":{"line":872,"column":23}},"437":{"start":{"line":873,"column":6},"end":{"line":873,"column":23}},"438":{"start":{"line":874,"column":6},"end":{"line":874,"column":34}},"439":{"start":{"line":875,"column":6},"end":{"line":887,"column":7}},"440":{"start":{"line":876,"column":8},"end":{"line":876,"column":26}},"441":{"start":{"line":877,"column":8},"end":{"line":883,"column":9}},"442":{"start":{"line":878,"column":10},"end":{"line":878,"column":24}},"443":{"start":{"line":879,"column":10},"end":{"line":879,"column":18}},"444":{"start":{"line":881,"column":10},"end":{"line":881,"column":27}},"445":{"start":{"line":882,"column":10},"end":{"line":882,"column":26}},"446":{"start":{"line":885,"column":8},"end":{"line":885,"column":25}},"447":{"start":{"line":886,"column":8},"end":{"line":886,"column":24}},"448":{"start":{"line":888,"column":6},"end":{"line":892,"column":7}},"449":{"start":{"line":889,"column":8},"end":{"line":889,"column":46}},"450":{"start":{"line":891,"column":8},"end":{"line":891,"column":16}},"451":{"start":{"line":893,"column":6},"end":{"line":906,"column":7}},"452":{"start":{"line":894,"column":8},"end":{"line":894,"column":35}},"453":{"start":{"line":895,"column":8},"end":{"line":902,"column":9}},"454":{"start":{"line":896,"column":10},"end":{"line":896,"column":28}},"455":{"start":{"line":897,"column":10},"end":{"line":897,"column":30}},"456":{"start":{"line":898,"column":10},"end":{"line":898,"column":18}},"457":{"start":{"line":900,"column":10},"end":{"line":900,"column":27}},"458":{"start":{"line":901,"column":10},"end":{"line":901,"column":26}},"459":{"start":{"line":904,"column":8},"end":{"line":904,"column":25}},"460":{"start":{"line":905,"column":8},"end":{"line":905,"column":24}},"461":{"start":{"line":908,"column":6},"end":{"line":908,"column":16}},"462":{"start":{"line":914,"column":6},"end":{"line":914,"column":23}},"463":{"start":{"line":915,"column":6},"end":{"line":915,"column":23}},"464":{"start":{"line":916,"column":6},"end":{"line":916,"column":23}},"465":{"start":{"line":917,"column":6},"end":{"line":917,"column":33}},"466":{"start":{"line":918,"column":6},"end":{"line":942,"column":7}},"467":{"start":{"line":919,"column":8},"end":{"line":919,"column":26}},"468":{"start":{"line":920,"column":8},"end":{"line":938,"column":9}},"469":{"start":{"line":921,"column":10},"end":{"line":921,"column":34}},"470":{"start":{"line":922,"column":10},"end":{"line":934,"column":11}},"471":{"start":{"line":923,"column":12},"end":{"line":923,"column":30}},"472":{"start":{"line":924,"column":12},"end":{"line":930,"column":13}},"473":{"start":{"line":925,"column":14},"end":{"line":925,"column":36}},"474":{"start":{"line":926,"column":14},"end":{"line":926,"column":22}},"475":{"start":{"line":928,"column":14},"end":{"line":928,"column":31}},"476":{"start":{"line":929,"column":14},"end":{"line":929,"column":30}},"477":{"start":{"line":932,"column":12},"end":{"line":932,"column":29}},"478":{"start":{"line":933,"column":12},"end":{"line":933,"column":28}},"479":{"start":{"line":936,"column":10},"end":{"line":936,"column":27}},"480":{"start":{"line":937,"column":10},"end":{"line":937,"column":26}},"481":{"start":{"line":940,"column":8},"end":{"line":940,"column":25}},"482":{"start":{"line":941,"column":8},"end":{"line":941,"column":24}},"483":{"start":{"line":943,"column":6},"end":{"line":947,"column":7}},"484":{"start":{"line":944,"column":8},"end":{"line":944,"column":46}},"485":{"start":{"line":946,"column":8},"end":{"line":946,"column":16}},"486":{"start":{"line":948,"column":6},"end":{"line":978,"column":7}},"487":{"start":{"line":949,"column":8},"end":{"line":949,"column":16}},"488":{"start":{"line":950,"column":8},"end":{"line":956,"column":9}},"489":{"start":{"line":951,"column":10},"end":{"line":951,"column":41}},"490":{"start":{"line":952,"column":10},"end":{"line":952,"column":24}},"491":{"start":{"line":954,"column":10},"end":{"line":954,"column":26}},"492":{"start":{"line":955,"column":10},"end":{"line":955,"column":58}},"493":{"start":{"line":955,"column":39},"end":{"line":955,"column":56}},"494":{"start":{"line":957,"column":8},"end":{"line":966,"column":9}},"495":{"start":{"line":958,"column":10},"end":{"line":958,"column":22}},"496":{"start":{"line":959,"column":10},"end":{"line":965,"column":11}},"497":{"start":{"line":960,"column":12},"end":{"line":960,"column":43}},"498":{"start":{"line":961,"column":12},"end":{"line":961,"column":26}},"499":{"start":{"line":963,"column":12},"end":{"line":963,"column":28}},"500":{"start":{"line":964,"column":12},"end":{"line":964,"column":60}},"501":{"start":{"line":964,"column":41},"end":{"line":964,"column":58}},"502":{"start":{"line":967,"column":8},"end":{"line":974,"column":9}},"503":{"start":{"line":968,"column":10},"end":{"line":968,"column":28}},"504":{"start":{"line":969,"column":10},"end":{"line":969,"column":31}},"505":{"start":{"line":970,"column":10},"end":{"line":970,"column":18}},"506":{"start":{"line":972,"column":10},"end":{"line":972,"column":27}},"507":{"start":{"line":973,"column":10},"end":{"line":973,"column":26}},"508":{"start":{"line":976,"column":8},"end":{"line":976,"column":25}},"509":{"start":{"line":977,"column":8},"end":{"line":977,"column":24}},"510":{"start":{"line":980,"column":6},"end":{"line":980,"column":16}},"511":{"start":{"line":986,"column":6},"end":{"line":986,"column":23}},"512":{"start":{"line":987,"column":6},"end":{"line":987,"column":33}},"513":{"start":{"line":988,"column":6},"end":{"line":1022,"column":7}},"514":{"start":{"line":989,"column":8},"end":{"line":989,"column":26}},"515":{"start":{"line":990,"column":8},"end":{"line":1018,"column":9}},"516":{"start":{"line":991,"column":10},"end":{"line":997,"column":11}},"517":{"start":{"line":992,"column":12},"end":{"line":992,"column":25}},"518":{"start":{"line":993,"column":12},"end":{"line":993,"column":29}},"519":{"start":{"line":995,"column":12},"end":{"line":995,"column":28}},"520":{"start":{"line":996,"column":12},"end":{"line":996,"column":61}},"521":{"start":{"line":996,"column":41},"end":{"line":996,"column":59}},"522":{"start":{"line":998,"column":10},"end":{"line":1006,"column":11}},"523":{"start":{"line":999,"column":12},"end":{"line":1005,"column":13}},"524":{"start":{"line":1000,"column":14},"end":{"line":1000,"column":48}},"525":{"start":{"line":1001,"column":14},"end":{"line":1001,"column":31}},"526":{"start":{"line":1003,"column":14},"end":{"line":1003,"column":30}},"527":{"start":{"line":1004,"column":14},"end":{"line":1004,"column":63}},"528":{"start":{"line":1004,"column":43},"end":{"line":1004,"column":61}},"529":{"start":{"line":1007,"column":10},"end":{"line":1014,"column":11}},"530":{"start":{"line":1008,"column":12},"end":{"line":1008,"column":30}},"531":{"start":{"line":1009,"column":12},"end":{"line":1009,"column":37}},"532":{"start":{"line":1010,"column":12},"end":{"line":1010,"column":20}},"533":{"start":{"line":1012,"column":12},"end":{"line":1012,"column":29}},"534":{"start":{"line":1013,"column":12},"end":{"line":1013,"column":28}},"535":{"start":{"line":1016,"column":10},"end":{"line":1016,"column":27}},"536":{"start":{"line":1017,"column":10},"end":{"line":1017,"column":26}},"537":{"start":{"line":1020,"column":8},"end":{"line":1020,"column":25}},"538":{"start":{"line":1021,"column":8},"end":{"line":1021,"column":24}},"539":{"start":{"line":1024,"column":6},"end":{"line":1024,"column":16}},"540":{"start":{"line":1030,"column":6},"end":{"line":1030,"column":23}},"541":{"start":{"line":1031,"column":6},"end":{"line":1031,"column":23}},"542":{"start":{"line":1032,"column":6},"end":{"line":1032,"column":23}},"543":{"start":{"line":1033,"column":6},"end":{"line":1033,"column":33}},"544":{"start":{"line":1034,"column":6},"end":{"line":1046,"column":7}},"545":{"start":{"line":1035,"column":8},"end":{"line":1035,"column":26}},"546":{"start":{"line":1036,"column":8},"end":{"line":1042,"column":9}},"547":{"start":{"line":1037,"column":10},"end":{"line":1037,"column":24}},"548":{"start":{"line":1038,"column":10},"end":{"line":1038,"column":18}},"549":{"start":{"line":1040,"column":10},"end":{"line":1040,"column":27}},"550":{"start":{"line":1041,"column":10},"end":{"line":1041,"column":26}},"551":{"start":{"line":1044,"column":8},"end":{"line":1044,"column":25}},"552":{"start":{"line":1045,"column":8},"end":{"line":1045,"column":24}},"553":{"start":{"line":1047,"column":6},"end":{"line":1051,"column":7}},"554":{"start":{"line":1048,"column":8},"end":{"line":1048,"column":46}},"555":{"start":{"line":1050,"column":8},"end":{"line":1050,"column":16}},"556":{"start":{"line":1052,"column":6},"end":{"line":1065,"column":7}},"557":{"start":{"line":1053,"column":8},"end":{"line":1053,"column":35}},"558":{"start":{"line":1054,"column":8},"end":{"line":1061,"column":9}},"559":{"start":{"line":1055,"column":10},"end":{"line":1055,"column":28}},"560":{"start":{"line":1056,"column":10},"end":{"line":1056,"column":31}},"561":{"start":{"line":1057,"column":10},"end":{"line":1057,"column":18}},"562":{"start":{"line":1059,"column":10},"end":{"line":1059,"column":27}},"563":{"start":{"line":1060,"column":10},"end":{"line":1060,"column":26}},"564":{"start":{"line":1063,"column":8},"end":{"line":1063,"column":25}},"565":{"start":{"line":1064,"column":8},"end":{"line":1064,"column":24}},"566":{"start":{"line":1067,"column":6},"end":{"line":1067,"column":16}},"567":{"start":{"line":1073,"column":6},"end":{"line":1073,"column":23}},"568":{"start":{"line":1074,"column":6},"end":{"line":1074,"column":23}},"569":{"start":{"line":1075,"column":6},"end":{"line":1075,"column":23}},"570":{"start":{"line":1076,"column":6},"end":{"line":1076,"column":33}},"571":{"start":{"line":1077,"column":6},"end":{"line":1101,"column":7}},"572":{"start":{"line":1078,"column":8},"end":{"line":1078,"column":26}},"573":{"start":{"line":1079,"column":8},"end":{"line":1097,"column":9}},"574":{"start":{"line":1080,"column":10},"end":{"line":1080,"column":35}},"575":{"start":{"line":1081,"column":10},"end":{"line":1093,"column":11}},"576":{"start":{"line":1082,"column":12},"end":{"line":1082,"column":30}},"577":{"start":{"line":1083,"column":12},"end":{"line":1089,"column":13}},"578":{"start":{"line":1084,"column":14},"end":{"line":1084,"column":36}},"579":{"start":{"line":1085,"column":14},"end":{"line":1085,"column":22}},"580":{"start":{"line":1087,"column":14},"end":{"line":1087,"column":31}},"581":{"start":{"line":1088,"column":14},"end":{"line":1088,"column":30}},"582":{"start":{"line":1091,"column":12},"end":{"line":1091,"column":29}},"583":{"start":{"line":1092,"column":12},"end":{"line":1092,"column":28}},"584":{"start":{"line":1095,"column":10},"end":{"line":1095,"column":27}},"585":{"start":{"line":1096,"column":10},"end":{"line":1096,"column":26}},"586":{"start":{"line":1099,"column":8},"end":{"line":1099,"column":25}},"587":{"start":{"line":1100,"column":8},"end":{"line":1100,"column":24}},"588":{"start":{"line":1102,"column":6},"end":{"line":1106,"column":7}},"589":{"start":{"line":1103,"column":8},"end":{"line":1103,"column":46}},"590":{"start":{"line":1105,"column":8},"end":{"line":1105,"column":16}},"591":{"start":{"line":1107,"column":6},"end":{"line":1120,"column":7}},"592":{"start":{"line":1108,"column":8},"end":{"line":1108,"column":33}},"593":{"start":{"line":1109,"column":8},"end":{"line":1116,"column":9}},"594":{"start":{"line":1110,"column":10},"end":{"line":1110,"column":28}},"595":{"start":{"line":1111,"column":10},"end":{"line":1111,"column":31}},"596":{"start":{"line":1112,"column":10},"end":{"line":1112,"column":18}},"597":{"start":{"line":1114,"column":10},"end":{"line":1114,"column":27}},"598":{"start":{"line":1115,"column":10},"end":{"line":1115,"column":26}},"599":{"start":{"line":1118,"column":8},"end":{"line":1118,"column":25}},"600":{"start":{"line":1119,"column":8},"end":{"line":1119,"column":24}},"601":{"start":{"line":1122,"column":6},"end":{"line":1122,"column":16}},"602":{"start":{"line":1128,"column":6},"end":{"line":1128,"column":37}},"603":{"start":{"line":1129,"column":6},"end":{"line":1131,"column":7}},"604":{"start":{"line":1130,"column":8},"end":{"line":1130,"column":37}},"605":{"start":{"line":1133,"column":6},"end":{"line":1133,"column":16}},"606":{"start":{"line":1139,"column":6},"end":{"line":1139,"column":23}},"607":{"start":{"line":1140,"column":6},"end":{"line":1140,"column":36}},"608":{"start":{"line":1141,"column":6},"end":{"line":1211,"column":7}},"609":{"start":{"line":1142,"column":8},"end":{"line":1142,"column":16}},"610":{"start":{"line":1143,"column":8},"end":{"line":1143,"column":25}},"611":{"start":{"line":1144,"column":8},"end":{"line":1144,"column":26}},"612":{"start":{"line":1145,"column":8},"end":{"line":1169,"column":9}},"613":{"start":{"line":1146,"column":10},"end":{"line":1146,"column":34}},"614":{"start":{"line":1147,"column":10},"end":{"line":1165,"column":11}},"615":{"start":{"line":1148,"column":12},"end":{"line":1148,"column":30}},"616":{"start":{"line":1149,"column":12},"end":{"line":1161,"column":13}},"617":{"start":{"line":1150,"column":14},"end":{"line":1150,"column":44}},"618":{"start":{"line":1151,"column":14},"end":{"line":1157,"column":15}},"619":{"start":{"line":1152,"column":16},"end":{"line":1152,"column":38}},"620":{"start":{"line":1153,"column":16},"end":{"line":1153,"column":24}},"621":{"start":{"line":1155,"column":16},"end":{"line":1155,"column":33}},"622":{"start":{"line":1156,"column":16},"end":{"line":1156,"column":32}},"623":{"start":{"line":1159,"column":14},"end":{"line":1159,"column":31}},"624":{"start":{"line":1160,"column":14},"end":{"line":1160,"column":30}},"625":{"start":{"line":1163,"column":12},"end":{"line":1163,"column":29}},"626":{"start":{"line":1164,"column":12},"end":{"line":1164,"column":28}},"627":{"start":{"line":1167,"column":10},"end":{"line":1167,"column":27}},"628":{"start":{"line":1168,"column":10},"end":{"line":1168,"column":26}},"629":{"start":{"line":1170,"column":8},"end":{"line":1199,"column":9}},"630":{"start":{"line":1171,"column":10},"end":{"line":1171,"column":22}},"631":{"start":{"line":1172,"column":10},"end":{"line":1172,"column":27}},"632":{"start":{"line":1173,"column":10},"end":{"line":1173,"column":28}},"633":{"start":{"line":1174,"column":10},"end":{"line":1198,"column":11}},"634":{"start":{"line":1175,"column":12},"end":{"line":1175,"column":36}},"635":{"start":{"line":1176,"column":12},"end":{"line":1194,"column":13}},"636":{"start":{"line":1177,"column":14},"end":{"line":1177,"column":32}},"637":{"start":{"line":1178,"column":14},"end":{"line":1190,"column":15}},"638":{"start":{"line":1179,"column":16},"end":{"line":1179,"column":46}},"639":{"start":{"line":1180,"column":16},"end":{"line":1186,"column":17}},"640":{"start":{"line":1181,"column":18},"end":{"line":1181,"column":40}},"641":{"start":{"line":1182,"column":18},"end":{"line":1182,"column":26}},"642":{"start":{"line":1184,"column":18},"end":{"line":1184,"column":35}},"643":{"start":{"line":1185,"column":18},"end":{"line":1185,"column":34}},"644":{"start":{"line":1188,"column":16},"end":{"line":1188,"column":33}},"645":{"start":{"line":1189,"column":16},"end":{"line":1189,"column":32}},"646":{"start":{"line":1192,"column":14},"end":{"line":1192,"column":31}},"647":{"start":{"line":1193,"column":14},"end":{"line":1193,"column":30}},"648":{"start":{"line":1196,"column":12},"end":{"line":1196,"column":29}},"649":{"start":{"line":1197,"column":12},"end":{"line":1197,"column":28}},"650":{"start":{"line":1200,"column":8},"end":{"line":1207,"column":9}},"651":{"start":{"line":1201,"column":10},"end":{"line":1201,"column":28}},"652":{"start":{"line":1202,"column":10},"end":{"line":1202,"column":31}},"653":{"start":{"line":1203,"column":10},"end":{"line":1203,"column":18}},"654":{"start":{"line":1205,"column":10},"end":{"line":1205,"column":27}},"655":{"start":{"line":1206,"column":10},"end":{"line":1206,"column":26}},"656":{"start":{"line":1209,"column":8},"end":{"line":1209,"column":25}},"657":{"start":{"line":1210,"column":8},"end":{"line":1210,"column":24}},"658":{"start":{"line":1213,"column":6},"end":{"line":1213,"column":16}},"659":{"start":{"line":1219,"column":6},"end":{"line":1219,"column":23}},"660":{"start":{"line":1220,"column":6},"end":{"line":1220,"column":36}},"661":{"start":{"line":1221,"column":6},"end":{"line":1291,"column":7}},"662":{"start":{"line":1222,"column":8},"end":{"line":1222,"column":16}},"663":{"start":{"line":1223,"column":8},"end":{"line":1223,"column":25}},"664":{"start":{"line":1224,"column":8},"end":{"line":1224,"column":26}},"665":{"start":{"line":1225,"column":8},"end":{"line":1249,"column":9}},"666":{"start":{"line":1226,"column":10},"end":{"line":1226,"column":35}},"667":{"start":{"line":1227,"column":10},"end":{"line":1245,"column":11}},"668":{"start":{"line":1228,"column":12},"end":{"line":1228,"column":30}},"669":{"start":{"line":1229,"column":12},"end":{"line":1241,"column":13}},"670":{"start":{"line":1230,"column":14},"end":{"line":1230,"column":44}},"671":{"start":{"line":1231,"column":14},"end":{"line":1237,"column":15}},"672":{"start":{"line":1232,"column":16},"end":{"line":1232,"column":38}},"673":{"start":{"line":1233,"column":16},"end":{"line":1233,"column":24}},"674":{"start":{"line":1235,"column":16},"end":{"line":1235,"column":33}},"675":{"start":{"line":1236,"column":16},"end":{"line":1236,"column":32}},"676":{"start":{"line":1239,"column":14},"end":{"line":1239,"column":31}},"677":{"start":{"line":1240,"column":14},"end":{"line":1240,"column":30}},"678":{"start":{"line":1243,"column":12},"end":{"line":1243,"column":29}},"679":{"start":{"line":1244,"column":12},"end":{"line":1244,"column":28}},"680":{"start":{"line":1247,"column":10},"end":{"line":1247,"column":27}},"681":{"start":{"line":1248,"column":10},"end":{"line":1248,"column":26}},"682":{"start":{"line":1250,"column":8},"end":{"line":1279,"column":9}},"683":{"start":{"line":1251,"column":10},"end":{"line":1251,"column":22}},"684":{"start":{"line":1252,"column":10},"end":{"line":1252,"column":27}},"685":{"start":{"line":1253,"column":10},"end":{"line":1253,"column":28}},"686":{"start":{"line":1254,"column":10},"end":{"line":1278,"column":11}},"687":{"start":{"line":1255,"column":12},"end":{"line":1255,"column":37}},"688":{"start":{"line":1256,"column":12},"end":{"line":1274,"column":13}},"689":{"start":{"line":1257,"column":14},"end":{"line":1257,"column":32}},"690":{"start":{"line":1258,"column":14},"end":{"line":1270,"column":15}},"691":{"start":{"line":1259,"column":16},"end":{"line":1259,"column":46}},"692":{"start":{"line":1260,"column":16},"end":{"line":1266,"column":17}},"693":{"start":{"line":1261,"column":18},"end":{"line":1261,"column":40}},"694":{"start":{"line":1262,"column":18},"end":{"line":1262,"column":26}},"695":{"start":{"line":1264,"column":18},"end":{"line":1264,"column":35}},"696":{"start":{"line":1265,"column":18},"end":{"line":1265,"column":34}},"697":{"start":{"line":1268,"column":16},"end":{"line":1268,"column":33}},"698":{"start":{"line":1269,"column":16},"end":{"line":1269,"column":32}},"699":{"start":{"line":1272,"column":14},"end":{"line":1272,"column":31}},"700":{"start":{"line":1273,"column":14},"end":{"line":1273,"column":30}},"701":{"start":{"line":1276,"column":12},"end":{"line":1276,"column":29}},"702":{"start":{"line":1277,"column":12},"end":{"line":1277,"column":28}},"703":{"start":{"line":1280,"column":8},"end":{"line":1287,"column":9}},"704":{"start":{"line":1281,"column":10},"end":{"line":1281,"column":28}},"705":{"start":{"line":1282,"column":10},"end":{"line":1282,"column":31}},"706":{"start":{"line":1283,"column":10},"end":{"line":1283,"column":18}},"707":{"start":{"line":1285,"column":10},"end":{"line":1285,"column":27}},"708":{"start":{"line":1286,"column":10},"end":{"line":1286,"column":26}},"709":{"start":{"line":1289,"column":8},"end":{"line":1289,"column":25}},"710":{"start":{"line":1290,"column":8},"end":{"line":1290,"column":24}},"711":{"start":{"line":1293,"column":6},"end":{"line":1293,"column":16}},"712":{"start":{"line":1299,"column":6},"end":{"line":1299,"column":23}},"713":{"start":{"line":1300,"column":6},"end":{"line":1300,"column":31}},"714":{"start":{"line":1301,"column":6},"end":{"line":1323,"column":7}},"715":{"start":{"line":1302,"column":8},"end":{"line":1302,"column":26}},"716":{"start":{"line":1303,"column":8},"end":{"line":1319,"column":9}},"717":{"start":{"line":1304,"column":10},"end":{"line":1304,"column":40}},"718":{"start":{"line":1305,"column":10},"end":{"line":1307,"column":11}},"719":{"start":{"line":1306,"column":12},"end":{"line":1306,"column":41}},"720":{"start":{"line":1308,"column":10},"end":{"line":1315,"column":11}},"721":{"start":{"line":1309,"column":12},"end":{"line":1309,"column":30}},"722":{"start":{"line":1310,"column":12},"end":{"line":1310,"column":37}},"723":{"start":{"line":1311,"column":12},"end":{"line":1311,"column":20}},"724":{"start":{"line":1313,"column":12},"end":{"line":1313,"column":29}},"725":{"start":{"line":1314,"column":12},"end":{"line":1314,"column":28}},"726":{"start":{"line":1317,"column":10},"end":{"line":1317,"column":27}},"727":{"start":{"line":1318,"column":10},"end":{"line":1318,"column":26}},"728":{"start":{"line":1321,"column":8},"end":{"line":1321,"column":25}},"729":{"start":{"line":1322,"column":8},"end":{"line":1322,"column":24}},"730":{"start":{"line":1324,"column":6},"end":{"line":1326,"column":7}},"731":{"start":{"line":1325,"column":8},"end":{"line":1325,"column":45}},"732":{"start":{"line":1328,"column":6},"end":{"line":1328,"column":16}},"733":{"start":{"line":1334,"column":6},"end":{"line":1334,"column":23}},"734":{"start":{"line":1335,"column":6},"end":{"line":1335,"column":41}},"735":{"start":{"line":1336,"column":6},"end":{"line":1476,"column":7}},"736":{"start":{"line":1337,"column":8},"end":{"line":1337,"column":16}},"737":{"start":{"line":1338,"column":8},"end":{"line":1338,"column":25}},"738":{"start":{"line":1339,"column":8},"end":{"line":1339,"column":26}},"739":{"start":{"line":1340,"column":8},"end":{"line":1367,"column":9}},"740":{"start":{"line":1341,"column":10},"end":{"line":1341,"column":45}},"741":{"start":{"line":1342,"column":10},"end":{"line":1363,"column":11}},"742":{"start":{"line":1343,"column":12},"end":{"line":1343,"column":30}},"743":{"start":{"line":1344,"column":12},"end":{"line":1359,"column":13}},"744":{"start":{"line":1345,"column":14},"end":{"line":1345,"column":51}},"745":{"start":{"line":1346,"column":14},"end":{"line":1348,"column":15}},"746":{"start":{"line":1347,"column":16},"end":{"line":1347,"column":51}},"747":{"start":{"line":1349,"column":14},"end":{"line":1355,"column":15}},"748":{"start":{"line":1350,"column":16},"end":{"line":1350,"column":38}},"749":{"start":{"line":1351,"column":16},"end":{"line":1351,"column":24}},"750":{"start":{"line":1353,"column":16},"end":{"line":1353,"column":33}},"751":{"start":{"line":1354,"column":16},"end":{"line":1354,"column":32}},"752":{"start":{"line":1357,"column":14},"end":{"line":1357,"column":31}},"753":{"start":{"line":1358,"column":14},"end":{"line":1358,"column":30}},"754":{"start":{"line":1361,"column":12},"end":{"line":1361,"column":29}},"755":{"start":{"line":1362,"column":12},"end":{"line":1362,"column":28}},"756":{"start":{"line":1365,"column":10},"end":{"line":1365,"column":27}},"757":{"start":{"line":1366,"column":10},"end":{"line":1366,"column":26}},"758":{"start":{"line":1368,"column":8},"end":{"line":1399,"column":9}},"759":{"start":{"line":1369,"column":10},"end":{"line":1369,"column":27}},"760":{"start":{"line":1370,"column":10},"end":{"line":1370,"column":28}},"761":{"start":{"line":1371,"column":10},"end":{"line":1398,"column":11}},"762":{"start":{"line":1372,"column":12},"end":{"line":1372,"column":41}},"763":{"start":{"line":1373,"column":12},"end":{"line":1394,"column":13}},"764":{"start":{"line":1374,"column":14},"end":{"line":1374,"column":32}},"765":{"start":{"line":1375,"column":14},"end":{"line":1390,"column":15}},"766":{"start":{"line":1376,"column":16},"end":{"line":1376,"column":46}},"767":{"start":{"line":1377,"column":16},"end":{"line":1379,"column":17}},"768":{"start":{"line":1378,"column":18},"end":{"line":1378,"column":55}},"769":{"start":{"line":1380,"column":16},"end":{"line":1386,"column":17}},"770":{"start":{"line":1381,"column":18},"end":{"line":1381,"column":40}},"771":{"start":{"line":1382,"column":18},"end":{"line":1382,"column":26}},"772":{"start":{"line":1384,"column":18},"end":{"line":1384,"column":35}},"773":{"start":{"line":1385,"column":18},"end":{"line":1385,"column":34}},"774":{"start":{"line":1388,"column":16},"end":{"line":1388,"column":33}},"775":{"start":{"line":1389,"column":16},"end":{"line":1389,"column":32}},"776":{"start":{"line":1392,"column":14},"end":{"line":1392,"column":31}},"777":{"start":{"line":1393,"column":14},"end":{"line":1393,"column":30}},"778":{"start":{"line":1396,"column":12},"end":{"line":1396,"column":29}},"779":{"start":{"line":1397,"column":12},"end":{"line":1397,"column":28}},"780":{"start":{"line":1400,"column":8},"end":{"line":1464,"column":9}},"781":{"start":{"line":1401,"column":10},"end":{"line":1401,"column":22}},"782":{"start":{"line":1402,"column":10},"end":{"line":1402,"column":27}},"783":{"start":{"line":1403,"column":10},"end":{"line":1403,"column":28}},"784":{"start":{"line":1404,"column":10},"end":{"line":1431,"column":11}},"785":{"start":{"line":1405,"column":12},"end":{"line":1405,"column":47}},"786":{"start":{"line":1406,"column":12},"end":{"line":1427,"column":13}},"787":{"start":{"line":1407,"column":14},"end":{"line":1407,"column":32}},"788":{"start":{"line":1408,"column":14},"end":{"line":1423,"column":15}},"789":{"start":{"line":1409,"column":16},"end":{"line":1409,"column":53}},"790":{"start":{"line":1410,"column":16},"end":{"line":1412,"column":17}},"791":{"start":{"line":1411,"column":18},"end":{"line":1411,"column":53}},"792":{"start":{"line":1413,"column":16},"end":{"line":1419,"column":17}},"793":{"start":{"line":1414,"column":18},"end":{"line":1414,"column":40}},"794":{"start":{"line":1415,"column":18},"end":{"line":1415,"column":26}},"795":{"start":{"line":1417,"column":18},"end":{"line":1417,"column":35}},"796":{"start":{"line":1418,"column":18},"end":{"line":1418,"column":34}},"797":{"start":{"line":1421,"column":16},"end":{"line":1421,"column":33}},"798":{"start":{"line":1422,"column":16},"end":{"line":1422,"column":32}},"799":{"start":{"line":1425,"column":14},"end":{"line":1425,"column":31}},"800":{"start":{"line":1426,"column":14},"end":{"line":1426,"column":30}},"801":{"start":{"line":1429,"column":12},"end":{"line":1429,"column":29}},"802":{"start":{"line":1430,"column":12},"end":{"line":1430,"column":28}},"803":{"start":{"line":1432,"column":10},"end":{"line":1463,"column":11}},"804":{"start":{"line":1433,"column":12},"end":{"line":1433,"column":29}},"805":{"start":{"line":1434,"column":12},"end":{"line":1434,"column":30}},"806":{"start":{"line":1435,"column":12},"end":{"line":1462,"column":13}},"807":{"start":{"line":1436,"column":14},"end":{"line":1436,"column":43}},"808":{"start":{"line":1437,"column":14},"end":{"line":1458,"column":15}},"809":{"start":{"line":1438,"column":16},"end":{"line":1438,"column":34}},"810":{"start":{"line":1439,"column":16},"end":{"line":1454,"column":17}},"811":{"start":{"line":1440,"column":18},"end":{"line":1440,"column":48}},"812":{"start":{"line":1441,"column":18},"end":{"line":1443,"column":19}},"813":{"start":{"line":1442,"column":20},"end":{"line":1442,"column":57}},"814":{"start":{"line":1444,"column":18},"end":{"line":1450,"column":19}},"815":{"start":{"line":1445,"column":20},"end":{"line":1445,"column":42}},"816":{"start":{"line":1446,"column":20},"end":{"line":1446,"column":28}},"817":{"start":{"line":1448,"column":20},"end":{"line":1448,"column":37}},"818":{"start":{"line":1449,"column":20},"end":{"line":1449,"column":36}},"819":{"start":{"line":1452,"column":18},"end":{"line":1452,"column":35}},"820":{"start":{"line":1453,"column":18},"end":{"line":1453,"column":34}},"821":{"start":{"line":1456,"column":16},"end":{"line":1456,"column":33}},"822":{"start":{"line":1457,"column":16},"end":{"line":1457,"column":32}},"823":{"start":{"line":1460,"column":14},"end":{"line":1460,"column":31}},"824":{"start":{"line":1461,"column":14},"end":{"line":1461,"column":30}},"825":{"start":{"line":1465,"column":8},"end":{"line":1472,"column":9}},"826":{"start":{"line":1466,"column":10},"end":{"line":1466,"column":28}},"827":{"start":{"line":1467,"column":10},"end":{"line":1467,"column":31}},"828":{"start":{"line":1468,"column":10},"end":{"line":1468,"column":18}},"829":{"start":{"line":1470,"column":10},"end":{"line":1470,"column":27}},"830":{"start":{"line":1471,"column":10},"end":{"line":1471,"column":26}},"831":{"start":{"line":1474,"column":8},"end":{"line":1474,"column":25}},"832":{"start":{"line":1475,"column":8},"end":{"line":1475,"column":24}},"833":{"start":{"line":1478,"column":6},"end":{"line":1478,"column":16}},"834":{"start":{"line":1484,"column":6},"end":{"line":1484,"column":23}},"835":{"start":{"line":1485,"column":6},"end":{"line":1485,"column":44}},"836":{"start":{"line":1486,"column":6},"end":{"line":1568,"column":7}},"837":{"start":{"line":1487,"column":8},"end":{"line":1487,"column":16}},"838":{"start":{"line":1488,"column":8},"end":{"line":1488,"column":25}},"839":{"start":{"line":1489,"column":8},"end":{"line":1489,"column":26}},"840":{"start":{"line":1490,"column":8},"end":{"line":1520,"column":9}},"841":{"start":{"line":1491,"column":10},"end":{"line":1497,"column":11}},"842":{"start":{"line":1492,"column":12},"end":{"line":1492,"column":25}},"843":{"start":{"line":1493,"column":12},"end":{"line":1493,"column":26}},"844":{"start":{"line":1495,"column":12},"end":{"line":1495,"column":28}},"845":{"start":{"line":1496,"column":12},"end":{"line":1496,"column":61}},"846":{"start":{"line":1496,"column":41},"end":{"line":1496,"column":59}},"847":{"start":{"line":1498,"column":10},"end":{"line":1516,"column":11}},"848":{"start":{"line":1499,"column":12},"end":{"line":1499,"column":30}},"849":{"start":{"line":1500,"column":12},"end":{"line":1512,"column":13}},"850":{"start":{"line":1501,"column":14},"end":{"line":1501,"column":52}},"851":{"start":{"line":1502,"column":14},"end":{"line":1508,"column":15}},"852":{"start":{"line":1503,"column":16},"end":{"line":1503,"column":38}},"853":{"start":{"line":1504,"column":16},"end":{"line":1504,"column":24}},"854":{"start":{"line":1506,"column":16},"end":{"line":1506,"column":33}},"855":{"start":{"line":1507,"column":16},"end":{"line":1507,"column":32}},"856":{"start":{"line":1510,"column":14},"end":{"line":1510,"column":31}},"857":{"start":{"line":1511,"column":14},"end":{"line":1511,"column":30}},"858":{"start":{"line":1514,"column":12},"end":{"line":1514,"column":29}},"859":{"start":{"line":1515,"column":12},"end":{"line":1515,"column":28}},"860":{"start":{"line":1518,"column":10},"end":{"line":1518,"column":27}},"861":{"start":{"line":1519,"column":10},"end":{"line":1519,"column":26}},"862":{"start":{"line":1521,"column":8},"end":{"line":1556,"column":9}},"863":{"start":{"line":1522,"column":10},"end":{"line":1522,"column":22}},"864":{"start":{"line":1523,"column":10},"end":{"line":1523,"column":27}},"865":{"start":{"line":1524,"column":10},"end":{"line":1524,"column":28}},"866":{"start":{"line":1525,"column":10},"end":{"line":1555,"column":11}},"867":{"start":{"line":1526,"column":12},"end":{"line":1532,"column":13}},"868":{"start":{"line":1527,"column":14},"end":{"line":1527,"column":27}},"869":{"start":{"line":1528,"column":14},"end":{"line":1528,"column":28}},"870":{"start":{"line":1530,"column":14},"end":{"line":1530,"column":30}},"871":{"start":{"line":1531,"column":14},"end":{"line":1531,"column":63}},"872":{"start":{"line":1531,"column":43},"end":{"line":1531,"column":61}},"873":{"start":{"line":1533,"column":12},"end":{"line":1551,"column":13}},"874":{"start":{"line":1534,"column":14},"end":{"line":1534,"column":32}},"875":{"start":{"line":1535,"column":14},"end":{"line":1547,"column":15}},"876":{"start":{"line":1536,"column":16},"end":{"line":1536,"column":54}},"877":{"start":{"line":1537,"column":16},"end":{"line":1543,"column":17}},"878":{"start":{"line":1538,"column":18},"end":{"line":1538,"column":40}},"879":{"start":{"line":1539,"column":18},"end":{"line":1539,"column":26}},"880":{"start":{"line":1541,"column":18},"end":{"line":1541,"column":35}},"881":{"start":{"line":1542,"column":18},"end":{"line":1542,"column":34}},"882":{"start":{"line":1545,"column":16},"end":{"line":1545,"column":33}},"883":{"start":{"line":1546,"column":16},"end":{"line":1546,"column":
[...]
":{"line":79,"column":9},"end":{"line":92,"column":null}},"19":{"start":{"line":81,"column":6},"end":{"line":86,"column":41}},"20":{"start":{"line":87,"column":4},"end":{"line":90,"column":null}},"21":{"start":{"line":88,"column":6},"end":{"line":89,"column":93}},"22":{"start":{"line":91,"column":4},"end":{"line":91,"column":71}},"23":{"start":{"line":94,"column":9},"end":{"line":107,"column":null}},"24":{"start":{"line":95,"column":4},"end":{"line":106,"column":14}},"25":{"start":{"line":98,"column":10},"end":{"line":104,"column":null}},"26":{"start":{"line":108,"column":0},"end":{"line":108,"column":null}},"27":{"start":{"line":34,"column":13},"end":{"line":34,"column":26}},"28":{"start":{"line":110,"column":0},"end":{"line":110,"column":49}}},"fnMap":{"0":{"name":"(anonymous_0)","decl":{"start":{"line":34,"column":0},"end":{"line":34,"column":13}},"loc":{"start":{"line":34,"column":0},"end":{"line":108,"column":null}}},"1":{"name":"SqlCaseSimple","decl":{"start":{"line":53,"column":2},"end":{"line":53,"column":14}},"loc":{"start":{"line":53,"column":36},"end":{"line":62,"column":3}}},"2":{"name":"(anonymous_2)","decl":{"start":{"line":35,"column":2},"end":{"line":35,"column":9}},"loc":{"start":{"line":35,"column":50},"end":{"line":37,"column":3}}},"3":{"name":"(anonymous_3)","decl":{"start":{"line":64,"column":2},"end":{"line":64,"column":9}},"loc":{"start":{"line":64,"column":2},"end":{"line":77,"column":3}}},"4":{"name":"(anonymous_4)","decl":{"start":{"line":79,"column":2},"end":{"line":79,"column":9}},"loc":{"start":{"line":79,"column":2},"end":{"line":92,"column":3}}},"5":{"name":"(anonymous_5)","decl":{"start":{"line":94,"column":2},"end":{"line":94,"column":9}},"loc":{"start":{"line":94,"column":2},"end":{"line":107,"column":3}}},"6":{"name":"(anonymous_6)","decl":{"start":{"line":97,"column":8},"end":{"line":97,"column":12}},"loc":{"start":{"line":97,"column":12},"end":{"line":98,"column":14}}}},"branchMap":{"0":{"loc":{"start":{"line":54,"column":4},"end":{"line":54,"column":35}},"type":"binary-expr","locations":[{"start":{"line":54,"column":4},"end":{"line":54,"column":35}},{"start":{"line":54,"column":35},"end":{"line":54,"column":null}}]},"1":{"loc":{"start":{"line":75,"column":4},"end":{"line":75,"column":48}},"type":"if","locations":[{"start":{"line":75,"column":4},"end":{"line":75,"column":48}},{"start":{"line":75,"column":4},"end":{"line":75,"column":48}}]},"2":{"loc":{"start":{"line":87,"column":4},"end":{"line":90,"column":null}},"type":"if","locations":[{"start":{"line":87,"column":4},"end":{"line":90,"column":null}},{"start":{"line":87,"column":4},"end":{"line":90,"column":null}}]},"3":{"loc":{"start":{"line":87,"column":8},"end":{"line":87,"column":24}},"type":"binary-expr","locations":[{"start":{"line":87,"column":8},"end":{"line":87,"column":24}},{"start":{"line":87,"column":28},"end":{"line":87,"column":47}}]}},"s":{"0":7,"1":7,"2":7,"3":36,"4":36,"5":36,"6":36,"7":36,"8":36,"9":36,"10":36,"11":7,"12":0,"13":7,"14":12,"15":12,"16":0,"17":12,"18":7,"19":12,"20":12,"21":2,"22":12,"23":7,"24":12,"25":12,"26":7,"27":7,"28":7},"f":{"0":7,"1":36,"2":0,"3":12,"4":12,"5":12,"6":12},"b":{"0":[36,36],"1":[0,12],"2":[2,10],"3":[12,2]}}
,"/Users/maggiebrewster/WebstormProjects/untitled2/druid-query-toolkit/src/sql/sql-function/sql-function.ts": {"path":"/Users/maggiebrewster/WebstormProjects/untitled2/druid-query-toolkit/src/sql/sql-function/sql-function.ts","statementMap":{"0":{"start":{"line":15,"column":0},"end":{"line":15,"column":31}},"1":{"start":{"line":16,"column":0},"end":{"line":16,"column":52}},"2":{"start":{"line":33,"column":0},"end":{"line":33,"column":null}},"3":{"start":{"line":33,"column":33},"end":{"line":33,"column":40}},"4":{"start":{"line":44,"column":4},"end":{"line":44,"column":null}},"5":{"start":{"line":45,"column":4},"end":{"line":45,"column":45}},"6":{"start":{"line":46,"column":4},"end":{"line":46,"column":45}},"7":{"start":{"line":47,"column":4},"end":{"line":47,"column":39}},"8":{"start":{"line":48,"column":4},"end":{"line":48,"column":38}},"9":{"start":{"line":51,"column":9},"end":{"line":61,"column":null}},"10":{"start":{"line":52,"column":36},"end":{"line":58,"column":6}},"11":{"start":{"line":59,"column":4},"end":{"line":59,"column":48}},"12":{"start":{"line":59,"column":21},"end":{"line":59,"column":48}},"13":{"start":{"line":60,"column":4},"end":{"line":60,"column":17}},"14":{"start":{"line":63,"column":9},"end":{"line":75,"column":null}},"15":{"start":{"line":65,"column":6},"end":{"line":68,"column":43}},"16":{"start":{"line":69,"column":4},"end":{"line":73,"column":null}},"17":{"start":{"line":70,"column":6},"end":{"line":70,"column":84}},"18":{"start":{"line":72,"column":6},"end":{"line":72,"column":59}},"19":{"start":{"line":74,"column":4},"end":{"line":74,"column":67}},"20":{"start":{"line":76,"column":0},"end":{"line":76,"column":null}},"21":{"start":{"line":33,"column":13},"end":{"line":33,"column":24}},"22":{"start":{"line":78,"column":0},"end":{"line":78,"column":45}}},"fnMap":{"0":{"name":"(anonymous_0)","decl":{"start":{"line":33,"column":0},"end":{"line":33,"column":13}},"loc":{"start":{"line":33,"column":0},"end":{"line":76,"column":null}}},"1":{"name":"SqlFunction","decl":{"start":{"line":43,"column":2},"end":{"line":43,"column":14}},"loc":{"start":{"line":43,"column":39},"end":{"line":49,"column":3}}},"2":{"name":"(anonymous_2)","decl":{"start":{"line":51,"column":2},"end":{"line":51,"column":9}},"loc":{"start":{"line":51,"column":2},"end":{"line":61,"column":3}}},"3":{"name":"(anonymous_3)","decl":{"start":{"line":63,"column":2},"end":{"line":63,"column":9}},"loc":{"start":{"line":63,"column":2},"end":{"line":75,"column":3}}}},"branchMap":{"0":{"loc":{"start":{"line":44,"column":4},"end":{"line":44,"column":33}},"type":"binary-expr","locations":[{"start":{"line":44,"column":4},"end":{"line":44,"column":33}},{"start":{"line":44,"column":33},"end":{"line":44,"column":null}}]},"1":{"loc":{"start":{"line":59,"column":4},"end":{"line":59,"column":48}},"type":"if","locations":[{"start":{"line":59,"column":4},"end":{"line":59,"column":48}},{"start":{"line":59,"column":4},"end":{"line":59,"column":48}}]},"2":{"loc":{"start":{"line":69,"column":4},"end":{"line":73,"column":null}},"type":"if","locations":[{"start":{"line":69,"column":4},"end":{"line":73,"column":null}},{"start":{"line":69,"column":4},"end":{"line":73,"column":null}}]},"3":{"loc":{"start":{"line":69,"column":8},"end":{"line":69,"column":33}},"type":"binary-expr","locations":[{"start":{"line":69,"column":8},"end":{"line":69,"column":33}},{"start":{"line":69,"column":37},"end":{"line":69,"column":52}}]}},"s":{"0":7,"1":7,"2":7,"3":7,"4":16,"5":16,"6":16,"7":16,"8":16,"9":7,"10":5,"11":5,"12":0,"13":5,"14":7,"15":7,"16":7,"17":0,"18":7,"19":7,"20":7,"21":7,"22":7},"f":{"0":7,"1":16,"2":5,"3":7},"b":{"0":[16,16],"1":[0,5],"2":[0,7],"3":[7,0]}}
,"/Users/maggiebrewster/WebstormProjects/untitled2/druid-query-toolkit/src/sql/sql-literal/sql-literal.ts": {"path":"/Users/maggiebrewster/WebstormProjects/untitled2/druid-query-toolkit/src/sql/sql-literal/sql-literal.ts","statementMap":{"0":{"start":{"line":15,"column":0},"end":{"line":15,"column":52}},"1":{"start":{"line":22,"column":0},"end":{"line":22,"column":null}},"2":{"start":{"line":22,"column":32},"end":{"line":22,"column":39}},"3":{"start":{"line":31,"column":4},"end":{"line":31,"column":null}},"4":{"start":{"line":32,"column":4},"end":{"line":32,"column":31}},"5":{"start":{"line":33,"column":4},"end":{"line":33,"column":43}},"6":{"start":{"line":23,"column":9},"end":{"line":25,"column":null}},"7":{"start":{"line":24,"column":4},"end":{"line":24,"column":38}},"8":{"start":{"line":36,"column":9},"end":{"line":38,"column":null}},"9":{"start":{"line":37,"column":4},"end":{"line":37,"column":28}},"10":{"start":{"line":39,"column":0},"end":{"line":39,"column":null}},"11":{"start":{"line":22,"column":13},"end":{"line":22,"column":23}},"12":{"start":{"line":40,"column":0},"end":{"line":40,"column":40}}},"fnMap":{"0":{"name":"(anonymous_0)","decl":{"start":{"line":22,"column":0},"end":{"line":22,"column":13}},"loc":{"start":{"line":22,"column":0},"end":{"line":39,"column":null}}},"1":{"name":"SqlLiteral","decl":{"start":{"line":30,"column":2},"end":{"line":30,"column":14}},"loc":{"start":{"line":30,"column":38},"end":{"line":34,"column":3}}},"2":{"name":"(anonymous_2)","decl":{"start":{"line":23,"column":2},"end":{"line":23,"column":9}},"loc":{"start":{"line":23,"column":50},"end":{"line":25,"column":3}}},"3":{"name":"(anonymous_3)","decl":{"start":{"line":36,"column":2},"end":{"line":36,"column":9}},"loc":{"start":{"line":36,"column":2},"end":{"line":38,"column":3}}}},"branchMap":{"0":{"loc":{"start":{"line":31,"column":4},"end":{"line":31,"column":29}},"type":"binary-expr","locations":[{"start":{"line":31,"column":4},"end":{"line":31,"column":29}},{"start":{"line":31,"column":29},"end":{"line":31,"column":null}}]}},"s":{"0":7,"1":7,"2":7,"3":76,"4":76,"5":76,"6":7,"7":0,"8":7,"9":32,"10":7,"11":7,"12":7},"f":{"0":7,"1":76,"2":0,"3":32},"b":{"0":[76,76]}}
,"/Users/maggiebrewster/WebstormProjects/untitled2/druid-query-toolkit/src/sql/sql-multi/sql-multi.ts": {"path":"/Users/maggiebrewster/WebstormProjects/untitled2/druid-query-toolkit/src/sql/sql-multi/sql-multi.ts","statementMap":{"0":{"start":{"line":15,"column":0},"end":{"line":15,"column":37}},"1":{"start":{"line":16,"column":0},"end":{"line":16,"column":52}},"2":{"start":{"line":24,"column":0},"end":{"line":24,"column":null}},"3":{"start":{"line":24,"column":30},"end":{"line":24,"column":37}},"4":{"start":{"line":34,"column":4},"end":{"line":34,"column":null}},"5":{"start":{"line":35,"column":4},"end":{"line":35,"column":39}},"6":{"start":{"line":36,"column":4},"end":{"line":36,"column":41}},"7":{"start":{"line":37,"column":4},"end":{"line":37,"column":49}},"8":{"start":{"line":25,"column":9},"end":{"line":27,"column":null}},"9":{"start":{"line":26,"column":4},"end":{"line":26,"column":38}},"10":{"start":{"line":40,"column":9},"end":{"line":50,"column":null}},"11":{"start":{"line":41,"column":33},"end":{"line":46,"column":6}},"12":{"start":{"line":47,"column":4},"end":{"line":47,"column":66}},"13":{"start":{"line":47,"column":27},"end":{"line":47,"column":66}},"14":{"start":{"line":48,"column":4},"end":{"line":48,"column":48}},"15":{"start":{"line":48,"column":21},"end":{"line":48,"column":48}},"16":{"start":{"line":49,"column":4},"end":{"line":49,"column":17}},"17":{"start":{"line":51,"column":9},"end":{"line":53,"column":null}},"18":{"start":{"line":52,"column":4},"end":{"line":52,"column":65}},"19":{"start":{"line":54,"column":0},"end":{"line":54,"column":null}},"20":{"start":{"line":24,"column":13},"end":{"line":24,"column":21}},"21":{"start":{"line":56,"column":0},"end":{"line":56,"column":39}}},"fnMap":{"0":{"name":"(anonymous_0)","decl":{"start":{"line":24,"column":0},"end":{"line":24,"column":13}},"loc":{"start":{"line":24,"column":0},"end":{"line":54,"column":null}}},"1":{"name":"SqlMulti","decl":{"start":{"line":33,"column":2},"end":{"line":33,"column":14}},"loc":{"start":{"line":33,"column":36},"end":{"line":38,"column":3}}},"2":{"name":"(anonymous_2)","decl":{"start":{"line":25,"column":2},"end":{"line":25,"column":9}},"loc":{"start":{"line":25,"column":50},"end":{"line":27,"column":3}}},"3":{"name":"(anonymous_3)","decl":{"start":{"line":40,"column":2},"end":{"line":40,"column":9}},"loc":{"start":{"line":40,"column":2},"end":{"line":50,"column":3}}},"4":{"name":"(anonymous_4)","decl":{"start":{"line":51,"column":2},"end":{"line":51,"column":9}},"loc":{"start":{"line":51,"column":2},"end":{"line":53,"column":3}}}},"branchMap":{"0":{"loc":{"start":{"line":34,"column":4},"end":{"line":34,"column":30}},"type":"binary-expr","locations":[{"start":{"line":34,"column":4},"end":{"line":34,"column":30}},{"start":{"line":34,"column":30},"end":{"line":34,"column":null}}]},"1":{"loc":{"start":{"line":47,"column":4},"end":{"line":47,"column":66}},"type":"if","locations":[{"start":{"line":47,"column":4},"end":{"line":47,"column":66}},{"start":{"line":47,"column":4},"end":{"line":47,"column":66}}]},"2":{"loc":{"start":{"line":48,"column":4},"end":{"line":48,"column":48}},"type":"if","locations":[{"start":{"line":48,"column":4},"end":{"line":48,"column":48}},{"start":{"line":48,"column":4},"end":{"line":48,"column":48}}]}},"s":{"0":7,"1":7,"2":7,"3":7,"4":157,"5":157,"6":157,"7":157,"8":7,"9":0,"10":7,"11":26,"12":26,"13":0,"14":26,"15":2,"16":26,"17":7,"18":67,"19":7,"20":7,"21":7},"f":{"0":7,"1":157,"2":0,"3":26,"4":67},"b":{"0":[157,157],"1":[0,26],"2":[2,24]}}
,"/Users/maggiebrewster/WebstormProjects/untitled2/druid-query-toolkit/src/sql/sql-ref/sql-ref.ts": {"path":"/Users/maggiebrewster/WebstormProjects/untitled2/druid-query-toolkit/src/sql/sql-ref/sql-ref.ts","statementMap":{"0":{"start":{"line":15,"column":0},"end":{"line":15,"column":52}},"1":{"start":{"line":24,"column":0},"end":{"line":24,"column":null}},"2":{"start":{"line":24,"column":28},"end":{"line":24,"column":35}},"3":{"start":{"line":35,"column":4},"end":{"line":35,"column":null}},"4":{"start":{"line":36,"column":4},"end":{"line":36,"column":29}},"5":{"start":{"line":37,"column":4},"end":{"line":37,"column":33}},"6":{"start":{"line":38,"column":4},"end":{"line":38,"column":39}},"7":{"start":{"line":39,"column":4},"end":{"line":39,"column":51}},"8":{"start":{"line":25,"column":9},"end":{"line":27,"column":null}},"9":{"start":{"line":26,"column":4},"end":{"line":26,"column":38}},"10":{"start":{"line":42,"column":9},"end":{"line":53,"column":null}},"11":{"start":{"line":43,"column":31},"end":{"line":49,"column":6}},"12":{"start":{"line":50,"column":4},"end":{"line":50,"column":66}},"13":{"start":{"line":50,"column":27},"end":{"line":50,"column":66}},"14":{"start":{"line":51,"column":4},"end":{"line":51,"column":48}},"15":{"start":{"line":51,"column":21},"end":{"line":51,"column":48}},"16":{"start":{"line":52,"column":4},"end":{"line":52,"column":17}},"17":{"start":{"line":54,"column":9},"end":{"line":66,"column":null}},"18":{"start":{"line":55,"column":14},"end":{"line":55,"column":57}},"19":{"start":{"line":56,"column":4},"end":{"line":64,"column":null}},"20":{"start":{"line":57,"column":6},"end":{"line":63,"column":17}},"21":{"start":{"line":65,"column":4},"end":{"line":65,"column":15}},"22":{"start":{"line":67,"column":0},"end":{"line":67,"column":null}},"23":{"start":{"line":24,"column":13},"end":{"line":24,"column":19}},"24":{"start":{"line":68,"column":0},"end":{"line":68,"column":32}}},"fnMap":{"0":{"name":"(anonymous_0)","decl":{"start":{"line":24,"column":0},"end":{"line":24,"column":13}},"loc":{"start":{"line":24,"column":0},"end":{"line":67,"column":null}}},"1":{"name":"SqlRef","decl":{"start":{"line":34,"column":2},"end":{"line":34,"column":14}},"loc":{"start":{"line":34,"column":34},"end":{"line":40,"column":3}}},"2":{"name":"(anonymous_2)","decl":{"start":{"line":25,"column":2},"end":{"line":25,"column":9}},"loc":{"start":{"line":25,"column":50},"end":{"line":27,"column":3}}},"3":{"name":"(anonymous_3)","decl":{"start":{"line":42,"column":2},"end":{"line":42,"column":9}},"loc":{"start":{"line":42,"column":2},"end":{"line":53,"column":3}}},"4":{"name":"(anonymous_4)","decl":{"start":{"line":54,"column":2},"end":{"line":54,"column":9}},"loc":{"start":{"line":54,"column":2},"end":{"line":66,"column":3}}}},"branchMap":{"0":{"loc":{"start":{"line":35,"column":4},"end":{"line":35,"column":25}},"type":"binary-expr","locations":[{"start":{"line":35,"column":4},"end":{"line":35,"column":25}},{"start":{"line":35,"column":25},"end":{"line":35,"column":null}}]},"1":{"loc":{"start":{"line":50,"column":4},"end":{"line":50,"column":66}},"type":"if","locations":[{"start":{"line":50,"column":4},"end":{"line":50,"column":66}},{"start":{"line":50,"column":4},"end":{"line":50,"column":66}}]},"2":{"loc":{"start":{"line":51,"column":4},"end":{"line":51,"column":48}},"type":"if","locations":[{"start":{"line":51,"column":4},"end":{"line":51,"column":48}},{"start":{"line":51,"column":4},"end":{"line":51,"column":48}}]},"3":{"loc":{"start":{"line":56,"column":4},"end":{"line":64,"column":null}},"type":"if","locations":[{"start":{"line":56,"column":4},"end":{"line":64,"column":null}},{"start":{"line":56,"column":4},"end":{"line":64,"column":null}}]},"4":{"loc":{"start":{"line":58,"column":44},"end":{"line":58,"column":64}},"type":"binary-expr","locations":[{"start":{"line":58,"column":44},"end":{"line":58,"column":64}},{"start":{"line":58,"column":68},"end":{"line":58,"column":70}}]}},"s":{"0":7,"1":7,"2":7,"3":265,"4":265,"5":265,"6":265,"7":265,"8":7,"9":128,"10":7,"11":72,"12":72,"13":72,"14":72,"15":2,"16":72,"17":7,"18":127,"19":127,"20":1,"21":127,"22":7,"23":7,"24":7},"f":{"0":7,"1":265,"2":128,"3":72,"4":127},"b":{"0":[265,265],"1":[72,0],"2":[2,70],"3":[1,126],"4":[1,0]}}
,"/Users/maggiebrewster/WebstormProjects/untitled2/druid-query-toolkit/src/sql/sql-unary/sql-unary.ts": {"path":"/Users/maggiebrewster/WebstormProjects/untitled2/druid-query-toolkit/src/sql/sql-unary/sql-unary.ts","statementMap":{"0":{"start":{"line":15,"column":0},"end":{"line":15,"column":49}},"1":{"start":{"line":25,"column":0},"end":{"line":25,"column":null}},"2":{"start":{"line":25,"column":30},"end":{"line":25,"column":37}},"3":{"start":{"line":38,"column":4},"end":{"line":38,"column":null}},"4":{"start":{"line":39,"column":4},"end":{"line":39,"column":49}},"5":{"start":{"line":40,"column":4},"end":{"line":40,"column":35}},"6":{"start":{"line":41,"column":4},"end":{"line":41,"column":37}},"7":{"start":{"line":42,"column":4},"end":{"line":42,"column":45}},"8":{"start":{"line":26,"column":9},"end":{"line":28,"column":null}},"9":{"start":{"line":27,"column":4},"end":{"line":27,"column":38}},"10":{"start":{"line":45,"column":9},"end":{"line":55,"column":null}},"11":{"start":{"line":46,"column":40},"end":{"line":52,"column":6}},"12":{"start":{"line":53,"column":4},"end":{"line":53,"column":48}},"13":{"start":{"line":53,"column":21},"end":{"line":53,"column":48}},"14":{"start":{"line":54,"column":4},"end":{"line":54,"column":17}},"15":{"start":{"line":57,"column":9},"end":{"line":59,"column":null}},"16":{"start":{"line":58,"column":4},"end":{"line":58,"column":88}},"17":{"start":{"line":60,"column":0},"end":{"line":60,"column":null}},"18":{"start":{"line":25,"column":13},"end":{"line":25,"column":21}},"19":{"start":{"line":62,"column":0},"end":{"line":62,"column":46}}},"fnMap":{"0":{"name":"(anonymous_0)","decl":{"start":{"line":25,"column":0},"end":{"line":25,"column":13}},"loc":{"start":{"line":25,"column":0},"end":{"line":60,"column":null}}},"1":{"name":"SqlUnary","decl":{"start":{"line":37,"column":2},"end":{"line":37,"column":14}},"loc":{"start":{"line":37,"column":43},"end":{"line":43,"column":3}}},"2":{"name":"(anonymous_2)","decl":{"start":{"line":26,"column":2},"end":{"line":26,"column":9}},"loc":{"start":{"line":26,"column":50},"end":{"line":28,"column":3}}},"3":{"name":"(anonymous_3)","decl":{"start":{"line":45,"column":2},"end":{"line":45,"column":9}},"loc":{"start":{"line":45,"column":2},"end":{"line":55,"column":3}}},"4":{"name":"(anonymous_4)","decl":{"start":{"line":57,"column":2},"end":{"line":57,"column":9}},"loc":{"start":{"line":57,"column":2},"end":{"line":59,"column":3}}}},"branchMap":{"0":{"loc":{"start":{"line":38,"column":4},"end":{"line":38,"column":37}},"type":"binary-expr","locations":[{"start":{"line":38,"column":4},"end":{"line":38,"column":37}},{"start":{"line":38,"column":37},"end":{"line":38,"column":null}}]},"1":{"loc":{"start":{"line":53,"column":4},"end":{"line":53,"column":48}},"type":"if","locations":[{"start":{"line":53,"column":4},"end":{"line":53,"column":48}},{"start":{"line":53,"column":4},"end":{"line":53,"column":48}}]}},"s":{"0":7,"1":7,"2":7,"3":22,"4":22,"5":22,"6":22,"7":22,"8":7,"9":0,"10":7,"11":3,"12":3,"13":0,"14":3,"15":7,"16":11,"17":7,"18":7,"19":7},"f":{"0":7,"1":22,"2":0,"3":3,"4":11},"b":{"0":[22,22],"1":[0,3]}}
}
