TN:
SF:/Users/maggiebrewster/WebstormProjects/untitled2/druid-query-toolkit/src/index.ts
FNF:0
FNH:0
DA:15,5
DA:16,5
DA:17,5
LF:3
LH:3
BRF:0
BRH:0
end_of_record
TN:
SF:/Users/maggiebrewster/WebstormProjects/untitled2/druid-query-toolkit/src/test-utils.ts
FNF:0
FNH:0
DA:15,7
LF:1
LH:1
BRF:0
BRH:0
end_of_record
TN:
SF:/Users/maggiebrewster/WebstormProjects/untitled2/druid-query-toolkit/src/utils.ts
FN:14,shallowCopy
FN:18,isEmpty
FN:22,isObjectOrArray
FN:26,parsePath
FN:50,makePath
FN:51,(anonymous_5)
FN:54,isAppend
FN:58,deepGet
FN:66,deepSet
FN:81,deepDelete
FN:109,deepMove
FN:119,deepExtend
FN:141,whitelistKeys
FNF:13
FNH:2
FNDA:0,shallowCopy
FNDA:0,isEmpty
FNDA:0,isObjectOrArray
FNDA:1044,parsePath
FNDA:0,makePath
FNDA:0,(anonymous_5)
FNDA:0,isAppend
FNDA:1044,deepGet
FNDA:0,deepSet
FNDA:0,deepDelete
FNDA:0,deepMove
FNDA:0,deepExtend
FNDA:0,whitelistKeys
DA:14,7
DA:15,0
DA:18,7
DA:19,0
DA:23,0
DA:26,7
DA:27,1044
DA:28,1044
DA:29,1044
DA:30,1566
DA:31,1566
DA:32,0
DA:33,0
DA:34,0
DA:37,1566
DA:38,1566
DA:39,1566
DA:40,1566
DA:41,1566
DA:44,0
DA:47,1044
DA:50,7
DA:51,0
DA:55,0
DA:58,7
DA:59,1044
DA:60,2088
DA:61,1566
DA:63,1044
DA:66,7
DA:67,0
DA:68,0
DA:69,0
DA:70,0
DA:71,0
DA:72,0
DA:73,0
DA:74,0
DA:76,0
DA:78,0
DA:81,7
DA:82,0
DA:83,0
DA:84,0
DA:85,0
DA:86,0
DA:87,0
DA:88,0
DA:89,0
DA:91,0
DA:92,0
DA:94,0
DA:97,0
DA:100,0
DA:101,0
DA:103,0
DA:106,0
DA:109,7
DA:114,0
DA:115,0
DA:116,0
DA:119,7
DA:120,0
DA:121,0
DA:123,0
DA:124,0
DA:125,0
DA:126,0
DA:127,0
DA:128,0
DA:130,0
DA:131,0
DA:133,0
DA:138,0
DA:141,7
DA:142,0
DA:143,0
DA:144,0
DA:145,0
DA:148,0
LF:80
LH:25
BRDA:15,0,0,0
BRDA:15,0,1,0
BRDA:19,1,0,0
BRDA:19,1,1,0
BRDA:23,2,0,0
BRDA:23,2,1,0
BRDA:31,3,0,0
BRDA:31,3,1,1566
BRDA:38,4,0,1566
BRDA:38,4,1,0
BRDA:51,5,0,0
BRDA:51,5,1,0
BRDA:55,6,0,0
BRDA:55,6,1,0
BRDA:61,7,0,1566
BRDA:61,7,1,1548
BRDA:70,8,0,0
BRDA:70,8,1,0
BRDA:70,9,0,0
BRDA:70,9,1,0
BRDA:71,10,0,0
BRDA:71,10,1,0
BRDA:74,11,0,0
BRDA:74,11,1,0
BRDA:74,12,0,0
BRDA:74,12,1,0
BRDA:85,13,0,0
BRDA:85,13,1,0
BRDA:87,14,0,0
BRDA:87,14,1,0
BRDA:91,15,0,0
BRDA:91,15,1,0
BRDA:100,16,0,0
BRDA:100,16,1,0
BRDA:100,17,0,0
BRDA:100,17,1,0
BRDA:120,18,0,0
BRDA:120,18,1,0
BRDA:121,19,0,0
BRDA:121,19,1,0
BRDA:127,20,0,0
BRDA:127,20,1,0
BRDA:130,21,0,0
BRDA:130,21,1,0
BRDA:130,22,0,0
BRDA:130,22,1,0
BRDA:144,23,0,0
BRDA:144,23,1,0
BRF:48
BRH:4
end_of_record
TN:
SF:/Users/maggiebrewster/WebstormProjects/untitled2/druid-query-toolkit/src/parser/druidsql.js
FN:6,sqlParserFactory
FN:13,(anonymous_1)
FN:16,peg$subclass
FN:17,ctor
FN:22,peg$SyntaxError
FN:36,(anonymous_5)
FN:38,(anonymous_6)
FN:42,(anonymous_7)
FN:55,(anonymous_8)
FN:59,(anonymous_9)
FN:63,(anonymous_10)
FN:68,hex
FN:72,literalEscape
FN:80,(anonymous_13)
FN:81,(anonymous_14)
FN:84,classEscape
FN:94,(anonymous_16)
FN:95,(anonymous_17)
FN:98,describeExpectation
FN:102,describeExpected
FN:136,describeFound
FN:143,peg$parse
FN:151,(anonymous_22)
FN:158,(anonymous_23)
FN:165,(anonymous_24)
FN:171,(anonymous_25)
FN:177,(anonymous_26)
FN:183,(anonymous_27)
FN:191,(anonymous_28)
FN:201,(anonymous_29)
FN:208,(anonymous_30)
FN:214,(anonymous_31)
FN:220,(anonymous_32)
FN:225,(anonymous_33)
FN:229,(anonymous_34)
FN:234,(anonymous_35)
FN:238,(anonymous_36)
FN:246,(anonymous_37)
FN:251,(anonymous_38)
FN:257,(anonymous_39)
FN:262,(anonymous_40)
FN:268,(anonymous_41)
FN:273,(anonymous_42)
FN:279,(anonymous_43)
FN:294,(anonymous_44)
FN:311,(anonymous_45)
FN:324,(anonymous_46)
FN:328,(anonymous_47)
FN:336,(anonymous_48)
FN:341,(anonymous_49)
FN:344,(anonymous_50)
FN:347,(anonymous_51)
FN:352,(anonymous_52)
FN:362,(anonymous_53)
FN:370,(anonymous_54)
FN:386,(anonymous_55)
FN:396,(anonymous_56)
FN:397,(anonymous_57)
FN:482,text
FN:486,location
FN:490,expected
FN:500,error
FN:506,peg$literalExpectation
FN:510,peg$classExpectation
FN:514,peg$anyExpectation
FN:518,peg$endExpectation
FN:522,peg$otherExpectation
FN:526,peg$computePosDetails
FN:559,peg$computeLocation
FN:577,peg$fail
FN:588,peg$buildSimpleError
FN:592,peg$buildStructuredError
FN:601,peg$parseStart
FN:609,peg$parseSql
FN:629,peg$parseSqlQuery
FN:643,peg$parseSelectClause
FN:727,peg$parseFromClause
FN:770,peg$parseWhereClause
FN:813,peg$parseGroupByClause
FN:868,peg$parseHavingClause
FN:911,peg$parseOrderByClause
FN:983,peg$parseOrderByPart
FN:1027,peg$parseLimit
FN:1070,peg$parseUnionClause
FN:1125,peg$parseExpression
FN:1136,peg$parseOrExpression
FN:1216,peg$parseAndExpression
FN:1296,peg$parseNotExpression
FN:1331,peg$parseComparisonExpression
FN:1481,peg$parseAdditionExpression
FN:1573,peg$parseSubtractionExpression
FN:1665,peg$parseMultiplicationExpression
FN:1763,peg$parseDivisionExpression
FN:1861,peg$parseBaseType
FN:1878,peg$parseCaseExpression
FN:1889,peg$parseSearchedCaseExpression
FN:1974,peg$parseSimpleCaseExpression
FN:2071,peg$parseWhenThenPair
FN:2124,peg$parseFunction
FN:2267,peg$parseFunctions
FN:2296,peg$parseSqlInParens
FN:2343,peg$parseSqlLiteral
FN:2360,peg$parseNumber
FN:2401,peg$parseSingleQuotedString
FN:2465,peg$parseSqlRef
FN:2529,peg$parseRefPart
FN:2540,peg$parseQuotedRefPart
FN:2608,peg$parseUnquotedRefPart
FN:2680,peg$parse_
FN:2721,peg$parseOpenParen
FN:2741,peg$parseCloseParen
FN:2761,peg$parseComparisonOperator
FN:2820,peg$parseAdditiveOperator
FN:2843,peg$parseMultiplicativeOperator
FN:2866,peg$parseOrToken
FN:2880,peg$parseAndToken
FN:2894,peg$parseNotToken
FN:2908,peg$parseBetweenToken
FN:2922,peg$parseSelectToken
FN:2936,peg$parseAllToken
FN:2950,peg$parseDistinctToken
FN:2964,peg$parseFromToken
FN:2978,peg$parseWhereToken
FN:2992,peg$parseGroupToken
FN:3006,peg$parseByToken
FN:3020,peg$parseHavingToken
FN:3034,peg$parseOrderToken
FN:3048,peg$parseLimitToken
FN:3062,peg$parseUnionToken
FN:3076,peg$parseCaseToken
FN:3090,peg$parseWhenToken
FN:3104,peg$parseThenToken
FN:3118,peg$parseElseToken
FN:3132,peg$parseEndToken
FN:3147,makeListMap1
FN:3149,(anonymous_135)
FN:3152,makeListMap
FN:3154,(anonymous_137)
FN:3157,makeListMap_1
FN:3159,(anonymous_139)
FN:3161,makeListMap_2
FN:3163,(anonymous_141)
FN:3166,makeListMapEmpty
FN:3167,(anonymous_143)
FN:3170,makeListMapEmpty0
FN:3171,(anonymous_145)
FN:3174,makeListMapEmpty0BookEnd
FN:3175,(anonymous_147)
FN:3178,makeListMapEmpty0Joined
FN:3179,(anonymous_149)
FN:3182,makeListMapEmptyConcat0
FN:3183,(anonymous_151)
FN:3186,makeListMapEmpty01
FN:3187,(anonymous_153)
FN:3190,makeListCasesSpacing
FN:3191,(anonymous_155)
FN:3195,makeListMap3
FN:3197,(anonymous_157)
FN:3200,makeEmptyListMap3
FN:3201,(anonymous_159)
FN:3204,makeOperatorsList
FN:3205,(anonymous_161)
FN:3212,makeUnaryOperatorsList
FN:3216,(anonymous_163)
FN:3223,makeUnaryArgumentsList
FN:3224,(anonymous_165)
FN:3259,(anonymous_166)
FNF:167
FNH:81
FNDA:7,sqlParserFactory
FNDA:7,(anonymous_1)
FNDA:7,peg$subclass
FNDA:7,ctor
FNDA:0,peg$SyntaxError
FNDA:0,(anonymous_5)
FNDA:0,(anonymous_6)
FNDA:0,(anonymous_7)
FNDA:0,(anonymous_8)
FNDA:0,(anonymous_9)
FNDA:0,(anonymous_10)
FNDA:0,hex
FNDA:0,literalEscape
FNDA:0,(anonymous_13)
FNDA:0,(anonymous_14)
FNDA:0,classEscape
FNDA:0,(anonymous_16)
FNDA:0,(anonymous_17)
FNDA:0,describeExpectation
FNDA:0,describeExpected
FNDA:0,describeFound
FNDA:126,peg$parse
FNDA:0,(anonymous_22)
FNDA:0,(anonymous_23)
FNDA:0,(anonymous_24)
FNDA:0,(anonymous_25)
FNDA:0,(anonymous_26)
FNDA:0,(anonymous_27)
FNDA:0,(anonymous_28)
FNDA:0,(anonymous_29)
FNDA:0,(anonymous_30)
FNDA:0,(anonymous_31)
FNDA:238,(anonymous_32)
FNDA:37,(anonymous_33)
FNDA:283,(anonymous_34)
FNDA:44,(anonymous_35)
FNDA:22,(anonymous_36)
FNDA:351,(anonymous_37)
FNDA:32,(anonymous_38)
FNDA:728,(anonymous_39)
FNDA:28,(anonymous_40)
FNDA:768,(anonymous_41)
FNDA:6,(anonymous_42)
FNDA:8,(anonymous_43)
FNDA:24,(anonymous_44)
FNDA:32,(anonymous_45)
FNDA:14,(anonymous_46)
FNDA:0,(anonymous_47)
FNDA:257,(anonymous_48)
FNDA:14,(anonymous_49)
FNDA:34,(anonymous_50)
FNDA:76,(anonymous_51)
FNDA:59,(anonymous_52)
FNDA:17,(anonymous_53)
FNDA:261,(anonymous_54)
FNDA:33,(anonymous_55)
FNDA:746,(anonymous_56)
FNDA:746,(anonymous_57)
FNDA:0,text
FNDA:0,location
FNDA:0,expected
FNDA:0,error
FNDA:4536,peg$literalExpectation
FNDA:1134,peg$classExpectation
FNDA:0,peg$anyExpectation
FNDA:0,peg$endExpectation
FNDA:378,peg$otherExpectation
FNDA:0,peg$computePosDetails
FNDA:0,peg$computeLocation
FNDA:7437,peg$fail
FNDA:0,peg$buildSimpleError
FNDA:0,peg$buildStructuredError
FNDA:126,peg$parseStart
FNDA:160,peg$parseSql
FNDA:160,peg$parseSqlQuery
FNDA:160,peg$parseSelectClause
FNDA:0,peg$parseFromClause
FNDA:0,peg$parseWhereClause
FNDA:0,peg$parseGroupByClause
FNDA:0,peg$parseHavingClause
FNDA:0,peg$parseOrderByClause
FNDA:0,peg$parseOrderByPart
FNDA:0,peg$parseLimit
FNDA:0,peg$parseUnionClause
FNDA:238,peg$parseExpression
FNDA:238,peg$parseOrExpression
FNDA:283,peg$parseAndExpression
FNDA:349,peg$parseNotExpression
FNDA:351,peg$parseComparisonExpression
FNDA:351,peg$parseAdditionExpression
FNDA:377,peg$parseSubtractionExpression
FNDA:383,peg$parseMultiplicationExpression
FNDA:385,peg$parseDivisionExpression
FNDA:385,peg$parseBaseType
FNDA:238,peg$parseCaseExpression
FNDA:238,peg$parseSearchedCaseExpression
FNDA:230,peg$parseSimpleCaseExpression
FNDA:88,peg$parseWhenThenPair
FNDA:385,peg$parseFunction
FNDA:385,peg$parseFunctions
FNDA:34,peg$parseSqlInParens
FNDA:371,peg$parseSqlLiteral
FNDA:371,peg$parseNumber
FNDA:312,peg$parseSingleQuotedString
FNDA:295,peg$parseSqlRef
FNDA:590,peg$parseRefPart
FNDA:590,peg$parseQuotedRefPart
FNDA:942,peg$parseUnquotedRefPart
FNDA:3679,peg$parse_
FNDA:48,peg$parseOpenParen
FNDA:48,peg$parseCloseParen
FNDA:220,peg$parseComparisonOperator
FNDA:0,peg$parseAdditiveOperator
FNDA:0,peg$parseMultiplicativeOperator
FNDA:138,peg$parseOrToken
FNDA:182,peg$parseAndToken
FNDA:349,peg$parseNotToken
FNDA:196,peg$parseBetweenToken
FNDA:160,peg$parseSelectToken
FNDA:0,peg$parseAllToken
FNDA:0,peg$parseDistinctToken
FNDA:0,peg$parseFromToken
FNDA:0,peg$parseWhereToken
FNDA:0,peg$parseGroupToken
FNDA:0,peg$parseByToken
FNDA:0,peg$parseHavingToken
FNDA:0,peg$parseOrderToken
FNDA:0,peg$parseLimitToken
FNDA:0,peg$parseUnionToken
FNDA:468,peg$parseCaseToken
FNDA:88,peg$parseWhenToken
FNDA:32,peg$parseThenToken
FNDA:32,peg$parseElseToken
FNDA:32,peg$parseEndToken
FNDA:0,makeListMap1
FNDA:0,(anonymous_135)
FNDA:0,makeListMap
FNDA:0,(anonymous_137)
FNDA:0,makeListMap_1
FNDA:0,(anonymous_139)
FNDA:0,makeListMap_2
FNDA:0,(anonymous_141)
FNDA:0,makeListMapEmpty
FNDA:0,(anonymous_143)
FNDA:0,makeListMapEmpty0
FNDA:0,(anonymous_145)
FNDA:0,makeListMapEmpty0BookEnd
FNDA:0,(anonymous_147)
FNDA:0,makeListMapEmpty0Joined
FNDA:0,(anonymous_149)
FNDA:0,makeListMapEmptyConcat0
FNDA:0,(anonymous_151)
FNDA:0,makeListMapEmpty01
FNDA:0,(anonymous_153)
FNDA:0,makeListCasesSpacing
FNDA:0,(anonymous_155)
FNDA:155,makeListMap3
FNDA:147,(anonymous_157)
FNDA:0,makeEmptyListMap3
FNDA:0,(anonymous_159)
FNDA:155,makeOperatorsList
FNDA:147,(anonymous_161)
FNDA:0,makeUnaryOperatorsList
FNDA:0,(anonymous_163)
FNDA:0,makeUnaryArgumentsList
FNDA:0,(anonymous_165)
FNDA:126,(anonymous_166)
DA:2,7
DA:3,7
DA:4,7
DA:13,7
DA:17,7
DA:18,7
DA:19,7
DA:23,0
DA:24,0
DA:25,0
DA:26,0
DA:27,0
DA:29,0
DA:30,0
DA:34,7
DA:36,7
DA:37,0
DA:39,0
DA:43,0
DA:46,0
DA:47,0
DA:52,0
DA:56,0
DA:60,0
DA:64,0
DA:69,0
DA:73,0
DA:80,0
DA:81,0
DA:85,0
DA:94,0
DA:95,0
DA:99,0
DA:103,0
DA:106,0
DA:107,0
DA:110,0
DA:112,0
DA:113,0
DA:114,0
DA:115,0
DA:116,0
DA:119,0
DA:122,0
DA:124,0
DA:127,0
DA:130,0
DA:137,0
DA:140,0
DA:144,126
DA:146,126
DA:148,126
DA:149,126
DA:151,126
DA:152,0
DA:156,126
DA:157,126
DA:158,126
DA:159,0
DA:165,126
DA:166,0
DA:171,126
DA:172,0
DA:177,126
DA:178,0
DA:183,126
DA:184,0
DA:189,126
DA:190,126
DA:191,126
DA:192,0
DA:197,126
DA:198,126
DA:199,126
DA:200,126
DA:201,126
DA:202,0
DA:208,126
DA:209,0
DA:214,126
DA:215,0
DA:220,126
DA:221,238
DA:222,33
DA:225,37
DA:229,126
DA:230,283
DA:231,42
DA:234,44
DA:238,126
DA:239,22
DA:246,126
DA:247,351
DA:248,32
DA:251,32
DA:255,126
DA:256,126
DA:257,126
DA:258,728
DA:259,28
DA:262,28
DA:266,126
DA:267,126
DA:268,126
DA:269,768
DA:270,6
DA:273,6
DA:277,126
DA:278,126
DA:279,126
DA:280,8
DA:294,126
DA:295,24
DA:311,126
DA:312,32
DA:322,126
DA:323,126
DA:324,126
DA:325,14
DA:328,0
DA:336,126
DA:337,257
DA:338,14
DA:341,126
DA:342,14
DA:344,126
DA:345,34
DA:347,126
DA:348,76
DA:350,126
DA:351,126
DA:352,126
DA:353,59
DA:358,126
DA:359,126
DA:360,126
DA:361,126
DA:362,126
DA:363,17
DA:368,126
DA:369,126
DA:370,126
DA:371,261
DA:382,126
DA:383,126
DA:384,126
DA:385,126
DA:386,126
DA:387,33
DA:392,126
DA:393,126
DA:394,126
DA:395,126
DA:396,746
DA:397,126
DA:398,746
DA:403,126
DA:404,126
DA:405,126
DA:406,126
DA:407,126
DA:408,126
DA:409,126
DA:410,126
DA:411,126
DA:412,126
DA:413,126
DA:414,126
DA:415,126
DA:416,126
DA:417,126
DA:418,126
DA:419,126
DA:420,126
DA:421,126
DA:422,126
DA:423,126
DA:424,126
DA:425,126
DA:426,126
DA:427,126
DA:428,126
DA:429,126
DA:430,126
DA:431,126
DA:432,126
DA:433,126
DA:434,126
DA:435,126
DA:436,126
DA:437,126
DA:438,126
DA:439,126
DA:440,126
DA:441,126
DA:442,126
DA:443,126
DA:444,126
DA:445,126
DA:446,126
DA:447,126
DA:448,126
DA:449,126
DA:450,126
DA:451,126
DA:452,126
DA:453,126
DA:454,126
DA:455,126
DA:456,126
DA:457,126
DA:458,126
DA:459,126
DA:460,126
DA:461,126
DA:462,126
DA:463,126
DA:465,126
DA:466,126
DA:467,126
DA:468,126
DA:469,126
DA:470,126
DA:474,126
DA:475,0
DA:476,0
DA:479,0
DA:483,0
DA:487,0
DA:491,0
DA:493,0
DA:501,0
DA:503,0
DA:507,4536
DA:511,1134
DA:515,0
DA:519,0
DA:523,378
DA:527,0
DA:529,0
DA:530,0
DA:532,0
DA:533,0
DA:534,0
DA:537,0
DA:538,0
DA:543,0
DA:544,0
DA:545,0
DA:546,0
DA:548,0
DA:551,0
DA:554,0
DA:555,0
DA:560,0
DA:561,0
DA:563,0
DA:578,7437
DA:580,6229
DA:581,936
DA:582,936
DA:585,6229
DA:589,0
DA:593,0
DA:604,126
DA:606,126
DA:612,160
DA:613,160
DA:614,160
DA:615,160
DA:616,0
DA:617,0
DA:618,0
DA:619,0
DA:620,0
DA:626,160
DA:632,160
DA:633,160
DA:634,160
DA:635,0
DA:636,0
DA:638,160
DA:640,160
DA:646,160
DA:647,160
DA:648,160
DA:649,160
DA:650,160
DA:651,0
DA:652,0
DA:653,0
DA:654,0
DA:656,0
DA:657,0
DA:660,160
DA:661,160
DA:663,160
DA:664,0
DA:666,160
DA:668,160
DA:669,0
DA:670,0
DA:671,0
DA:672,0
DA:673,0
DA:675,0
DA:676,0
DA:677,0
DA:678,0
DA:679,0
DA:681,0
DA:682,0
DA:685,0
DA:686,0
DA:688,0
DA:689,0
DA:691,0
DA:692,0
DA:694,0
DA:696,0
DA:697,0
DA:698,0
DA:699,0
DA:701,0
DA:702,0
DA:704,0
DA:705,0
DA:707,0
DA:708,0
DA:709,0
DA:710,0
DA:712,0
DA:713,0
DA:716,0
DA:717,0
DA:720,160
DA:721,160
DA:724,160
DA:730,0
DA:731,0
DA:732,0
DA:733,0
DA:734,0
DA:735,0
DA:736,0
DA:737,0
DA:738,0
DA:740,0
DA:741,0
DA:744,0
DA:745,0
DA:747,0
DA:748,0
DA:750,0
DA:752,0
DA:753,0
DA:754,0
DA:755,0
DA:756,0
DA:757,0
DA:759,0
DA:760,0
DA:763,0
DA:764,0
DA:767,0
DA:773,0
DA:774,0
DA:775,0
DA:776,0
DA:777,0
DA:778,0
DA:779,0
DA:780,0
DA:781,0
DA:783,0
DA:784,0
DA:787,0
DA:788,0
DA:790,0
DA:791,0
DA:793,0
DA:795,0
DA:796,0
DA:797,0
DA:798,0
DA:799,0
DA:800,0
DA:802,0
DA:803,0
DA:806,0
DA:807,0
DA:810,0
DA:816,0
DA:817,0
DA:818,0
DA:819,0
DA:820,0
DA:821,0
DA:822,0
DA:823,0
DA:824,0
DA:825,0
DA:826,0
DA:827,0
DA:828,0
DA:830,0
DA:831,0
DA:834,0
DA:835,0
DA:838,0
DA:839,0
DA:842,0
DA:843,0
DA:845,0
DA:846,0
DA:848,0
DA:850,0
DA:851,0
DA:852,0
DA:853,0
DA:854,0
DA:855,0
DA:857,0
DA:858,0
DA:861,0
DA:862,0
DA:865,0
DA:871,0
DA:872,0
DA:873,0
DA:874,0
DA:875,0
DA:876,0
DA:877,0
DA:878,0
DA:879,0
DA:881,0
DA:882,0
DA:885,0
DA:886,0
DA:888,0
DA:889,0
DA:891,0
DA:893,0
DA:894,0
DA:895,0
DA:896,0
DA:897,0
DA:898,0
DA:900,0
DA:901,0
DA:904,0
DA:905,0
DA:908,0
DA:914,0
DA:915,0
DA:916,0
DA:917,0
DA:918,0
DA:919,0
DA:920,0
DA:921,0
DA:922,0
DA:923,0
DA:924,0
DA:925,0
DA:926,0
DA:928,0
DA:929,0
DA:932,0
DA:933,0
DA:936,0
DA:937,0
DA:940,0
DA:941,0
DA:943,0
DA:944,0
DA:946,0
DA:948,0
DA:949,0
DA:950,0
DA:951,0
DA:952,0
DA:954,0
DA:955,0
DA:957,0
DA:958,0
DA:959,0
DA:960,0
DA:961,0
DA:963,0
DA:964,0
DA:967,0
DA:968,0
DA:969,0
DA:970,0
DA:972,0
DA:973,0
DA:976,0
DA:977,0
DA:980,0
DA:986,0
DA:987,0
DA:988,0
DA:989,0
DA:990,0
DA:991,0
DA:992,0
DA:993,0
DA:995,0
DA:996,0
DA:998,0
DA:999,0
DA:1000,0
DA:1001,0
DA:1003,0
DA:1004,0
DA:1007,0
DA:1008,0
DA:1009,0
DA:1010,0
DA:1012,0
DA:1013,0
DA:1016,0
DA:1017,0
DA:1020,0
DA:1021,0
DA:1024,0
DA:1030,0
DA:1031,0
DA:1032,0
DA:1033,0
DA:1034,0
DA:1035,0
DA:1036,0
DA:1037,0
DA:1038,0
DA:1040,0
DA:1041,0
DA:1044,0
DA:1045,0
DA:1047,0
DA:1048,0
DA:1050,0
DA:1052,0
DA:1053,0
DA:1054,0
DA:1055,0
DA:1056,0
DA:1057,0
DA:1059,0
DA:1060,0
DA:1063,0
DA:1064,0
DA:1067,0
DA:1073,0
DA:1074,0
DA:1075,0
DA:1076,0
DA:1077,0
DA:1078,0
DA:1079,0
DA:1080,0
DA:1081,0
DA:1082,0
DA:1083,0
DA:1084,0
DA:1085,0
DA:1087,0
DA:1088,0
DA:1091,0
DA:1092,0
DA:1095,0
DA:1096,0
DA:1099,0
DA:1100,0
DA:1102,0
DA:1103,0
DA:1105,0
DA:1107,0
DA:1108,0
DA:1109,0
DA:1110,0
DA:1111,0
DA:1112,0
DA:1114,0
DA:1115,0
DA:1118,0
DA:1119,0
DA:1122,0
DA:1128,238
DA:1129,238
DA:1130,206
DA:1133,238
DA:1139,238
DA:1140,238
DA:1141,238
DA:1142,238
DA:1143,238
DA:1144,238
DA:1145,238
DA:1146,129
DA:1147,129
DA:1148,33
DA:1149,33
DA:1150,33
DA:1151,33
DA:1152,33
DA:1153,33
DA:1155,0
DA:1156,0
DA:1159,0
DA:1160,0
DA:1163,96
DA:1164,96
DA:1167,109
DA:1168,109
DA:1170,238
DA:1171,37
DA:1172,37
DA:1173,37
DA:1174,37
DA:1175,9
DA:1176,9
DA:1177,4
DA:1178,4
DA:1179,4
DA:1180,4
DA:1181,4
DA:1182,4
DA:1184,0
DA:1185,0
DA:1188,0
DA:1189,0
DA:1192,5
DA:1193,5
DA:1196,28
DA:1197,28
DA:1200,238
DA:1201,238
DA:1202,238
DA:1203,238
DA:1205,0
DA:1206,0
DA:1209,0
DA:1210,0
DA:1213,238
DA:1219,283
DA:1220,283
DA:1221,283
DA:1222,283
DA:1223,283
DA:1224,283
DA:1225,283
DA:1226,168
DA:1227,168
DA:1228,42
DA:1229,42
DA:1230,42
DA:1231,42
DA:1232,42
DA:1233,42
DA:1235,0
DA:1236,0
DA:1239,0
DA:1240,0
DA:1243,126
DA:1244,126
DA:1247,115
DA:1248,115
DA:1250,283
DA:1251,44
DA:1252,44
DA:1253,44
DA:1254,44
DA:1255,14
DA:1256,14
DA:1257,2
DA:1258,2
DA:1259,2
DA:1260,2
DA:1261,2
DA:1262,2
DA:1264,0
DA:1265,0
DA:1268,0
DA:1269,0
DA:1272,12
DA:1273,12
DA:1276,30
DA:1277,30
DA:1280,283
DA:1281,283
DA:1282,283
DA:1283,283
DA:1285,0
DA:1286,0
DA:1289,0
DA:1290,0
DA:1293,283
DA:1299,349
DA:1300,349
DA:1301,349
DA:1302,22
DA:1303,22
DA:1304,22
DA:1305,22
DA:1306,0
DA:1308,22
DA:1309,22
DA:1310,22
DA:1311,22
DA:1313,0
DA:1314,0
DA:1317,0
DA:1318,0
DA:1321,327
DA:1322,327
DA:1324,349
DA:1325,327
DA:1328,349
DA:1334,351
DA:1335,351
DA:1336,351
DA:1337,351
DA:1338,351
DA:1339,351
DA:1340,351
DA:1341,214
DA:1342,214
DA:1343,24
DA:1344,24
DA:1345,24
DA:1346,24
DA:1347,0
DA:1349,24
DA:1350,24
DA:1351,24
DA:1353,0
DA:1354,0
DA:1357,0
DA:1358,0
DA:1361,190
DA:1362,190
DA:1365,137
DA:1366,137
DA:1368,351
DA:1369,327
DA:1370,327
DA:1371,327
DA:1372,190
DA:1373,190
DA:1374,8
DA:1375,8
DA:1376,8
DA:1377,8
DA:1378,0
DA:1380,8
DA:1381,8
DA:1382,8
DA:1384,0
DA:1385,0
DA:1388,0
DA:1389,0
DA:1392,182
DA:1393,182
DA:1396,137
DA:1397,137
DA:1400,351
DA:1401,32
DA:1402,32
DA:1403,32
DA:1404,32
DA:1405,6
DA:1406,6
DA:1407,0
DA:1408,0
DA:1409,0
DA:1410,0
DA:1411,0
DA:1413,0
DA:1414,0
DA:1415,0
DA:1417,0
DA:1418,0
DA:1421,0
DA:1422,0
DA:1425,6
DA:1426,6
DA:1429,26
DA:1430,26
DA:1432,32
DA:1433,32
DA:1434,32
DA:1435,32
DA:1436,6
DA:1437,6
DA:1438,0
DA:1439,0
DA:1440,0
DA:1441,0
DA:1442,0
DA:1444,0
DA:1445,0
DA:1446,0
DA:1448,0
DA:1449,0
DA:1452,0
DA:1453,0
DA:1456,6
DA:1457,6
DA:1460,26
DA:1461,26
DA:1465,351
DA:1466,351
DA:1467,351
DA:1468,351
DA:1470,0
DA:1471,0
DA:1474,0
DA:1475,0
DA:1478,351
DA:1484,351
DA:1485,351
DA:1486,351
DA:1487,351
DA:1488,351
DA:1489,351
DA:1490,351
DA:1491,234
DA:1492,26
DA:1493,26
DA:1495,208
DA:1496,208
DA:1498,234
DA:1499,26
DA:1500,26
DA:1501,26
DA:1502,26
DA:1503,26
DA:1504,26
DA:1506,0
DA:1507,0
DA:1510,0
DA:1511,0
DA:1514,208
DA:1515,208
DA:1518,117
DA:1519,117
DA:1521,351
DA:1522,26
DA:1523,26
DA:1524,26
DA:1525,26
DA:1526,6
DA:1527,0
DA:1528,0
DA:1530,6
DA:1531,6
DA:1533,6
DA:1534,0
DA:1535,0
DA:1536,0
DA:1537,0
DA:1538,0
DA:1539,0
DA:1541,0
DA:1542,0
DA:1545,0
DA:1546,0
DA:1549,6
DA:1550,6
DA:1553,20
DA:1554,20
DA:1557,351
DA:1558,351
DA:1559,351
DA:1560,351
DA:1562,0
DA:1563,0
DA:1566,0
DA:1567,0
DA:1570,351
DA:1576,377
DA:1577,377
DA:1578,377
DA:1579,377
DA:1580,377
DA:1581,377
DA:1582,377
DA:1583,242
DA:1584,2
DA:1585,2
DA:1587,240
DA:1588,240
DA:1590,242
DA:1591,2
DA:1592,2
DA:1593,2
DA:1594,2
DA:1595,2
DA:1596,2
DA:1598,0
DA:1599,0
DA:1602,0
DA:1603,0
DA:1606,240
DA:1607,240
DA:1610,135
DA:1611,135
DA:1613,377
DA:1614,2
DA:1615,2
DA:1616,2
DA:1617,2
DA:1618,0
DA:1619,0
DA:1620,0
DA:1622,0
DA:1623,0
DA:1625,0
DA:1626,0
DA:1627,0
DA:1628,0
DA:1629,0
DA:1630,0
DA:1631,0
DA:1633,0
DA:1634,0
DA:1637,0
DA:1638,0
DA:1641,0
DA:1642,0
DA:1645,2
DA:1646,2
DA:1649,377
DA:1650,377
DA:1651,377
DA:1652,377
DA:1654,0
DA:1655,0
DA:1658,0
DA:1659,0
DA:1662,377
DA:1668,383
DA:1669,383
DA:1670,383
DA:1671,383
DA:1672,383
DA:1673,383
DA:1674,383
DA:1675,246
DA:1676,4
DA:1677,4
DA:1679,242
DA:1680,242
DA:1682,246
DA:1683,4
DA:1684,4
DA:1685,4
DA:1686,4
DA:1687,0
DA:1689,4
DA:1690,4
DA:1691,4
DA:1693,0
DA:1694,0
DA:1697,0
DA:1698,0
DA:1701,242
DA:1702,242
DA:1705,137
DA:1706,137
DA:1708,383
DA:1709,4
DA:1710,4
DA:1711,4
DA:1712,4
DA:1713,0
DA:1714,0
DA:1715,0
DA:1717,0
DA:1718,0
DA:1720,0
DA:1721,0
DA:1722,0
DA:1723,0
DA:1724,0
DA:1725,0
DA:1727,0
DA:1728,0
DA:1729,0
DA:1731,0
DA:1732,0
DA:1735,0
DA:1736,0
DA:1739,0
DA:1740,0
DA:1743,4
DA:1744,4
DA:1747,383
DA:1748,383
DA:1749,383
DA:1750,383
DA:1752,0
DA:1753,0
DA:1756,0
DA:1757,0
DA:1760,383
DA:1766,385
DA:1767,385
DA:1768,385
DA:1769,385
DA:1770,385
DA:1771,385
DA:1772,385
DA:1773,248
DA:1774,2
DA:1775,2
DA:1777,246
DA:1778,246
DA:1780,248
DA:1781,2
DA:1782,2
DA:1783,2
DA:1784,2
DA:1785,0
DA:1787,2
DA:1788,2
DA:1789,2
DA:1791,0
DA:1792,0
DA:1795,0
DA:1796,0
DA:1799,246
DA:1800,246
DA:1803,137
DA:1804,137
DA:1806,385
DA:1807,2
DA:1808,2
DA:1809,2
DA:1810,2
DA:1811,0
DA:1812,0
DA:1813,0
DA:1815,0
DA:1816,0
DA:1818,0
DA:1819,0
DA:1820,0
DA:1821,0
DA:1822,0
DA:1823,0
DA:1825,0
DA:1826,0
DA:1827,0
DA:1829,0
DA:1830,0
DA:1833,0
DA:1834,0
DA:1837,0
DA:1838,0
DA:1841,2
DA:1842,2
DA:1845,385
DA:1846,385
DA:1847,385
DA:1848,385
DA:1850,0
DA:1851,0
DA:1854,0
DA:1855,0
DA:1858,385
DA:1864,385
DA:1865,385
DA:1866,371
DA:1867,371
DA:1868,295
DA:1869,295
DA:1870,34
DA:1875,385
DA:1881,238
DA:1882,238
DA:1883,230
DA:1886,238
DA:1892,238
DA:1893,238
DA:1894,238
DA:1895,32
DA:1896,32
DA:1897,32
DA:1898,32
DA:1899,32
DA:1900,8
DA:1901,8
DA:1902,8
DA:1905,24
DA:1907,32
DA:1908,8
DA:1909,8
DA:1910,8
DA:1911,8
DA:1912,8
DA:1913,4
DA:1914,4
DA:1915,4
DA:1916,4
DA:1917,4
DA:1918,4
DA:1920,0
DA:1921,0
DA:1924,0
DA:1925,0
DA:1928,4
DA:1929,4
DA:1932,0
DA:1933,0
DA:1935,8
DA:1936,4
DA:1938,8
DA:1939,8
DA:1940,8
DA:1941,8
DA:1942,8
DA:1943,8
DA:1944,8
DA:1945,8
DA:1947,0
DA:1948,0
DA:1951,0
DA:1952,0
DA:1955,0
DA:1956,0
DA:1959,24
DA:1960,24
DA:1963,0
DA:1964,0
DA:1967,206
DA:1968,206
DA:1971,238
DA:1977,230
DA:1978,230
DA:1979,230
DA:1980,24
DA:1981,24
DA:1982,24
DA:1983,24
DA:1984,24
DA:1985,24
DA:1986,24
DA:1987,24
DA:1988,24
DA:1989,24
DA:1990,24
DA:1991,24
DA:1994,0
DA:1996,24
DA:1997,24
DA:1998,24
DA:1999,24
DA:2000,24
DA:2001,24
DA:2002,4
DA:2003,4
DA:2004,4
DA:2005,4
DA:2006,4
DA:2007,4
DA:2009,0
DA:2010,0
DA:2013,0
DA:2014,0
DA:2017,20
DA:2018,20
DA:2021,0
DA:2022,0
DA:2024,24
DA:2025,20
DA:2027,24
DA:2028,24
DA:2029,24
DA:2030,24
DA:2031,24
DA:2032,24
DA:2033,24
DA:2034,24
DA:2036,0
DA:2037,0
DA:2040,0
DA:2041,0
DA:2044,0
DA:2045,0
DA:2048,0
DA:2049,0
DA:2052,0
DA:2053,0
DA:2056,0
DA:2057,0
DA:2060,0
DA:2061,0
DA:2064,206
DA:2065,206
DA:2068,230
DA:2074,88
DA:2075,88
DA:2076,88
DA:2077,32
DA:2078,32
DA:2079,32
DA:2080,32
DA:2081,32
DA:2082,32
DA:2083,32
DA:2084,32
DA:2085,32
DA:2086,32
DA:2087,32
DA:2088,32
DA:2089,32
DA:2090,32
DA:2091,32
DA:2093,0
DA:2094,0
DA:2097,0
DA:2098,0
DA:2101,0
DA:2102,0
DA:2105,0
DA:2106,0
DA:2109,0
DA:2110,0
DA:2113,0
DA:2114,0
DA:2117,56
DA:2118,56
DA:2121,88
DA:2127,385
DA:2128,385
DA:2129,385
DA:2130,14
DA:2131,14
DA:2132,14
DA:2134,14
DA:2135,14
DA:2136,14
DA:2137,14
DA:2138,14
DA:2139,10
DA:2141,14
DA:2142,14
DA:2143,14
DA:2144,14
DA:2145,14
DA:2146,14
DA:2147,14
DA:2148,12
DA:2150,14
DA:2151,14
DA:2152,0
DA:2153,0
DA:2155,14
DA:2156,14
DA:2158,14
DA:2159,0
DA:2160,0
DA:2161,0
DA:2162,0
DA:2163,0
DA:2164,0
DA:2166,0
DA:2167,0
DA:2170,0
DA:2171,0
DA:2174,14
DA:2175,14
DA:2178,0
DA:2179,0
DA:2181,14
DA:2182,0
DA:2183,0
DA:2184,0
DA:2185,0
DA:2186,0
DA:2188,0
DA:2189,0
DA:2190,0
DA:2191,0
DA:2193,0
DA:2194,0
DA:2196,0
DA:2197,0
DA:2198,0
DA:2199,0
DA:2200,0
DA:2201,0
DA:2202,0
DA:2204,0
DA:2205,0
DA:2208,0
DA:2209,0
DA:2212,0
DA:2213,0
DA:2216,0
DA:2217,0
DA:2220,14
DA:2221,14
DA:2222,14
DA:2223,12
DA:2225,14
DA:2226,14
DA:2227,14
DA:2228,14
DA:2229,14
DA:2230,14
DA:2232,0
DA:2233,0
DA:2236,0
DA:2237,0
DA:2240,0
DA:2241,0
DA:2244,0
DA:2245,0
DA:2248,0
DA:2249,0
DA:2252,0
DA:2253,0
DA:2256,0
DA:2257,0
DA:2260,371
DA:2261,371
DA:2264,385
DA:2270,385
DA:2271,385
DA:2272,385
DA:2273,257
DA:2274,257
DA:2275,257
DA:2276,14
DA:2278,243
DA:2280,257
DA:2281,14
DA:2282,14
DA:2283,14
DA:2285,243
DA:2286,243
DA:2289,128
DA:2290,128
DA:2293,385
DA:2299,34
DA:2300,34
DA:2301,34
DA:2302,34
DA:2303,34
DA:2304,21
DA:2306,34
DA:2307,34
DA:2308,34
DA:2309,34
DA:2310,34
DA:2311,23
DA:2313,34
DA:2314,34
DA:2315,34
DA:2316,34
DA:2317,34
DA:2318,34
DA:2320,0
DA:2321,0
DA:2324,0
DA:2325,0
DA:2328,0
DA:2329,0
DA:2332,0
DA:2333,0
DA:2336,0
DA:2337,0
DA:2340,34
DA:2346,371
DA:2347,371
DA:2348,371
DA:2349,312
DA:2351,371
DA:2352,76
DA:2353,76
DA:2355,371
DA:2357,371
DA:2363,371
DA:2364,371
DA:2365,371
DA:2366,371
DA:2367,59
DA:2368,59
DA:2370,312
DA:2371,312
DA:2373,371
DA:2374,59
DA:2375,63
DA:2376,63
DA:2377,4
DA:2378,4
DA:2380,59
DA:2381,59
DA:2385,312
DA:2387,371
DA:2388,59
DA:2390,312
DA:2392,371
DA:2393,59
DA:2394,59
DA:2396,371
DA:2398,371
DA:2404,312
DA:2405,312
DA:2406,17
DA:2407,17
DA:2409,295
DA:2410,295
DA:2412,312
DA:2413,17
DA:2414,17
DA:2415,17
DA:2416,17
DA:2417,17
DA:2419,0
DA:2420,0
DA:2422,17
DA:2423,21
DA:2424,21
DA:2425,4
DA:2426,4
DA:2428,17
DA:2429,17
DA:2432,17
DA:2433,17
DA:2435,0
DA:2437,17
DA:2438,17
DA:2439,17
DA:2440,17
DA:2442,0
DA:2443,0
DA:2445,17
DA:2446,17
DA:2447,17
DA:2448,17
DA:2450,0
DA:2451,0
DA:2454,0
DA:2455,0
DA:2458,295
DA:2459,295
DA:2462,312
DA:2468,295
DA:2469,295
DA:2470,295
DA:2471,295
DA:2472,261
DA:2473,261
DA:2474,62
DA:2476,261
DA:2477,261
DA:2478,3
DA:2479,3
DA:2481,258
DA:2482,258
DA:2484,261
DA:2485,3
DA:2486,3
DA:2487,0
DA:2489,3
DA:2490,3
DA:2491,3
DA:2493,0
DA:2494,0
DA:2497,258
DA:2498,258
DA:2501,0
DA:2502,0
DA:2505,34
DA:2506,34
DA:2508,295
DA:2509,292
DA:2511,295
DA:2512,295
DA:2513,295
DA:2514,261
DA:2515,261
DA:2516,261
DA:2518,34
DA:2519,34
DA:2522,0
DA:2523,0
DA:2526,295
DA:2532,590
DA:2533,590
DA:2534,557
DA:2537,590
DA:2543,590
DA:2544,590
DA:2545,33
DA:2546,33
DA:2548,557
DA:2549,557
DA:2551,590
DA:2552,33
DA:2553,33
DA:2554,33
DA:2555,33
DA:2556,33
DA:2558,0
DA:2559,0
DA:2561,33
DA:2562,33
DA:2563,45
DA:2564,45
DA:2565,12
DA:2566,12
DA:2568,33
DA:2569,33
DA:2573,0
DA:2575,33
DA:2576,33
DA:2578,0
DA:2580,33
DA:2581,33
DA:2582,33
DA:2583,33
DA:2585,0
DA:2586,0
DA:2588,33
DA:2589,33
DA:2590,33
DA:2591,33
DA:2593,0
DA:2594,0
DA:2597,0
DA:2598,0
DA:2601,557
DA:2602,557
DA:2605,590
DA:2611,942
DA:2612,942
DA:2613,942
DA:2614,942
DA:2615,746
DA:2616,746
DA:2618,196
DA:2619,196
DA:2621,942
DA:2622,746
DA:2623,746
DA:2624,20
DA:2625,20
DA:2627,726
DA:2628,726
DA:2630,746
DA:2631,64
DA:2632,64
DA:2633,44
DA:2634,44
DA:2636,20
DA:2637,20
DA:2640,746
DA:2641,746
DA:2642,746
DA:2644,0
DA:2645,0
DA:2648,196
DA:2649,196
DA:2651,942
DA:2652,746
DA:2654,196
DA:2656,942
DA:2657,746
DA:2658,746
DA:2659,746
DA:2660,0
DA:2662,746
DA:2664,746
DA:2665,746
DA:2666,746
DA:2667,746
DA:2669,0
DA:2670,0
DA:2673,196
DA:2674,196
DA:2677,942
DA:2683,3679
DA:2684,3679
DA:2685,3679
DA:2686,3679
DA:2687,2363
DA:2688,2363
DA:2690,1316
DA:2691,1316
DA:2693,3679
DA:2694,2363
DA:2695,2887
DA:2696,2887
DA:2697,524
DA:2698,524
DA:2700,2363
DA:2701,2363
DA:2705,1316
DA:2707,3679
DA:2708,2363
DA:2710,1316
DA:2712,3679
DA:2713,3679
DA:2714,1316
DA:2715,1316
DA:2718,3679
DA:2724,48
DA:2725,48
DA:2726,48
DA:2727,48
DA:2729,0
DA:2730,0
DA:2732,48
DA:2733,48
DA:2734,0
DA:2735,0
DA:2738,48
DA:2744,48
DA:2745,48
DA:2746,48
DA:2747,48
DA:2749,0
DA:2750,0
DA:2752,48
DA:2753,48
DA:2754,0
DA:2755,0
DA:2758,48
DA:2764,220
DA:2765,2
DA:2766,2
DA:2768,218
DA:2769,218
DA:2771,220
DA:2772,218
DA:2773,0
DA:2774,0
DA:2776,218
DA:2777,218
DA:2779,218
DA:2780,218
DA:2781,0
DA:2782,0
DA:2784,218
DA:2785,218
DA:2787,218
DA:2788,218
DA:2789,0
DA:2790,0
DA:2792,218
DA:2793,218
DA:2795,218
DA:2796,218
DA:2797,0
DA:2798,0
DA:2800,218
DA:2801,218
DA:2803,218
DA:2804,218
DA:2805,22
DA:2806,22
DA:2808,196
DA:2809,196
DA:2817,220
DA:2823,0
DA:2824,0
DA:2825,0
DA:2827,0
DA:2828,0
DA:2830,0
DA:2831,0
DA:2832,0
DA:2833,0
DA:2835,0
DA:2836,0
DA:2840,0
DA:2846,0
DA:2847,0
DA:2848,0
DA:2850,0
DA:2851,0
DA:2853,0
DA:2854,0
DA:2855,0
DA:2856,0
DA:2858,0
DA:2859,0
DA:2863,0
DA:2869,138
DA:2870,37
DA:2871,37
DA:2873,101
DA:2874,101
DA:2877,138
DA:2883,182
DA:2884,44
DA:2885,44
DA:2887,138
DA:2888,138
DA:2891,182
DA:2897,349
DA:2898,22
DA:2899,22
DA:2901,327
DA:2902,327
DA:2905,349
DA:2911,196
DA:2912,8
DA:2913,8
DA:2915,188
DA:2916,188
DA:2919,196
DA:2925,160
DA:2926,0
DA:2927,0
DA:2929,160
DA:2930,160
DA:2933,160
DA:2939,0
DA:2940,0
DA:2941,0
DA:2943,0
DA:2944,0
DA:2947,0
DA:2953,0
DA:2954,0
DA:2955,0
DA:2957,0
DA:2958,0
DA:2961,0
DA:2967,0
DA:2968,0
DA:2969,0
DA:2971,0
DA:2972,0
DA:2975,0
DA:2981,0
DA:2982,0
DA:2983,0
DA:2985,0
DA:2986,0
DA:2989,0
DA:2995,0
DA:2996,0
DA:2997,0
DA:2999,0
DA:3000,0
DA:3003,0
DA:3009,0
DA:3010,0
DA:3011,0
DA:3013,0
DA:3014,0
DA:3017,0
DA:3023,0
DA:3024,0
DA:3025,0
DA:3027,0
DA:3028,0
DA:3031,0
DA:3037,0
DA:3038,0
DA:3039,0
DA:3041,0
DA:3042,0
DA:3045,0
DA:3051,0
DA:3052,0
DA:3053,0
DA:3055,0
DA:3056,0
DA:3059,0
DA:3065,0
DA:3066,0
DA:3067,0
DA:3069,0
DA:3070,0
DA:3073,0
DA:3079,468
DA:3080,56
DA:3081,56
DA:3083,412
DA:3084,412
DA:3087,468
DA:3093,88
DA:3094,32
DA:3095,32
DA:3097,56
DA:3098,56
DA:3101,88
DA:3107,32
DA:3108,32
DA:3109,32
DA:3111,0
DA:3112,0
DA:3115,32
DA:3121,32
DA:3122,8
DA:3123,8
DA:3125,24
DA:3126,24
DA:3129,32
DA:3135,32
DA:3136,32
DA:3137,32
DA:3139,0
DA:3140,0
DA:3143,32
DA:3148,0
DA:3149,0
DA:3153,0
DA:3154,0
DA:3158,0
DA:3159,0
DA:3162,0
DA:3163,0
DA:3167,0
DA:3171,0
DA:3175,0
DA:3179,0
DA:3183,0
DA:3187,0
DA:3191,0
DA:3192,0
DA:3196,155
DA:3197,155
DA:3201,0
DA:3205,155
DA:3213,0
DA:3214,0
DA:3216,0
DA:3224,0
DA:3228,126
DA:3234,126
DA:3236,126
DA:3237,126
DA:3239,0
DA:3240,0
DA:3243,0
DA:3253,7
DA:3259,7
DA:3260,126
DA:3264,7
LF:1850
LH:1023
BRDA:29,0,0,0
BRDA:29,0,1,0
BRDA:47,1,0,0
BRDA:47,1,1,0
BRDA:52,2,0,0
BRDA:52,2,1,0
BRDA:112,3,0,0
BRDA:112,3,1,0
BRDA:114,4,0,0
BRDA:114,4,1,0
BRDA:122,5,0,0
BRDA:122,5,1,0
BRDA:122,5,2,0
BRDA:137,6,0,0
BRDA:137,6,1,0
BRDA:144,7,0,0
BRDA:144,7,1,126
BRDA:221,8,0,205
BRDA:221,8,1,33
BRDA:230,9,0,241
BRDA:230,9,1,42
BRDA:247,10,0,319
BRDA:247,10,1,32
BRDA:258,11,0,700
BRDA:258,11,1,28
BRDA:269,12,0,762
BRDA:269,12,1,6
BRDA:283,13,0,4
BRDA:283,13,1,4
BRDA:284,14,0,4
BRDA:284,14,1,4
BRDA:288,15,0,4
BRDA:288,15,1,4
BRDA:289,16,0,4
BRDA:289,16,1,4
BRDA:299,17,0,4
BRDA:299,17,1,20
BRDA:300,18,0,4
BRDA:300,18,1,20
BRDA:305,19,0,4
BRDA:305,19,1,20
BRDA:306,20,0,4
BRDA:306,20,1,20
BRDA:327,21,0,14
BRDA:327,21,1,0
BRDA:330,22,0,0
BRDA:330,22,1,14
BRDA:331,23,0,4
BRDA:331,23,1,10
BRDA:332,24,0,2
BRDA:332,24,1,12
BRDA:337,25,0,14
BRDA:337,25,1,243
BRDA:474,26,0,0
BRDA:474,26,1,126
BRDA:475,27,0,0
BRDA:475,27,1,0
BRDA:491,28,0,0
BRDA:491,28,1,0
BRDA:501,29,0,0
BRDA:501,29,1,0
BRDA:529,30,0,0
BRDA:529,30,1,0
BRDA:544,31,0,0
BRDA:544,31,1,0
BRDA:578,32,0,1208
BRDA:578,32,1,6229
BRDA:580,33,0,936
BRDA:580,33,1,5293
BRDA:613,34,0,160
BRDA:613,34,1,0
BRDA:615,35,0,0
BRDA:615,35,1,160
BRDA:617,36,0,0
BRDA:617,36,1,0
BRDA:619,37,0,0
BRDA:619,37,1,0
BRDA:634,38,0,0
BRDA:634,38,1,160
BRDA:650,39,0,0
BRDA:650,39,1,160
BRDA:652,40,0,0
BRDA:652,40,1,0
BRDA:663,41,0,0
BRDA:663,41,1,160
BRDA:668,42,0,0
BRDA:668,42,1,160
BRDA:672,43,0,0
BRDA:672,43,1,0
BRDA:675,44,0,0
BRDA:675,44,1,0
BRDA:677,45,0,0
BRDA:677,45,1,0
BRDA:688,46,0,0
BRDA:688,46,1,0
BRDA:691,47,0,0
BRDA:691,47,1,0
BRDA:696,48,0,0
BRDA:696,48,1,0
BRDA:697,49,0,0
BRDA:697,49,1,0
BRDA:702,50,0,0
BRDA:702,50,1,0
BRDA:704,51,0,0
BRDA:704,51,1,0
BRDA:707,52,0,0
BRDA:707,52,1,0
BRDA:734,53,0,0
BRDA:734,53,1,0
BRDA:736,54,0,0
BRDA:736,54,1,0
BRDA:747,55,0,0
BRDA:747,55,1,0
BRDA:752,56,0,0
BRDA:752,56,1,0
BRDA:754,57,0,0
BRDA:754,57,1,0
BRDA:777,58,0,0
BRDA:777,58,1,0
BRDA:779,59,0,0
BRDA:779,59,1,0
BRDA:790,60,0,0
BRDA:790,60,1,0
BRDA:795,61,0,0
BRDA:795,61,1,0
BRDA:797,62,0,0
BRDA:797,62,1,0
BRDA:820,63,0,0
BRDA:820,63,1,0
BRDA:822,64,0,0
BRDA:822,64,1,0
BRDA:824,65,0,0
BRDA:824,65,1,0
BRDA:826,66,0,0
BRDA:826,66,1,0
BRDA:845,67,0,0
BRDA:845,67,1,0
BRDA:850,68,0,0
BRDA:850,68,1,0
BRDA:852,69,0,0
BRDA:852,69,1,0
BRDA:875,70,0,0
BRDA:875,70,1,0
BRDA:877,71,0,0
BRDA:877,71,1,0
BRDA:888,72,0,0
BRDA:888,72,1,0
BRDA:893,73,0,0
BRDA:893,73,1,0
BRDA:895,74,0,0
BRDA:895,74,1,0
BRDA:918,75,0,0
BRDA:918,75,1,0
BRDA:920,76,0,0
BRDA:920,76,1,0
BRDA:922,77,0,0
BRDA:922,77,1,0
BRDA:924,78,0,0
BRDA:924,78,1,0
BRDA:943,79,0,0
BRDA:943,79,1,0
BRDA:948,80,0,0
BRDA:948,80,1,0
BRDA:950,81,0,0
BRDA:950,81,1,0
BRDA:955,82,0,0
BRDA:955,82,1,0
BRDA:959,83,0,0
BRDA:959,83,1,0
BRDA:964,84,0,0
BRDA:964,84,1,0
BRDA:967,85,0,0
BRDA:967,85,1,0
BRDA:988,86,0,0
BRDA:988,86,1,0
BRDA:990,87,0,0
BRDA:990,87,1,0
BRDA:991,88,0,0
BRDA:991,88,1,0
BRDA:996,89,0,0
BRDA:996,89,1,0
BRDA:998,90,0,0
BRDA:998,90,1,0
BRDA:999,91,0,0
BRDA:999,91,1,0
BRDA:1004,92,0,0
BRDA:1004,92,1,0
BRDA:1007,93,0,0
BRDA:1007,93,1,0
BRDA:1034,94,0,0
BRDA:1034,94,1,0
BRDA:1036,95,0,0
BRDA:1036,95,1,0
BRDA:1047,96,0,0
BRDA:1047,96,1,0
BRDA:1052,97,0,0
BRDA:1052,97,1,0
BRDA:1054,98,0,0
BRDA:1054,98,1,0
BRDA:1077,99,0,0
BRDA:1077,99,1,0
BRDA:1079,100,0,0
BRDA:1079,100,1,0
BRDA:1081,101,0,0
BRDA:1081,101,1,0
BRDA:1083,102,0,0
BRDA:1083,102,1,0
BRDA:1102,103,0,0
BRDA:1102,103,1,0
BRDA:1107,104,0,0
BRDA:1107,104,1,0
BRDA:1109,105,0,0
BRDA:1109,105,1,0
BRDA:1129,106,0,206
BRDA:1129,106,1,32
BRDA:1141,107,0,238
BRDA:1141,107,1,0
BRDA:1145,108,0,129
BRDA:1145,108,1,109
BRDA:1147,109,0,33
BRDA:1147,109,1,96
BRDA:1149,110,0,33
BRDA:1149,110,1,0
BRDA:1151,111,0,33
BRDA:1151,111,1,0
BRDA:1174,112,0,9
BRDA:1174,112,1,28
BRDA:1176,113,0,4
BRDA:1176,113,1,5
BRDA:1178,114,0,4
BRDA:1178,114,1,0
BRDA:1180,115,0,4
BRDA:1180,115,1,0
BRDA:1200,116,0,238
BRDA:1200,116,1,0
BRDA:1221,117,0,283
BRDA:1221,117,1,0
BRDA:1225,118,0,168
BRDA:1225,118,1,115
BRDA:1227,119,0,42
BRDA:1227,119,1,126
BRDA:1229,120,0,42
BRDA:1229,120,1,0
BRDA:1231,121,0,42
BRDA:1231,121,1,0
BRDA:1254,122,0,14
BRDA:1254,122,1,30
BRDA:1256,123,0,2
BRDA:1256,123,1,12
BRDA:1258,124,0,2
BRDA:1258,124,1,0
BRDA:1260,125,0,2
BRDA:1260,125,1,0
BRDA:1280,126,0,283
BRDA:1280,126,1,0
BRDA:1301,127,0,22
BRDA:1301,127,1,327
BRDA:1303,128,0,22
BRDA:1303,128,1,0
BRDA:1305,129,0,0
BRDA:1305,129,1,22
BRDA:1308,130,0,22
BRDA:1308,130,1,0
BRDA:1324,131,0,327
BRDA:1324,131,1,22
BRDA:1336,132,0,351
BRDA:1336,132,1,0
BRDA:1340,133,0,214
BRDA:1340,133,1,137
BRDA:1342,134,0,24
BRDA:1342,134,1,190
BRDA:1344,135,0,24
BRDA:1344,135,1,0
BRDA:1346,136,0,0
BRDA:1346,136,1,24
BRDA:1349,137,0,24
BRDA:1349,137,1,0
BRDA:1368,138,0,327
BRDA:1368,138,1,24
BRDA:1371,139,0,190
BRDA:1371,139,1,137
BRDA:1373,140,0,8
BRDA:1373,140,1,182
BRDA:1375,141,0,8
BRDA:1375,141,1,0
BRDA:1377,142,0,0
BRDA:1377,142,1,8
BRDA:1380,143,0,8
BRDA:1380,143,1,0
BRDA:1404,144,0,6
BRDA:1404,144,1,26
BRDA:1406,145,0,0
BRDA:1406,145,1,6
BRDA:1408,146,0,0
BRDA:1408,146,1,0
BRDA:1410,147,0,0
BRDA:1410,147,1,0
BRDA:1413,148,0,0
BRDA:1413,148,1,0
BRDA:1432,149,0,32
BRDA:1432,149,1,0
BRDA:1435,150,0,6
BRDA:1435,150,1,26
BRDA:1437,151,0,0
BRDA:1437,151,1,6
BRDA:1439,152,0,0
BRDA:1439,152,1,0
BRDA:1441,153,0,0
BRDA:1441,153,1,0
BRDA:1444,154,0,0
BRDA:1444,154,1,0
BRDA:1465,155,0,351
BRDA:1465,155,1,0
BRDA:1486,156,0,351
BRDA:1486,156,1,0
BRDA:1490,157,0,234
BRDA:1490,157,1,117
BRDA:1491,158,0,26
BRDA:1491,158,1,208
BRDA:1496,159,0,208
BRDA:1496,159,1,0
BRDA:1498,160,0,26
BRDA:1498,160,1,208
BRDA:1500,161,0,26
BRDA:1500,161,1,0
BRDA:1502,162,0,26
BRDA:1502,162,1,0
BRDA:1525,163,0,6
BRDA:1525,163,1,20
BRDA:1526,164,0,0
BRDA:1526,164,1,6
BRDA:1531,165,0,6
BRDA:1531,165,1,0
BRDA:1533,166,0,0
BRDA:1533,166,1,6
BRDA:1535,167,0,0
BRDA:1535,167,1,0
BRDA:1537,168,0,0
BRDA:1537,168,1,0
BRDA:1557,169,0,351
BRDA:1557,169,1,0
BRDA:1578,170,0,377
BRDA:1578,170,1,0
BRDA:1582,171,0,242
BRDA:1582,171,1,135
BRDA:1583,172,0,2
BRDA:1583,172,1,240
BRDA:1588,173,0,240
BRDA:1588,173,1,0
BRDA:1590,174,0,2
BRDA:1590,174,1,240
BRDA:1592,175,0,2
BRDA:1592,175,1,0
BRDA:1594,176,0,2
BRDA:1594,176,1,0
BRDA:1617,177,0,0
BRDA:1617,177,1,2
BRDA:1618,178,0,0
BRDA:1618,178,1,0
BRDA:1623,179,0,0
BRDA:1623,179,1,0
BRDA:1625,180,0,0
BRDA:1625,180,1,0
BRDA:1627,181,0,0
BRDA:1627,181,1,0
BRDA:1629,182,0,0
BRDA:1629,182,1,0
BRDA:1649,183,0,377
BRDA:1649,183,1,0
BRDA:1670,184,0,383
BRDA:1670,184,1,0
BRDA:1674,185,0,246
BRDA:1674,185,1,137
BRDA:1675,186,0,4
BRDA:1675,186,1,242
BRDA:1680,187,0,242
BRDA:1680,187,1,0
BRDA:1682,188,0,4
BRDA:1682,188,1,242
BRDA:1684,189,0,4
BRDA:1684,189,1,0
BRDA:1686,190,0,0
BRDA:1686,190,1,4
BRDA:1689,191,0,4
BRDA:1689,191,1,0
BRDA:1712,192,0,0
BRDA:1712,192,1,4
BRDA:1713,193,0,0
BRDA:1713,193,1,0
BRDA:1718,194,0,0
BRDA:1718,194,1,0
BRDA:1720,195,0,0
BRDA:1720,195,1,0
BRDA:1722,196,0,0
BRDA:1722,196,1,0
BRDA:1724,197,0,0
BRDA:1724,197,1,0
BRDA:1727,198,0,0
BRDA:1727,198,1,0
BRDA:1747,199,0,383
BRDA:1747,199,1,0
BRDA:1768,200,0,385
BRDA:1768,200,1,0
BRDA:1772,201,0,248
BRDA:1772,201,1,137
BRDA:1773,202,0,2
BRDA:1773,202,1,246
BRDA:1778,203,0,246
BRDA:1778,203,1,0
BRDA:1780,204,0,2
BRDA:1780,204,1,246
BRDA:1782,205,0,2
BRDA:1782,205,1,0
BRDA:1784,206,0,0
BRDA:1784,206,1,2
BRDA:1787,207,0,2
BRDA:1787,207,1,0
BRDA:1810,208,0,0
BRDA:1810,208,1,2
BRDA:1811,209,0,0
BRDA:1811,209,1,0
BRDA:1816,210,0,0
BRDA:1816,210,1,0
BRDA:1818,211,0,0
BRDA:1818,211,1,0
BRDA:1820,212,0,0
BRDA:1820,212,1,0
BRDA:1822,213,0,0
BRDA:1822,213,1,0
BRDA:1825,214,0,0
BRDA:1825,214,1,0
BRDA:1845,215,0,385
BRDA:1845,215,1,0
BRDA:1865,216,0,371
BRDA:1865,216,1,14
BRDA:1867,217,0,295
BRDA:1867,217,1,76
BRDA:1869,218,0,34
BRDA:1869,218,1,261
BRDA:1882,219,0,230
BRDA:1882,219,1,8
BRDA:1894,220,0,32
BRDA:1894,220,1,206
BRDA:1896,221,0,32
BRDA:1896,221,1,0
BRDA:1899,222,0,8
BRDA:1899,222,1,24
BRDA:1907,223,0,8
BRDA:1907,223,1,24
BRDA:1910,224,0,8
BRDA:1910,224,1,0
BRDA:1912,225,0,4
BRDA:1912,225,1,4
BRDA:1914,226,0,4
BRDA:1914,226,1,0
BRDA:1916,227,0,4
BRDA:1916,227,1,0
BRDA:1935,228,0,4
BRDA:1935,228,1,4
BRDA:1938,229,0,8
BRDA:1938,229,1,0
BRDA:1940,230,0,8
BRDA:1940,230,1,0
BRDA:1942,231,0,8
BRDA:1942,231,1,0
BRDA:1979,232,0,24
BRDA:1979,232,1,206
BRDA:1981,233,0,24
BRDA:1981,233,1,0
BRDA:1983,234,0,24
BRDA:1983,234,1,0
BRDA:1985,235,0,24
BRDA:1985,235,1,0
BRDA:1988,236,0,24
BRDA:1988,236,1,0
BRDA:1996,237,0,24
BRDA:1996,237,1,0
BRDA:1999,238,0,24
BRDA:1999,238,1,0
BRDA:2001,239,0,4
BRDA:2001,239,1,20
BRDA:2003,240,0,4
BRDA:2003,240,1,0
BRDA:2005,241,0,4
BRDA:2005,241,1,0
BRDA:2024,242,0,20
BRDA:2024,242,1,4
BRDA:2027,243,0,24
BRDA:2027,243,1,0
BRDA:2029,244,0,24
BRDA:2029,244,1,0
BRDA:2031,245,0,24
BRDA:2031,245,1,0
BRDA:2076,246,0,32
BRDA:2076,246,1,56
BRDA:2078,247,0,32
BRDA:2078,247,1,0
BRDA:2080,248,0,32
BRDA:2080,248,1,0
BRDA:2082,249,0,32
BRDA:2082,249,1,0
BRDA:2084,250,0,32
BRDA:2084,250,1,0
BRDA:2086,251,0,32
BRDA:2086,251,1,0
BRDA:2088,252,0,32
BRDA:2088,252,1,0
BRDA:2129,253,0,14
BRDA:2129,253,1,371
BRDA:2131,254,0,14
BRDA:2131,254,1,0
BRDA:2134,255,0,14
BRDA:2134,255,1,0
BRDA:2136,256,0,14
BRDA:2136,256,1,0
BRDA:2138,257,0,10
BRDA:2138,257,1,4
BRDA:2141,258,0,14
BRDA:2141,258,1,0
BRDA:2143,259,0,14
BRDA:2143,259,1,0
BRDA:2147,260,0,12
BRDA:2147,260,1,2
BRDA:2150,261,0,14
BRDA:2150,261,1,0
BRDA:2151,262,0,0
BRDA:2151,262,1,14
BRDA:2156,263,0,14
BRDA:2156,263,1,0
BRDA:2158,264,0,0
BRDA:2158,264,1,14
BRDA:2160,265,0,0
BRDA:2160,265,1,0
BRDA:2162,266,0,0
BRDA:2162,266,1,0
BRDA:2185,267,0,0
BRDA:2185,267,1,0
BRDA:2188,268,0,0
BRDA:2188,268,1,0
BRDA:2189,269,0,0
BRDA:2189,269,1,0
BRDA:2194,270,0,0
BRDA:2194,270,1,0
BRDA:2196,271,0,0
BRDA:2196,271,1,0
BRDA:2198,272,0,0
BRDA:2198,272,1,0
BRDA:2200,273,0,0
BRDA:2200,273,1,0
BRDA:2220,274,0,14
BRDA:2220,274,1,0
BRDA:2222,275,0,12
BRDA:2222,275,1,2
BRDA:2225,276,0,14
BRDA:2225,276,1,0
BRDA:2227,277,0,14
BRDA:2227,277,1,0
BRDA:2272,278,0,257
BRDA:2272,278,1,128
BRDA:2275,279,0,14
BRDA:2275,279,1,243
BRDA:2280,280,0,14
BRDA:2280,280,1,243
BRDA:2301,281,0,34
BRDA:2301,281,1,0
BRDA:2303,282,0,21
BRDA:2303,282,1,13
BRDA:2306,283,0,34
BRDA:2306,283,1,0
BRDA:2308,284,0,34
BRDA:2308,284,1,0
BRDA:2310,285,0,23
BRDA:2310,285,1,11
BRDA:2313,286,0,34
BRDA:2313,286,1,0
BRDA:2315,287,0,34
BRDA:2315,287,1,0
BRDA:2348,288,0,312
BRDA:2348,288,1,59
BRDA:2351,289,0,76
BRDA:2351,289,1,295
BRDA:2366,290,0,59
BRDA:2366,290,1,312
BRDA:2371,291,0,312
BRDA:2371,291,1,0
BRDA:2373,292,0,59
BRDA:2373,292,1,312
BRDA:2376,293,0,4
BRDA:2376,293,1,59
BRDA:2381,294,0,59
BRDA:2381,294,1,0
BRDA:2387,295,0,59
BRDA:2387,295,1,312
BRDA:2392,296,0,59
BRDA:2392,296,1,312
BRDA:2405,297,0,17
BRDA:2405,297,1,295
BRDA:2410,298,0,295
BRDA:2410,298,1,0
BRDA:2412,299,0,17
BRDA:2412,299,1,295
BRDA:2415,300,0,17
BRDA:2415,300,1,0
BRDA:2420,301,0,0
BRDA:2420,301,1,0
BRDA:2424,302,0,4
BRDA:2424,302,1,17
BRDA:2429,303,0,17
BRDA:2429,303,1,0
BRDA:2432,304,0,17
BRDA:2432,304,1,0
BRDA:2437,305,0,17
BRDA:2437,305,1,0
BRDA:2438,306,0,17
BRDA:2438,306,1,0
BRDA:2443,307,0,0
BRDA:2443,307,1,0
BRDA:2445,308,0,17
BRDA:2445,308,1,0
BRDA:2471,309,0,261
BRDA:2471,309,1,34
BRDA:2473,310,0,62
BRDA:2473,310,1,199
BRDA:2476,311,0,261
BRDA:2476,311,1,0
BRDA:2477,312,0,3
BRDA:2477,312,1,258
BRDA:2482,313,0,258
BRDA:2482,313,1,0
BRDA:2484,314,0,3
BRDA:2484,314,1,258
BRDA:2486,315,0,0
BRDA:2486,315,1,3
BRDA:2489,316,0,3
BRDA:2489,316,1,0
BRDA:2508,317,0,292
BRDA:2508,317,1,3
BRDA:2511,318,0,295
BRDA:2511,318,1,0
BRDA:2513,319,0,261
BRDA:2513,319,1,34
BRDA:2533,320,0,557
BRDA:2533,320,1,33
BRDA:2544,321,0,33
BRDA:2544,321,1,557
BRDA:2549,322,0,557
BRDA:2549,322,1,0
BRDA:2551,323,0,33
BRDA:2551,323,1,557
BRDA:2554,324,0,33
BRDA:2554,324,1,0
BRDA:2559,325,0,0
BRDA:2559,325,1,0
BRDA:2561,326,0,33
BRDA:2561,326,1,0
BRDA:2564,327,0,12
BRDA:2564,327,1,33
BRDA:2569,328,0,33
BRDA:2569,328,1,0
BRDA:2575,329,0,33
BRDA:2575,329,1,0
BRDA:2580,330,0,33
BRDA:2580,330,1,0
BRDA:2581,331,0,33
BRDA:2581,331,1,0
BRDA:2586,332,0,0
BRDA:2586,332,1,0
BRDA:2588,333,0,33
BRDA:2588,333,1,0
BRDA:2614,334,0,746
BRDA:2614,334,1,196
BRDA:2619,335,0,196
BRDA:2619,335,1,0
BRDA:2621,336,0,746
BRDA:2621,336,1,196
BRDA:2623,337,0,20
BRDA:2623,337,1,726
BRDA:2628,338,0,726
BRDA:2628,338,1,0
BRDA:2632,339,0,44
BRDA:2632,339,1,20
BRDA:2637,340,0,20
BRDA:2637,340,1,0
BRDA:2640,341,0,746
BRDA:2640,341,1,0
BRDA:2651,342,0,746
BRDA:2651,342,1,196
BRDA:2656,343,0,746
BRDA:2656,343,1,196
BRDA:2659,344,0,0
BRDA:2659,344,1,746
BRDA:2664,345,0,746
BRDA:2664,345,1,0
BRDA:2686,346,0,2363
BRDA:2686,346,1,1316
BRDA:2691,347,0,0
BRDA:2691,347,1,1316
BRDA:2693,348,0,2363
BRDA:2693,348,1,1316
BRDA:2696,349,0,524
BRDA:2696,349,1,2363
BRDA:2701,350,0,0
BRDA:2701,350,1,2363
BRDA:2707,351,0,2363
BRDA:2707,351,1,1316
BRDA:2713,352,0,1316
BRDA:2713,352,1,2363
BRDA:2715,353,0,1316
BRDA:2715,353,1,0
BRDA:2725,354,0,48
BRDA:2725,354,1,0
BRDA:2730,355,0,0
BRDA:2730,355,1,0
BRDA:2733,356,0,0
BRDA:2733,356,1,48
BRDA:2735,357,0,0
BRDA:2735,357,1,0
BRDA:2745,358,0,48
BRDA:2745,358,1,0
BRDA:2750,359,0,0
BRDA:2750,359,1,0
BRDA:2753,360,0,0
BRDA:2753,360,1,48
BRDA:2755,361,0,0
BRDA:2755,361,1,0
BRDA:2764,362,0,2
BRDA:2764,362,1,218
BRDA:2769,363,0,218
BRDA:2769,363,1,0
BRDA:2771,364,0,218
BRDA:2771,364,1,2
BRDA:2772,365,0,0
BRDA:2772,365,1,218
BRDA:2777,366,0,218
BRDA:2777,366,1,0
BRDA:2779,367,0,218
BRDA:2779,367,1,0
BRDA:2780,368,0,0
BRDA:2780,368,1,218
BRDA:2785,369,0,218
BRDA:2785,369,1,0
BRDA:2787,370,0,218
BRDA:2787,370,1,0
BRDA:2788,371,0,0
BRDA:2788,371,1,218
BRDA:2793,372,0,218
BRDA:2793,372,1,0
BRDA:2795,373,0,218
BRDA:2795,373,1,0
BRDA:2796,374,0,0
BRDA:2796,374,1,218
BRDA:2801,375,0,218
BRDA:2801,375,1,0
BRDA:2803,376,0,218
BRDA:2803,376,1,0
BRDA:2804,377,0,22
BRDA:2804,377,1,196
BRDA:2809,378,0,196
BRDA:2809,378,1,0
BRDA:2823,379,0,0
BRDA:2823,379,1,0
BRDA:2828,380,0,0
BRDA:2828,380,1,0
BRDA:2830,381,0,0
BRDA:2830,381,1,0
BRDA:2831,382,0,0
BRDA:2831,382,1,0
BRDA:2836,383,0,0
BRDA:2836,383,1,0
BRDA:2846,384,0,0
BRDA:2846,384,1,0
BRDA:2851,385,0,0
BRDA:2851,385,1,0
BRDA:2853,386,0,0
BRDA:2853,386,1,0
BRDA:2854,387,0,0
BRDA:2854,387,1,0
BRDA:2859,388,0,0
BRDA:2859,388,1,0
BRDA:2869,389,0,37
BRDA:2869,389,1,101
BRDA:2874,390,0,101
BRDA:2874,390,1,0
BRDA:2883,391,0,44
BRDA:2883,391,1,138
BRDA:2888,392,0,138
BRDA:2888,392,1,0
BRDA:2897,393,0,22
BRDA:2897,393,1,327
BRDA:2902,394,0,327
BRDA:2902,394,1,0
BRDA:2911,395,0,8
BRDA:2911,395,1,188
BRDA:2916,396,0,188
BRDA:2916,396,1,0
BRDA:2925,397,0,0
BRDA:2925,397,1,160
BRDA:2930,398,0,160
BRDA:2930,398,1,0
BRDA:2939,399,0,0
BRDA:2939,399,1,0
BRDA:2944,400,0,0
BRDA:2944,400,1,0
BRDA:2953,401,0,0
BRDA:2953,401,1,0
BRDA:2958,402,0,0
BRDA:2958,402,1,0
BRDA:2967,403,0,0
BRDA:2967,403,1,0
BRDA:2972,404,0,0
BRDA:2972,404,1,0
BRDA:2981,405,0,0
BRDA:2981,405,1,0
BRDA:2986,406,0,0
BRDA:2986,406,1,0
BRDA:2995,407,0,0
BRDA:2995,407,1,0
BRDA:3000,408,0,0
BRDA:3000,408,1,0
BRDA:3009,409,0,0
BRDA:3009,409,1,0
BRDA:3014,410,0,0
BRDA:3014,410,1,0
BRDA:3023,411,0,0
BRDA:3023,411,1,0
BRDA:3028,412,0,0
BRDA:3028,412,1,0
BRDA:3037,413,0,0
BRDA:3037,413,1,0
BRDA:3042,414,0,0
BRDA:3042,414,1,0
BRDA:3051,415,0,0
BRDA:3051,415,1,0
BRDA:3056,416,0,0
BRDA:3056,416,1,0
BRDA:3065,417,0,0
BRDA:3065,417,1,0
BRDA:3070,418,0,0
BRDA:3070,418,1,0
BRDA:3079,419,0,56
BRDA:3079,419,1,412
BRDA:3084,420,0,412
BRDA:3084,420,1,0
BRDA:3093,421,0,32
BRDA:3093,421,1,56
BRDA:3098,422,0,56
BRDA:3098,422,1,0
BRDA:3107,423,0,32
BRDA:3107,423,1,0
BRDA:3112,424,0,0
BRDA:3112,424,1,0
BRDA:3121,425,0,8
BRDA:3121,425,1,24
BRDA:3126,426,0,24
BRDA:3126,426,1,0
BRDA:3135,427,0,32
BRDA:3135,427,1,0
BRDA:3140,428,0,0
BRDA:3140,428,1,0
BRDA:3148,429,0,0
BRDA:3148,429,1,0
BRDA:3153,430,0,0
BRDA:3153,430,1,0
BRDA:3158,431,0,0
BRDA:3158,431,1,0
BRDA:3162,432,0,0
BRDA:3162,432,1,0
BRDA:3196,433,0,0
BRDA:3196,433,1,155
BRDA:3213,434,0,0
BRDA:3213,434,1,0
BRDA:3228,435,0,126
BRDA:3228,435,1,126
BRDA:3236,436,0,126
BRDA:3236,436,1,0
BRDA:3236,437,0,126
BRDA:3236,437,1,126
BRDA:3239,438,0,0
BRDA:3239,438,1,0
BRDA:3239,439,0,0
BRDA:3239,439,1,0
BRDA:3245,440,0,0
BRDA:3245,440,1,0
BRDA:3246,441,0,0
BRDA:3246,441,1,0
BRF:885
BRH:395
end_of_record
TN:
SF:/Users/maggiebrewster/WebstormProjects/untitled2/druid-query-toolkit/src/query-result-decoder/query-result-decoder.ts
FN:15,isObject
FN:24,isAllGranularity
FN:34,shouldIncludeTimestamp
FN:38,isFirstRowHeader
FN:42,fromObjectArray
FN:48,(anonymous_5)
FN:48,(anonymous_6)
FN:52,normalizeQueryResult
FN:62,(anonymous_8)
FN:80,(anonymous_9)
FN:97,(anonymous_10)
FN:116,(anonymous_11)
FN:117,(anonymous_12)
FN:118,(anonymous_13)
FN:128,(anonymous_14)
FN:130,(anonymous_15)
FN:138,(anonymous_16)
FN:143,(anonymous_17)
FN:145,(anonymous_18)
FN:146,(anonymous_19)
FN:159,(anonymous_20)
FN:161,(anonymous_21)
FN:170,(anonymous_22)
FN:178,(anonymous_23)
FN:186,(anonymous_24)
FN:186,(anonymous_25)
FN:186,(anonymous_26)
FN:195,(anonymous_27)
FN:196,(anonymous_28)
FNF:29
FNH:24
FNDA:40,isObject
FNDA:0,isAllGranularity
FNDA:0,shouldIncludeTimestamp
FNDA:0,isFirstRowHeader
FNDA:1,fromObjectArray
FNDA:3,(anonymous_5)
FNDA:18,(anonymous_6)
FNDA:19,normalizeQueryResult
FNDA:0,(anonymous_8)
FNDA:0,(anonymous_9)
FNDA:4,(anonymous_10)
FNDA:1,(anonymous_11)
FNDA:3,(anonymous_12)
FNDA:9,(anonymous_13)
FNDA:5,(anonymous_14)
FNDA:9,(anonymous_15)
FNDA:6,(anonymous_16)
FNDA:13,(anonymous_17)
FNDA:21,(anonymous_18)
FNDA:48,(anonymous_19)
FNDA:6,(anonymous_20)
FNDA:16,(anonymous_21)
FNDA:2,(anonymous_22)
FNDA:1,(anonymous_23)
FNDA:1,(anonymous_24)
FNDA:3,(anonymous_25)
FNDA:9,(anonymous_26)
FNDA:1,(anonymous_27)
FNDA:3,(anonymous_28)
DA:16,40
DA:25,0
DA:26,0
DA:28,0
DA:29,0
DA:31,0
DA:34,6
DA:35,0
DA:38,6
DA:39,0
DA:43,1
DA:44,1
DA:45,1
DA:46,1
DA:48,18
DA:52,6
DA:57,19
DA:58,0
DA:59,0
DA:62,0
DA:64,0
DA:68,19
DA:69,19
DA:70,19
DA:72,19
DA:73,1
DA:74,1
DA:79,0
DA:80,0
DA:86,18
DA:87,0
DA:90,18
DA:91,12
DA:93,12
DA:95,7
DA:96,2
DA:97,4
DA:104,5
DA:110,1
DA:114,1
DA:117,1
DA:118,9
DA:125,4
DA:126,4
DA:129,5
DA:130,9
DA:131,5
DA:137,5
DA:138,6
DA:139,5
DA:140,5
DA:141,5
DA:144,13
DA:145,13
DA:146,48
DA:147,21
DA:155,6
DA:156,3
DA:157,3
DA:160,6
DA:161,16
DA:162,6
DA:168,3
DA:169,2
DA:170,2
DA:171,2
DA:172,2
DA:175,2
DA:176,1
DA:178,1
DA:183,1
DA:184,1
DA:186,9
DA:190,0
DA:194,1
DA:195,1
DA:196,3
DA:198,1
DA:202,0
DA:205,0
LF:80
LH:63
BRDA:25,0,0,0
BRDA:25,0,1,0
BRDA:28,1,0,0
BRDA:28,1,1,0
BRDA:28,2,0,0
BRDA:28,2,1,0
BRDA:35,3,0,0
BRDA:35,3,1,0
BRDA:39,4,0,0
BRDA:39,4,1,0
BRDA:44,5,0,0
BRDA:44,5,1,1
BRDA:48,6,0,0
BRDA:48,6,1,1
BRDA:57,7,0,0
BRDA:57,7,1,19
BRDA:68,8,0,19
BRDA:68,8,1,0
BRDA:70,9,0,0
BRDA:70,9,1,19
BRDA:72,10,0,1
BRDA:72,10,1,18
BRDA:73,11,0,1
BRDA:73,11,1,0
BRDA:86,12,0,0
BRDA:86,12,1,18
BRDA:90,13,0,12
BRDA:90,13,1,6
BRDA:90,14,0,18
BRDA:90,14,1,15
BRDA:93,15,0,7
BRDA:93,15,1,5
BRDA:95,16,0,2
BRDA:95,16,1,5
BRDA:104,17,0,1
BRDA:104,17,1,4
BRDA:105,18,0,5
BRDA:105,18,1,1
BRDA:105,18,2,1
BRDA:105,18,3,1
BRDA:127,19,0,1
BRDA:127,19,1,3
BRDA:131,20,0,2
BRDA:131,20,1,3
BRDA:137,21,0,5
BRDA:137,21,1,0
BRDA:139,22,0,0
BRDA:139,22,1,5
BRDA:142,23,0,2
BRDA:142,23,1,3
BRDA:147,24,0,9
BRDA:147,24,1,12
BRDA:155,25,0,3
BRDA:155,25,1,3
BRDA:155,26,0,6
BRDA:155,26,1,3
BRDA:158,27,0,1
BRDA:158,27,1,2
BRDA:162,28,0,2
BRDA:162,28,1,4
BRDA:168,29,0,2
BRDA:168,29,1,1
BRDA:168,30,0,3
BRDA:168,30,1,2
BRDA:171,31,0,0
BRDA:171,31,1,2
BRDA:175,32,0,1
BRDA:175,32,1,1
BRDA:183,33,0,1
BRDA:183,33,1,0
BRDA:194,34,0,1
BRDA:194,34,1,0
BRDA:194,35,0,1
BRDA:194,35,1,1
BRF:74
BRH:52
end_of_record
TN:
SF:/Users/maggiebrewster/WebstormProjects/untitled2/druid-query-toolkit/src/sql/index.ts
FNF:0
FNH:0
DA:15,7
DA:16,7
DA:17,7
DA:18,7
DA:19,7
DA:20,7
DA:21,7
DA:22,7
DA:23,7
LF:9
LH:9
BRF:0
BRH:0
end_of_record
TN:
SF:/Users/maggiebrewster/WebstormProjects/untitled2/druid-query-toolkit/src/sql/sql-base.ts
FN:26,(anonymous_0)
FN:58,SqlBase
FN:27,(anonymous_2)
FN:38,(anonymous_3)
FN:42,(anonymous_4)
FN:48,(anonymous_5)
FN:68,(anonymous_6)
FN:75,(anonymous_7)
FN:84,(anonymous_8)
FN:94,(anonymous_9)
FNF:10
FNH:10
FNDA:7,(anonymous_0)
FNDA:580,SqlBase
FNDA:347,(anonymous_2)
FNDA:49,(anonymous_3)
FNDA:34,(anonymous_4)
FNDA:34,(anonymous_5)
FNDA:15,(anonymous_6)
FNDA:34,(anonymous_7)
FNDA:2,(anonymous_8)
FNDA:259,(anonymous_9)
DA:26,7
DA:27,7
DA:28,347
DA:29,347
DA:30,347
DA:31,812
DA:32,812
DA:34,347
DA:37,7
DA:38,7
DA:39,49
DA:42,7
DA:43,34
DA:44,34
DA:45,34
DA:48,7
DA:49,34
DA:50,34
DA:51,34
DA:59,580
DA:60,580
DA:61,347
DA:63,580
DA:64,34
DA:68,7
DA:69,15
DA:70,15
DA:71,15
DA:72,15
DA:75,7
DA:76,34
DA:77,34
DA:81,34
DA:84,7
DA:85,2
DA:86,2
DA:87,2
DA:88,2
DA:89,2
DA:94,7
DA:95,259
DA:96,259
DA:97,259
DA:98,28
DA:99,14
DA:102,259
DA:104,7
LF:47
LH:47
BRDA:59,0,0,580
BRDA:59,0,1,0
BRDA:60,1,0,347
BRDA:60,1,1,233
BRDA:63,2,0,34
BRDA:63,2,1,546
BRDA:28,3,0,0
BRDA:28,3,1,347
BRDA:32,4,0,296
BRDA:32,4,1,516
BRDA:44,5,0,0
BRDA:44,5,1,34
BRDA:70,6,0,0
BRDA:70,6,1,15
BRDA:71,7,0,0
BRDA:71,7,1,15
BRDA:77,8,0,34
BRDA:77,8,1,32
BRDA:78,9,0,34
BRDA:78,9,1,21
BRDA:79,10,0,34
BRDA:79,10,1,23
BRDA:84,11,0,2
BRDA:84,11,1,0
BRDA:86,12,0,0
BRDA:86,12,1,2
BRDA:88,13,0,0
BRDA:88,13,1,2
BRDA:97,14,0,14
BRDA:97,14,1,245
BRF:30
BRH:22
end_of_record
TN:
SF:/Users/maggiebrewster/WebstormProjects/untitled2/druid-query-toolkit/src/sql/separator/separator.ts
FN:23,(anonymous_0)
FN:44,Separator
FN:28,(anonymous_2)
FN:35,(anonymous_3)
FN:50,(anonymous_4)
FNF:5
FNH:5
FNDA:7,(anonymous_0)
FNDA:147,Separator
FNDA:67,(anonymous_2)
FNDA:70,(anonymous_3)
FNDA:70,(anonymous_4)
DA:23,7
DA:28,7
DA:29,67
DA:30,0
DA:31,0
DA:34,67
DA:36,70
DA:40,67
DA:41,67
DA:45,147
DA:46,147
DA:47,147
DA:50,7
DA:51,70
DA:53,7
LF:15
LH:13
BRDA:45,0,0,147
BRDA:45,0,1,0
BRDA:46,1,0,147
BRDA:46,1,1,0
BRDA:29,2,0,0
BRDA:29,2,1,67
BRF:6
BRH:3
end_of_record
TN:
SF:/Users/maggiebrewster/WebstormProjects/untitled2/druid-query-toolkit/src/sql/sql-case-searched/sql-case-searched.ts
FN:41,(anonymous_0)
FN:58,SqlCaseSearched
FN:42,(anonymous_2)
FN:68,(anonymous_3)
FN:82,(anonymous_4)
FN:95,(anonymous_5)
FN:98,(anonymous_6)
FNF:7
FNH:5
FNDA:7,(anonymous_0)
FNDA:8,SqlCaseSearched
FNDA:0,(anonymous_2)
FNDA:0,(anonymous_3)
FNDA:4,(anonymous_4)
FNDA:4,(anonymous_5)
FNDA:4,(anonymous_6)
DA:15,7
DA:41,7
DA:42,7
DA:43,0
DA:59,8
DA:60,8
DA:61,8
DA:62,8
DA:63,8
DA:64,8
DA:65,8
DA:68,7
DA:69,0
DA:78,0
DA:79,0
DA:82,7
DA:84,4
DA:88,4
DA:89,2
DA:92,4
DA:95,7
DA:96,4
DA:99,4
DA:109,7
DA:111,7
LF:25
LH:21
BRDA:59,0,0,8
BRDA:59,0,1,8
BRDA:78,1,0,0
BRDA:78,1,1,0
BRDA:88,2,0,2
BRDA:88,2,1,2
BRDA:88,3,0,4
BRDA:88,3,1,2
BRF:8
BRH:6
end_of_record
TN:
SF:/Users/maggiebrewster/WebstormProjects/untitled2/druid-query-toolkit/src/sql/sql-case-simple/sql-case-simple.ts
FN:34,(anonymous_0)
FN:53,SqlCaseSimple
FN:35,(anonymous_2)
FN:64,(anonymous_3)
FN:79,(anonymous_4)
FN:94,(anonymous_5)
FN:97,(anonymous_6)
FNF:7
FNH:6
FNDA:7,(anonymous_0)
FNDA:36,SqlCaseSimple
FNDA:0,(anonymous_2)
FNDA:12,(anonymous_3)
FNDA:12,(anonymous_4)
FNDA:12,(anonymous_5)
FNDA:12,(anonymous_6)
DA:16,7
DA:34,7
DA:35,7
DA:36,0
DA:54,36
DA:55,36
DA:56,36
DA:57,36
DA:58,36
DA:59,36
DA:60,36
DA:61,36
DA:64,7
DA:65,12
DA:75,12
DA:76,12
DA:79,7
DA:81,12
DA:87,12
DA:88,2
DA:91,12
DA:94,7
DA:95,12
DA:98,12
DA:108,7
DA:110,7
LF:26
LH:25
BRDA:54,0,0,36
BRDA:54,0,1,36
BRDA:75,1,0,0
BRDA:75,1,1,12
BRDA:87,2,0,2
BRDA:87,2,1,10
BRDA:87,3,0,12
BRDA:87,3,1,2
BRF:8
BRH:7
end_of_record
TN:
SF:/Users/maggiebrewster/WebstormProjects/untitled2/druid-query-toolkit/src/sql/sql-function/sql-function.ts
FN:33,(anonymous_0)
FN:43,SqlFunction
FN:51,(anonymous_2)
FN:63,(anonymous_3)
FNF:4
FNH:4
FNDA:7,(anonymous_0)
FNDA:16,SqlFunction
FNDA:5,(anonymous_2)
FNDA:7,(anonymous_3)
DA:15,7
DA:16,7
DA:33,7
DA:44,16
DA:45,16
DA:46,16
DA:47,16
DA:48,16
DA:51,7
DA:52,5
DA:59,5
DA:60,5
DA:63,7
DA:65,7
DA:69,7
DA:70,0
DA:72,7
DA:74,7
DA:76,7
DA:78,7
LF:20
LH:19
BRDA:44,0,0,16
BRDA:44,0,1,16
BRDA:59,1,0,0
BRDA:59,1,1,5
BRDA:69,2,0,0
BRDA:69,2,1,7
BRDA:69,3,0,7
BRDA:69,3,1,0
BRF:8
BRH:5
end_of_record
TN:
SF:/Users/maggiebrewster/WebstormProjects/untitled2/druid-query-toolkit/src/sql/sql-literal/sql-literal.ts
FN:22,(anonymous_0)
FN:30,SqlLiteral
FN:23,(anonymous_2)
FN:36,(anonymous_3)
FNF:4
FNH:3
FNDA:7,(anonymous_0)
FNDA:76,SqlLiteral
FNDA:0,(anonymous_2)
FNDA:32,(anonymous_3)
DA:15,7
DA:22,7
DA:23,7
DA:24,0
DA:31,76
DA:32,76
DA:33,76
DA:36,7
DA:37,32
DA:39,7
DA:40,7
LF:11
LH:10
BRDA:31,0,0,76
BRDA:31,0,1,76
BRF:2
BRH:2
end_of_record
TN:
SF:/Users/maggiebrewster/WebstormProjects/untitled2/druid-query-toolkit/src/sql/sql-multi/sql-multi.ts
FN:24,(anonymous_0)
FN:33,SqlMulti
FN:25,(anonymous_2)
FN:40,(anonymous_3)
FN:51,(anonymous_4)
FNF:5
FNH:4
FNDA:7,(anonymous_0)
FNDA:157,SqlMulti
FNDA:0,(anonymous_2)
FNDA:26,(anonymous_3)
FNDA:67,(anonymous_4)
DA:15,7
DA:16,7
DA:24,7
DA:25,7
DA:26,0
DA:34,157
DA:35,157
DA:36,157
DA:37,157
DA:40,7
DA:41,26
DA:47,26
DA:48,26
DA:49,26
DA:51,7
DA:52,67
DA:54,7
DA:56,7
LF:18
LH:17
BRDA:34,0,0,157
BRDA:34,0,1,157
BRDA:47,1,0,0
BRDA:47,1,1,26
BRDA:48,2,0,2
BRDA:48,2,1,24
BRF:6
BRH:5
end_of_record
TN:
SF:/Users/maggiebrewster/WebstormProjects/untitled2/druid-query-toolkit/src/sql/sql-ref/sql-ref.ts
FN:24,(anonymous_0)
FN:34,SqlRef
FN:25,(anonymous_2)
FN:42,(anonymous_3)
FN:54,(anonymous_4)
FNF:5
FNH:5
FNDA:7,(anonymous_0)
FNDA:265,SqlRef
FNDA:128,(anonymous_2)
FNDA:72,(anonymous_3)
FNDA:127,(anonymous_4)
DA:15,7
DA:24,7
DA:25,7
DA:26,128
DA:35,265
DA:36,265
DA:37,265
DA:38,265
DA:39,265
DA:42,7
DA:43,72
DA:50,72
DA:51,72
DA:52,72
DA:54,7
DA:55,127
DA:56,127
DA:57,1
DA:65,127
DA:67,7
DA:68,7
LF:21
LH:21
BRDA:35,0,0,265
BRDA:35,0,1,265
BRDA:50,1,0,72
BRDA:50,1,1,0
BRDA:51,2,0,2
BRDA:51,2,1,70
BRDA:56,3,0,1
BRDA:56,3,1,126
BRDA:58,4,0,1
BRDA:58,4,1,0
BRF:10
BRH:8
end_of_record
TN:
SF:/Users/maggiebrewster/WebstormProjects/untitled2/druid-query-toolkit/src/sql/sql-unary/sql-unary.ts
FN:25,(anonymous_0)
FN:37,SqlUnary
FN:26,(anonymous_2)
FN:45,(anonymous_3)
FN:57,(anonymous_4)
FNF:5
FNH:4
FNDA:7,(anonymous_0)
FNDA:22,SqlUnary
FNDA:0,(anonymous_2)
FNDA:3,(anonymous_3)
FNDA:11,(anonymous_4)
DA:15,7
DA:25,7
DA:26,7
DA:27,0
DA:38,22
DA:39,22
DA:40,22
DA:41,22
DA:42,22
DA:45,7
DA:46,3
DA:53,3
DA:54,3
DA:57,7
DA:58,11
DA:60,7
DA:62,7
LF:17
LH:16
BRDA:38,0,0,22
BRDA:38,0,1,22
BRDA:53,1,0,0
BRDA:53,1,1,3
BRF:4
BRH:3
end_of_record
